{"/Users/thomaslie-gjeseth/Projects/barnehage-plan/apps/mobile/src/components/AddEquipmentItem.tsx": {"path":"/Users/thomaslie-gjeseth/Projects/barnehage-plan/apps/mobile/src/components/AddEquipmentItem.tsx","statementMap":{"0":{"start":{"line":16,"column":2},"end":{"line":38,"column":4}}},"fnMap":{"0":{"name":"AddEquipmentItem","decl":{"start":{"line":11,"column":24},"end":{"line":11,"column":40}},"loc":{"start":{"line":15,"column":26},"end":{"line":39,"column":1}},"line":15}},"branchMap":{"0":{"loc":{"start":{"line":30,"column":58},"end":{"line":30,"column":87}},"type":"binary-expr","locations":[{"start":{"line":30,"column":58},"end":{"line":30,"column":71}},{"start":{"line":30,"column":75},"end":{"line":30,"column":87}}],"line":30}},"s":{"0":0},"f":{"0":0},"b":{"0":[0,0]}}
,"/Users/thomaslie-gjeseth/Projects/barnehage-plan/apps/mobile/src/components/AssignmentModal.tsx": {"path":"/Users/thomaslie-gjeseth/Projects/barnehage-plan/apps/mobile/src/components/AssignmentModal.tsx","statementMap":{"0":{"start":{"line":31,"column":20},"end":{"line":31,"column":67}},"1":{"start":{"line":33,"column":23},"end":{"line":36,"column":3}},"2":{"start":{"line":34,"column":4},"end":{"line":34,"column":21}},"3":{"start":{"line":35,"column":4},"end":{"line":35,"column":14}},"4":{"start":{"line":38,"column":2},"end":{"line":111,"column":4}},"5":{"start":{"line":60,"column":29},"end":{"line":60,"column":47}},"6":{"start":{"line":76,"column":31},"end":{"line":76,"column":58}},"7":{"start":{"line":77,"column":33},"end":{"line":77,"column":67}},"8":{"start":{"line":79,"column":14},"end":{"line":98,"column":16}},"9":{"start":{"line":86,"column":33},"end":{"line":86,"column":55}}},"fnMap":{"0":{"name":"AssignmentModal","decl":{"start":{"line":22,"column":24},"end":{"line":22,"column":39}},"loc":{"start":{"line":30,"column":25},"end":{"line":112,"column":1}},"line":30},"1":{"name":"(anonymous_1)","decl":{"start":{"line":33,"column":23},"end":{"line":33,"column":24}},"loc":{"start":{"line":33,"column":50},"end":{"line":36,"column":3}},"line":33},"2":{"name":"(anonymous_2)","decl":{"start":{"line":60,"column":23},"end":{"line":60,"column":24}},"loc":{"start":{"line":60,"column":29},"end":{"line":60,"column":47}},"line":60},"3":{"name":"(anonymous_3)","decl":{"start":{"line":75,"column":25},"end":{"line":75,"column":26}},"loc":{"start":{"line":75,"column":37},"end":{"line":99,"column":13}},"line":75},"4":{"name":"(anonymous_4)","decl":{"start":{"line":86,"column":27},"end":{"line":86,"column":28}},"loc":{"start":{"line":86,"column":33},"end":{"line":86,"column":55}},"line":86}},"branchMap":{"0":{"loc":{"start":{"line":31,"column":20},"end":{"line":31,"column":67}},"type":"cond-expr","locations":[{"start":{"line":31,"column":45},"end":{"line":31,"column":55}},{"start":{"line":31,"column":58},"end":{"line":31,"column":67}}],"line":31},"1":{"loc":{"start":{"line":58,"column":16},"end":{"line":58,"column":65}},"type":"binary-expr","locations":[{"start":{"line":58,"column":16},"end":{"line":58,"column":46}},{"start":{"line":58,"column":50},"end":{"line":58,"column":65}}],"line":58},"2":{"loc":{"start":{"line":65,"column":18},"end":{"line":65,"column":98}},"type":"cond-expr","locations":[{"start":{"line":65,"column":51},"end":{"line":65,"column":79}},{"start":{"line":65,"column":82},"end":{"line":65,"column":98}}],"line":65},"3":{"loc":{"start":{"line":70,"column":15},"end":{"line":72,"column":15}},"type":"binary-expr","locations":[{"start":{"line":70,"column":15},"end":{"line":70,"column":45}},{"start":{"line":71,"column":16},"end":{"line":71,"column":63}}],"line":70},"4":{"loc":{"start":{"line":76,"column":31},"end":{"line":76,"column":58}},"type":"binary-expr","locations":[{"start":{"line":76,"column":31},"end":{"line":76,"column":45}},{"start":{"line":76,"column":49},"end":{"line":76,"column":58}}],"line":76},"5":{"loc":{"start":{"line":84,"column":20},"end":{"line":84,"column":49}},"type":"binary-expr","locations":[{"start":{"line":84,"column":20},"end":{"line":84,"column":30}},{"start":{"line":84,"column":34},"end":{"line":84,"column":49}}],"line":84},"6":{"loc":{"start":{"line":91,"column":22},"end":{"line":91,"column":82}},"type":"cond-expr","locations":[{"start":{"line":91,"column":35},"end":{"line":91,"column":63}},{"start":{"line":91,"column":66},"end":{"line":91,"column":82}}],"line":91},"7":{"loc":{"start":{"line":96,"column":19},"end":{"line":96,"column":80}},"type":"binary-expr","locations":[{"start":{"line":96,"column":19},"end":{"line":96,"column":29}},{"start":{"line":96,"column":33},"end":{"line":96,"column":80}}],"line":96}},"s":{"0":0,"1":0,"2":0,"3":0,"4":0,"5":0,"6":0,"7":0,"8":0,"9":0},"f":{"0":0,"1":0,"2":0,"3":0,"4":0},"b":{"0":[0,0],"1":[0,0],"2":[0,0],"3":[0,0],"4":[0,0],"5":[0,0],"6":[0,0],"7":[0,0]}}
,"/Users/thomaslie-gjeseth/Projects/barnehage-plan/apps/mobile/src/components/Avatar.tsx": {"path":"/Users/thomaslie-gjeseth/Projects/barnehage-plan/apps/mobile/src/components/Avatar.tsx","statementMap":{"0":{"start":{"line":12,"column":15},"end":{"line":61,"column":2}},"1":{"start":{"line":13,"column":22},"end":{"line":13,"column":23}},"2":{"start":{"line":14,"column":20},"end":{"line":14,"column":28}},"3":{"start":{"line":15,"column":22},"end":{"line":15,"column":57}},"4":{"start":{"line":17,"column":2},"end":{"line":31,"column":3}},"5":{"start":{"line":18,"column":4},"end":{"line":30,"column":6}},"6":{"start":{"line":33,"column":2},"end":{"line":56,"column":4}},"7":{"start":{"line":58,"column":2},"end":{"line":60,"column":47}}},"fnMap":{"0":{"name":"Avatar","decl":{"start":{"line":12,"column":29},"end":{"line":12,"column":35}},"loc":{"start":{"line":12,"column":106},"end":{"line":57,"column":1}},"line":12},"1":{"name":"(anonymous_1)","decl":{"start":{"line":57,"column":3},"end":{"line":57,"column":4}},"loc":{"start":{"line":57,"column":19},"end":{"line":61,"column":1}},"line":57}},"branchMap":{"0":{"loc":{"start":{"line":12,"column":48},"end":{"line":12,"column":57}},"type":"default-arg","locations":[{"start":{"line":12,"column":55},"end":{"line":12,"column":57}}],"line":12},"1":{"loc":{"start":{"line":12,"column":59},"end":{"line":12,"column":82}},"type":"default-arg","locations":[{"start":{"line":12,"column":73},"end":{"line":12,"column":82}}],"line":12},"2":{"loc":{"start":{"line":15,"column":22},"end":{"line":15,"column":57}},"type":"binary-expr","locations":[{"start":{"line":15,"column":22},"end":{"line":15,"column":30}},{"start":{"line":15,"column":34},"end":{"line":15,"column":57}}],"line":15},"3":{"loc":{"start":{"line":17,"column":2},"end":{"line":31,"column":3}},"type":"if","locations":[{"start":{"line":17,"column":2},"end":{"line":31,"column":3}},{"start":{},"end":{}}],"line":17},"4":{"loc":{"start":{"line":17,"column":6},"end":{"line":17,"column":31}},"type":"binary-expr","locations":[{"start":{"line":17,"column":6},"end":{"line":17,"column":15}},{"start":{"line":17,"column":19},"end":{"line":17,"column":31}}],"line":17},"5":{"loc":{"start":{"line":58,"column":9},"end":{"line":60,"column":46}},"type":"binary-expr","locations":[{"start":{"line":58,"column":9},"end":{"line":58,"column":40}},{"start":{"line":59,"column":9},"end":{"line":59,"column":32}},{"start":{"line":60,"column":9},"end":{"line":60,"column":46}}],"line":58}},"s":{"0":1,"1":4,"2":4,"3":4,"4":4,"5":4,"6":0,"7":0},"f":{"0":4,"1":0},"b":{"0":[0],"1":[0],"2":[4,3],"3":[4,0],"4":[4,3],"5":[0,0,0]},"_coverageSchema":"1a1c01bbd47fc00a2c39e90264f33305004495a9","hash":"f43a3661febd64dc72e01e6da8e194b4a3322ca5"}
,"/Users/thomaslie-gjeseth/Projects/barnehage-plan/apps/mobile/src/components/AvatarPicker.tsx": {"path":"/Users/thomaslie-gjeseth/Projects/barnehage-plan/apps/mobile/src/components/AvatarPicker.tsx","statementMap":{"0":{"start":{"line":14,"column":2},"end":{"line":36,"column":4}},"1":{"start":{"line":19,"column":10},"end":{"line":32,"column":17}},"2":{"start":{"line":21,"column":29},"end":{"line":21,"column":47}}},"fnMap":{"0":{"name":"AvatarPicker","decl":{"start":{"line":13,"column":24},"end":{"line":13,"column":36}},"loc":{"start":{"line":13,"column":88},"end":{"line":37,"column":1}},"line":13},"1":{"name":"(anonymous_1)","decl":{"start":{"line":18,"column":31},"end":{"line":18,"column":32}},"loc":{"start":{"line":19,"column":10},"end":{"line":32,"column":17}},"line":19},"2":{"name":"(anonymous_2)","decl":{"start":{"line":21,"column":23},"end":{"line":21,"column":24}},"loc":{"start":{"line":21,"column":29},"end":{"line":21,"column":47}},"line":21}},"branchMap":{"0":{"loc":{"start":{"line":24,"column":16},"end":{"line":26,"column":56}},"type":"cond-expr","locations":[{"start":{"line":25,"column":20},"end":{"line":25,"column":56}},{"start":{"line":26,"column":20},"end":{"line":26,"column":56}}],"line":24}},"s":{"0":0,"1":0,"2":0},"f":{"0":0,"1":0,"2":0},"b":{"0":[0,0]}}
,"/Users/thomaslie-gjeseth/Projects/barnehage-plan/apps/mobile/src/components/AvatarTransition.tsx": {"path":"/Users/thomaslie-gjeseth/Projects/barnehage-plan/apps/mobile/src/components/AvatarTransition.tsx","statementMap":{"0":{"start":{"line":16,"column":32},"end":{"line":16,"column":56}},"1":{"start":{"line":27,"column":17},"end":{"line":27,"column":36}},"2":{"start":{"line":30,"column":22},"end":{"line":30,"column":59}},"3":{"start":{"line":31,"column":28},"end":{"line":31,"column":65}},"4":{"start":{"line":32,"column":26},"end":{"line":32,"column":63}},"5":{"start":{"line":33,"column":23},"end":{"line":33,"column":60}},"6":{"start":{"line":34,"column":29},"end":{"line":34,"column":66}},"7":{"start":{"line":35,"column":27},"end":{"line":35,"column":64}},"8":{"start":{"line":36,"column":22},"end":{"line":36,"column":59}},"9":{"start":{"line":38,"column":2},"end":{"line":92,"column":9}},"10":{"start":{"line":41,"column":25},"end":{"line":41,"column":27}},"11":{"start":{"line":43,"column":4},"end":{"line":91,"column":7}},"12":{"start":{"line":88,"column":6},"end":{"line":90,"column":7}},"13":{"start":{"line":89,"column":8},"end":{"line":89,"column":21}},"14":{"start":{"line":96,"column":22},"end":{"line":96,"column":37}},"15":{"start":{"line":98,"column":2},"end":{"line":190,"column":4}}},"fnMap":{"0":{"name":"AvatarTransition","decl":{"start":{"line":18,"column":24},"end":{"line":18,"column":40}},"loc":{"start":{"line":26,"column":26},"end":{"line":191,"column":1}},"line":26},"1":{"name":"(anonymous_1)","decl":{"start":{"line":38,"column":12},"end":{"line":38,"column":13}},"loc":{"start":{"line":38,"column":18},"end":{"line":92,"column":3}},"line":38},"2":{"name":"(anonymous_2)","decl":{"start":{"line":87,"column":13},"end":{"line":87,"column":14}},"loc":{"start":{"line":87,"column":31},"end":{"line":91,"column":5}},"line":87}},"branchMap":{"0":{"loc":{"start":{"line":21,"column":2},"end":{"line":21,"column":29}},"type":"default-arg","locations":[{"start":{"line":21,"column":20},"end":{"line":21,"column":29}}],"line":21},"1":{"loc":{"start":{"line":22,"column":2},"end":{"line":22,"column":30}},"type":"default-arg","locations":[{"start":{"line":22,"column":21},"end":{"line":22,"column":30}}],"line":22},"2":{"loc":{"start":{"line":88,"column":6},"end":{"line":90,"column":7}},"type":"if","locations":[{"start":{"line":88,"column":6},"end":{"line":90,"column":7}},{"start":{},"end":{}}],"line":88},"3":{"loc":{"start":{"line":88,"column":10},"end":{"line":88,"column":32}},"type":"binary-expr","locations":[{"start":{"line":88,"column":10},"end":{"line":88,"column":18}},{"start":{"line":88,"column":22},"end":{"line":88,"column":32}}],"line":88},"4":{"loc":{"start":{"line":127,"column":15},"end":{"line":140,"column":15}},"type":"binary-expr","locations":[{"start":{"line":127,"column":15},"end":{"line":127,"column":23}},{"start":{"line":128,"column":16},"end":{"line":139,"column":32}}],"line":127},"5":{"loc":{"start":{"line":145,"column":15},"end":{"line":158,"column":15}},"type":"binary-expr","locations":[{"start":{"line":145,"column":15},"end":{"line":145,"column":24}},{"start":{"line":146,"column":16},"end":{"line":157,"column":32}}],"line":145}},"s":{"0":0,"1":0,"2":0,"3":0,"4":0,"5":0,"6":0,"7":0,"8":0,"9":0,"10":0,"11":0,"12":0,"13":0,"14":0,"15":0},"f":{"0":0,"1":0,"2":0},"b":{"0":[0],"1":[0],"2":[0,0],"3":[0,0],"4":[0,0],"5":[0,0]}}
,"/Users/thomaslie-gjeseth/Projects/barnehage-plan/apps/mobile/src/components/BackButton.tsx": {"path":"/Users/thomaslie-gjeseth/Projects/barnehage-plan/apps/mobile/src/components/BackButton.tsx","statementMap":{"0":{"start":{"line":14,"column":21},"end":{"line":14,"column":36}},"1":{"start":{"line":16,"column":22},"end":{"line":27,"column":3}},"2":{"start":{"line":18,"column":4},"end":{"line":20,"column":5}},"3":{"start":{"line":19,"column":6},"end":{"line":19,"column":67}},"4":{"start":{"line":22,"column":4},"end":{"line":26,"column":5}},"5":{"start":{"line":23,"column":6},"end":{"line":23,"column":16}},"6":{"start":{"line":25,"column":6},"end":{"line":25,"column":26}},"7":{"start":{"line":29,"column":2},"end":{"line":38,"column":4}}},"fnMap":{"0":{"name":"BackButton","decl":{"start":{"line":13,"column":16},"end":{"line":13,"column":26}},"loc":{"start":{"line":13,"column":76},"end":{"line":39,"column":1}},"line":13},"1":{"name":"(anonymous_1)","decl":{"start":{"line":16,"column":22},"end":{"line":16,"column":23}},"loc":{"start":{"line":16,"column":34},"end":{"line":27,"column":3}},"line":16}},"branchMap":{"0":{"loc":{"start":{"line":13,"column":38},"end":{"line":13,"column":55}},"type":"default-arg","locations":[{"start":{"line":13,"column":46},"end":{"line":13,"column":55}}],"line":13},"1":{"loc":{"start":{"line":18,"column":4},"end":{"line":20,"column":5}},"type":"if","locations":[{"start":{"line":18,"column":4},"end":{"line":20,"column":5}},{"start":{},"end":{}}],"line":18},"2":{"loc":{"start":{"line":22,"column":4},"end":{"line":26,"column":5}},"type":"if","locations":[{"start":{"line":22,"column":4},"end":{"line":26,"column":5}},{"start":{"line":24,"column":11},"end":{"line":26,"column":5}}],"line":22}},"s":{"0":0,"1":0,"2":0,"3":0,"4":0,"5":0,"6":0,"7":0},"f":{"0":0,"1":0},"b":{"0":[0],"1":[0,0],"2":[0,0]}}
,"/Users/thomaslie-gjeseth/Projects/barnehage-plan/apps/mobile/src/components/Button.tsx": {"path":"/Users/thomaslie-gjeseth/Projects/barnehage-plan/apps/mobile/src/components/Button.tsx","statementMap":{"0":{"start":{"line":20,"column":22},"end":{"line":25,"column":1}},"1":{"start":{"line":27,"column":19},"end":{"line":31,"column":1}},"2":{"start":{"line":33,"column":24},"end":{"line":38,"column":1}},"3":{"start":{"line":52,"column":22},"end":{"line":61,"column":3}},"4":{"start":{"line":53,"column":4},"end":{"line":53,"column":36}},"5":{"start":{"line":53,"column":29},"end":{"line":53,"column":36}},"6":{"start":{"line":56,"column":4},"end":{"line":58,"column":5}},"7":{"start":{"line":57,"column":6},"end":{"line":57,"column":67}},"8":{"start":{"line":60,"column":4},"end":{"line":60,"column":21}},"9":{"start":{"line":63,"column":20},"end":{"line":63,"column":77}},"10":{"start":{"line":64,"column":23},"end":{"line":64,"column":45}},"11":{"start":{"line":65,"column":20},"end":{"line":65,"column":36}},"12":{"start":{"line":66,"column":21},"end":{"line":66,"column":55}},"13":{"start":{"line":67,"column":24},"end":{"line":67,"column":74}},"14":{"start":{"line":69,"column":20},"end":{"line":69,"column":44}},"15":{"start":{"line":71,"column":2},"end":{"line":92,"column":4}}},"fnMap":{"0":{"name":"Button","decl":{"start":{"line":40,"column":16},"end":{"line":40,"column":22}},"loc":{"start":{"line":51,"column":16},"end":{"line":93,"column":1}},"line":51},"1":{"name":"(anonymous_1)","decl":{"start":{"line":52,"column":22},"end":{"line":52,"column":23}},"loc":{"start":{"line":52,"column":44},"end":{"line":61,"column":3}},"line":52}},"branchMap":{"0":{"loc":{"start":{"line":41,"column":2},"end":{"line":41,"column":21}},"type":"default-arg","locations":[{"start":{"line":41,"column":12},"end":{"line":41,"column":21}}],"line":41},"1":{"loc":{"start":{"line":42,"column":2},"end":{"line":42,"column":17}},"type":"default-arg","locations":[{"start":{"line":42,"column":9},"end":{"line":42,"column":17}}],"line":42},"2":{"loc":{"start":{"line":43,"column":2},"end":{"line":43,"column":17}},"type":"default-arg","locations":[{"start":{"line":43,"column":12},"end":{"line":43,"column":17}}],"line":43},"3":{"loc":{"start":{"line":44,"column":2},"end":{"line":44,"column":19}},"type":"default-arg","locations":[{"start":{"line":44,"column":14},"end":{"line":44,"column":19}}],"line":44},"4":{"loc":{"start":{"line":45,"column":2},"end":{"line":45,"column":18}},"type":"default-arg","locations":[{"start":{"line":45,"column":13},"end":{"line":45,"column":18}}],"line":45},"5":{"loc":{"start":{"line":53,"column":4},"end":{"line":53,"column":36}},"type":"if","locations":[{"start":{"line":53,"column":4},"end":{"line":53,"column":36}},{"start":{},"end":{}}],"line":53},"6":{"loc":{"start":{"line":53,"column":8},"end":{"line":53,"column":27}},"type":"binary-expr","locations":[{"start":{"line":53,"column":8},"end":{"line":53,"column":15}},{"start":{"line":53,"column":19},"end":{"line":53,"column":27}}],"line":53},"7":{"loc":{"start":{"line":56,"column":4},"end":{"line":58,"column":5}},"type":"if","locations":[{"start":{"line":56,"column":4},"end":{"line":58,"column":5}},{"start":{},"end":{}}],"line":56},"8":{"loc":{"start":{"line":66,"column":21},"end":{"line":66,"column":55}},"type":"cond-expr","locations":[{"start":{"line":66,"column":33},"end":{"line":66,"column":43}},{"start":{"line":66,"column":46},"end":{"line":66,"column":55}}],"line":66},"9":{"loc":{"start":{"line":67,"column":24},"end":{"line":67,"column":74}},"type":"cond-expr","locations":[{"start":{"line":67,"column":48},"end":{"line":67,"column":62}},{"start":{"line":67,"column":65},"end":{"line":67,"column":74}}],"line":67},"10":{"loc":{"start":{"line":67,"column":25},"end":{"line":67,"column":44}},"type":"binary-expr","locations":[{"start":{"line":67,"column":25},"end":{"line":67,"column":33}},{"start":{"line":67,"column":37},"end":{"line":67,"column":44}}],"line":67},"11":{"loc":{"start":{"line":75,"column":16},"end":{"line":75,"column":35}},"type":"binary-expr","locations":[{"start":{"line":75,"column":16},"end":{"line":75,"column":24}},{"start":{"line":75,"column":28},"end":{"line":75,"column":35}}],"line":75},"12":{"loc":{"start":{"line":79,"column":7},"end":{"line":90,"column":7}},"type":"cond-expr","locations":[{"start":{"line":80,"column":8},"end":{"line":83,"column":10}},{"start":{"line":85,"column":8},"end":{"line":89,"column":11}}],"line":79},"13":{"loc":{"start":{"line":82,"column":17},"end":{"line":82,"column":64}},"type":"cond-expr","locations":[{"start":{"line":82,"column":43},"end":{"line":82,"column":52}},{"start":{"line":82,"column":55},"end":{"line":82,"column":64}}],"line":82}},"s":{"0":0,"1":0,"2":0,"3":0,"4":0,"5":0,"6":0,"7":0,"8":0,"9":0,"10":0,"11":0,"12":0,"13":0,"14":0,"15":0},"f":{"0":0,"1":0},"b":{"0":[0],"1":[0],"2":[0],"3":[0],"4":[0],"5":[0,0],"6":[0,0],"7":[0,0],"8":[0,0],"9":[0,0],"10":[0,0],"11":[0,0],"12":[0,0],"13":[0,0]}}
,"/Users/thomaslie-gjeseth/Projects/barnehage-plan/apps/mobile/src/components/EquipmentBottomSheet.tsx": {"path":"/Users/thomaslie-gjeseth/Projects/barnehage-plan/apps/mobile/src/components/EquipmentBottomSheet.tsx","statementMap":{"0":{"start":{"line":26,"column":22},"end":{"line":26,"column":53}},"1":{"start":{"line":30,"column":38},"end":{"line":30,"column":59}},"2":{"start":{"line":31,"column":20},"end":{"line":31,"column":57}},"3":{"start":{"line":33,"column":2},"end":{"line":50,"column":20}},"4":{"start":{"line":34,"column":4},"end":{"line":49,"column":5}},"5":{"start":{"line":36,"column":6},"end":{"line":47,"column":17}},"6":{"start":{"line":48,"column":6},"end":{"line":48,"column":33}},"7":{"start":{"line":52,"column":22},"end":{"line":57,"column":3}},"8":{"start":{"line":53,"column":4},"end":{"line":55,"column":5}},"9":{"start":{"line":54,"column":6},"end":{"line":54,"column":61}},"10":{"start":{"line":56,"column":4},"end":{"line":56,"column":23}},"11":{"start":{"line":60,"column":20},"end":{"line":77,"column":3}},"12":{"start":{"line":61,"column":4},"end":{"line":76,"column":5}},"13":{"start":{"line":62,"column":6},"end":{"line":65,"column":8}},"14":{"start":{"line":66,"column":11},"end":{"line":76,"column":5}},"15":{"start":{"line":67,"column":6},"end":{"line":70,"column":8}},"16":{"start":{"line":72,"column":6},"end":{"line":75,"column":8}},"17":{"start":{"line":79,"column":17},"end":{"line":79,"column":28}},"18":{"start":{"line":81,"column":2},"end":{"line":108,"column":4}},"19":{"start":{"line":118,"column":20},"end":{"line":118,"column":69}},"20":{"start":{"line":119,"column":19},"end":{"line":119,"column":56}},"21":{"start":{"line":121,"column":2},"end":{"line":155,"column":37}},"22":{"start":{"line":122,"column":4},"end":{"line":154,"column":5}},"23":{"start":{"line":124,"column":6},"end":{"line":124,"column":40}},"24":{"start":{"line":125,"column":6},"end":{"line":125,"column":27}},"25":{"start":{"line":128,"column":6},"end":{"line":139,"column":17}},"26":{"start":{"line":142,"column":6},"end":{"line":153,"column":17}},"27":{"start":{"line":157,"column":2},"end":{"line":219,"column":4}},"28":{"start":{"line":198,"column":14},"end":{"line":203,"column":16}}},"fnMap":{"0":{"name":"EquipmentItemRow","decl":{"start":{"line":29,"column":9},"end":{"line":29,"column":25}},"loc":{"start":{"line":29,"column":131},"end":{"line":109,"column":1}},"line":29},"1":{"name":"(anonymous_1)","decl":{"start":{"line":33,"column":12},"end":{"line":33,"column":13}},"loc":{"start":{"line":33,"column":18},"end":{"line":50,"column":3}},"line":33},"2":{"name":"(anonymous_2)","decl":{"start":{"line":52,"column":22},"end":{"line":52,"column":23}},"loc":{"start":{"line":52,"column":28},"end":{"line":57,"column":3}},"line":52},"3":{"name":"(anonymous_3)","decl":{"start":{"line":60,"column":20},"end":{"line":60,"column":21}},"loc":{"start":{"line":60,"column":26},"end":{"line":77,"column":3}},"line":60},"4":{"name":"EquipmentBottomSheet","decl":{"start":{"line":111,"column":24},"end":{"line":111,"column":44}},"loc":{"start":{"line":117,"column":30},"end":{"line":220,"column":1}},"line":117},"5":{"name":"(anonymous_5)","decl":{"start":{"line":121,"column":12},"end":{"line":121,"column":13}},"loc":{"start":{"line":121,"column":18},"end":{"line":155,"column":3}},"line":121},"6":{"name":"(anonymous_6)","decl":{"start":{"line":197,"column":23},"end":{"line":197,"column":24}},"loc":{"start":{"line":198,"column":14},"end":{"line":203,"column":16}},"line":198}},"branchMap":{"0":{"loc":{"start":{"line":34,"column":4},"end":{"line":49,"column":5}},"type":"if","locations":[{"start":{"line":34,"column":4},"end":{"line":49,"column":5}},{"start":{},"end":{}}],"line":34},"1":{"loc":{"start":{"line":53,"column":4},"end":{"line":55,"column":5}},"type":"if","locations":[{"start":{"line":53,"column":4},"end":{"line":55,"column":5}},{"start":{},"end":{}}],"line":53},"2":{"loc":{"start":{"line":61,"column":4},"end":{"line":76,"column":5}},"type":"if","locations":[{"start":{"line":61,"column":4},"end":{"line":76,"column":5}},{"start":{"line":66,"column":11},"end":{"line":76,"column":5}}],"line":61},"3":{"loc":{"start":{"line":66,"column":11},"end":{"line":76,"column":5}},"type":"if","locations":[{"start":{"line":66,"column":11},"end":{"line":76,"column":5}},{"start":{"line":71,"column":11},"end":{"line":76,"column":5}}],"line":66},"4":{"loc":{"start":{"line":103,"column":13},"end":{"line":103,"column":52}},"type":"cond-expr","locations":[{"start":{"line":103,"column":36},"end":{"line":103,"column":40}},{"start":{"line":103,"column":43},"end":{"line":103,"column":52}}],"line":103},"5":{"loc":{"start":{"line":122,"column":4},"end":{"line":154,"column":5}},"type":"if","locations":[{"start":{"line":122,"column":4},"end":{"line":154,"column":5}},{"start":{"line":140,"column":11},"end":{"line":154,"column":5}}],"line":122},"6":{"loc":{"start":{"line":207,"column":11},"end":{"line":211,"column":11}},"type":"binary-expr","locations":[{"start":{"line":207,"column":11},"end":{"line":207,"column":18}},{"start":{"line":208,"column":12},"end":{"line":210,"column":19}}],"line":207}},"s":{"0":0,"1":0,"2":0,"3":0,"4":0,"5":0,"6":0,"7":0,"8":0,"9":0,"10":0,"11":0,"12":0,"13":0,"14":0,"15":0,"16":0,"17":0,"18":0,"19":0,"20":0,"21":0,"22":0,"23":0,"24":0,"25":0,"26":0,"27":0,"28":0},"f":{"0":0,"1":0,"2":0,"3":0,"4":0,"5":0,"6":0},"b":{"0":[0,0],"1":[0,0],"2":[0,0],"3":[0,0],"4":[0,0],"5":[0,0],"6":[0,0]}}
,"/Users/thomaslie-gjeseth/Projects/barnehage-plan/apps/mobile/src/components/EquipmentList.tsx": {"path":"/Users/thomaslie-gjeseth/Projects/barnehage-plan/apps/mobile/src/components/EquipmentList.tsx","statementMap":{"0":{"start":{"line":24,"column":2},"end":{"line":68,"column":4}},"1":{"start":{"line":27,"column":8},"end":{"line":65,"column":15}},"2":{"start":{"line":39,"column":37},"end":{"line":39,"column":63}},"3":{"start":{"line":50,"column":29},"end":{"line":50,"column":47}},"4":{"start":{"line":58,"column":29},"end":{"line":58,"column":47}}},"fnMap":{"0":{"name":"EquipmentList","decl":{"start":{"line":18,"column":24},"end":{"line":18,"column":37}},"loc":{"start":{"line":23,"column":23},"end":{"line":69,"column":1}},"line":23},"1":{"name":"(anonymous_1)","decl":{"start":{"line":26,"column":17},"end":{"line":26,"column":18}},"loc":{"start":{"line":27,"column":8},"end":{"line":65,"column":15}},"line":27},"2":{"name":"(anonymous_2)","decl":{"start":{"line":39,"column":31},"end":{"line":39,"column":32}},"loc":{"start":{"line":39,"column":37},"end":{"line":39,"column":63}},"line":39},"3":{"name":"(anonymous_3)","decl":{"start":{"line":50,"column":23},"end":{"line":50,"column":24}},"loc":{"start":{"line":50,"column":29},"end":{"line":50,"column":47}},"line":50},"4":{"name":"(anonymous_4)","decl":{"start":{"line":58,"column":23},"end":{"line":58,"column":24}},"loc":{"start":{"line":58,"column":29},"end":{"line":58,"column":47}},"line":58}},"branchMap":{"0":{"loc":{"start":{"line":35,"column":17},"end":{"line":35,"column":61}},"type":"cond-expr","locations":[{"start":{"line":35,"column":36},"end":{"line":35,"column":47}},{"start":{"line":35,"column":50},"end":{"line":35,"column":61}}],"line":35},"1":{"loc":{"start":{"line":41,"column":28},"end":{"line":41,"column":68}},"type":"cond-expr","locations":[{"start":{"line":41,"column":47},"end":{"line":41,"column":56}},{"start":{"line":41,"column":59},"end":{"line":41,"column":68}}],"line":41}},"s":{"0":0,"1":0,"2":0,"3":0,"4":0},"f":{"0":0,"1":0,"2":0,"3":0,"4":0},"b":{"0":[0,0],"1":[0,0]}}
,"/Users/thomaslie-gjeseth/Projects/barnehage-plan/apps/mobile/src/components/EquipmentModal.tsx": {"path":"/Users/thomaslie-gjeseth/Projects/barnehage-plan/apps/mobile/src/components/EquipmentModal.tsx","statementMap":{"0":{"start":{"line":31,"column":19},"end":{"line":31,"column":56}},"1":{"start":{"line":32,"column":20},"end":{"line":32,"column":59}},"2":{"start":{"line":34,"column":2},"end":{"line":69,"column":37}},"3":{"start":{"line":35,"column":4},"end":{"line":68,"column":5}},"4":{"start":{"line":37,"column":6},"end":{"line":37,"column":27}},"5":{"start":{"line":38,"column":6},"end":{"line":38,"column":30}},"6":{"start":{"line":41,"column":6},"end":{"line":53,"column":17}},"7":{"start":{"line":56,"column":6},"end":{"line":67,"column":17}},"8":{"start":{"line":71,"column":2},"end":{"line":150,"column":4}},"9":{"start":{"line":104,"column":14},"end":{"line":128,"column":33}},"10":{"start":{"line":112,"column":31},"end":{"line":112,"column":49}}},"fnMap":{"0":{"name":"EquipmentModal","decl":{"start":{"line":23,"column":24},"end":{"line":23,"column":38}},"loc":{"start":{"line":30,"column":24},"end":{"line":151,"column":1}},"line":30},"1":{"name":"(anonymous_1)","decl":{"start":{"line":34,"column":12},"end":{"line":34,"column":13}},"loc":{"start":{"line":34,"column":18},"end":{"line":69,"column":3}},"line":34},"2":{"name":"(anonymous_2)","decl":{"start":{"line":103,"column":23},"end":{"line":103,"column":24}},"loc":{"start":{"line":104,"column":14},"end":{"line":128,"column":33}},"line":104},"3":{"name":"(anonymous_3)","decl":{"start":{"line":112,"column":25},"end":{"line":112,"column":26}},"loc":{"start":{"line":112,"column":31},"end":{"line":112,"column":49}},"line":112}},"branchMap":{"0":{"loc":{"start":{"line":35,"column":4},"end":{"line":68,"column":5}},"type":"if","locations":[{"start":{"line":35,"column":4},"end":{"line":68,"column":5}},{"start":{"line":54,"column":11},"end":{"line":68,"column":5}}],"line":35},"1":{"loc":{"start":{"line":108,"column":18},"end":{"line":110,"column":56}},"type":"cond-expr","locations":[{"start":{"line":109,"column":22},"end":{"line":109,"column":52}},{"start":{"line":110,"column":22},"end":{"line":110,"column":56}}],"line":108},"2":{"loc":{"start":{"line":118,"column":20},"end":{"line":118,"column":95}},"type":"cond-expr","locations":[{"start":{"line":118,"column":48},"end":{"line":118,"column":76}},{"start":{"line":118,"column":79},"end":{"line":118,"column":95}}],"line":118},"3":{"loc":{"start":{"line":123,"column":17},"end":{"line":127,"column":17}},"type":"binary-expr","locations":[{"start":{"line":123,"column":17},"end":{"line":123,"column":42}},{"start":{"line":124,"column":18},"end":{"line":126,"column":25}}],"line":123},"4":{"loc":{"start":{"line":132,"column":11},"end":{"line":136,"column":11}},"type":"binary-expr","locations":[{"start":{"line":132,"column":11},"end":{"line":132,"column":18}},{"start":{"line":133,"column":12},"end":{"line":135,"column":19}}],"line":132}},"s":{"0":0,"1":0,"2":0,"3":0,"4":0,"5":0,"6":0,"7":0,"8":0,"9":0,"10":0},"f":{"0":0,"1":0,"2":0,"3":0},"b":{"0":[0,0],"1":[0,0],"2":[0,0],"3":[0,0],"4":[0,0]}}
,"/Users/thomaslie-gjeseth/Projects/barnehage-plan/apps/mobile/src/components/EquipmentStatusBadge.tsx": {"path":"/Users/thomaslie-gjeseth/Projects/barnehage-plan/apps/mobile/src/components/EquipmentStatusBadge.tsx","statementMap":{"0":{"start":{"line":15,"column":22},"end":{"line":18,"column":3}},"1":{"start":{"line":16,"column":4},"end":{"line":16,"column":59}},"2":{"start":{"line":17,"column":4},"end":{"line":17,"column":14}},"3":{"start":{"line":20,"column":26},"end":{"line":53,"column":3}},"4":{"start":{"line":21,"column":4},"end":{"line":52,"column":5}},"5":{"start":{"line":23,"column":8},"end":{"line":31,"column":10}},"6":{"start":{"line":33,"column":8},"end":{"line":41,"column":10}},"7":{"start":{"line":43,"column":8},"end":{"line":51,"column":10}},"8":{"start":{"line":55,"column":17},"end":{"line":55,"column":34}},"9":{"start":{"line":58,"column":23},"end":{"line":58,"column":70}},"10":{"start":{"line":58,"column":44},"end":{"line":58,"column":69}},"11":{"start":{"line":59,"column":26},"end":{"line":59,"column":71}},"12":{"start":{"line":59,"column":54},"end":{"line":59,"column":70}},"13":{"start":{"line":60,"column":29},"end":{"line":60,"column":75}},"14":{"start":{"line":60,"column":57},"end":{"line":60,"column":74}},"15":{"start":{"line":63,"column":25},"end":{"line":70,"column":3}},"16":{"start":{"line":64,"column":4},"end":{"line":64,"column":40}},"17":{"start":{"line":64,"column":28},"end":{"line":64,"column":40}},"18":{"start":{"line":66,"column":24},"end":{"line":66,"column":85}},"19":{"start":{"line":67,"column":4},"end":{"line":67,"column":46}},"20":{"start":{"line":67,"column":34},"end":{"line":67,"column":46}},"21":{"start":{"line":69,"column":4},"end":{"line":69,"column":58}},"22":{"start":{"line":69,"column":35},"end":{"line":69,"column":45}},"23":{"start":{"line":72,"column":22},"end":{"line":72,"column":38}},"24":{"start":{"line":75,"column":2},"end":{"line":100,"column":3}},"25":{"start":{"line":76,"column":4},"end":{"line":99,"column":6}},"26":{"start":{"line":103,"column":2},"end":{"line":132,"column":4}}},"fnMap":{"0":{"name":"EquipmentStatusBadge","decl":{"start":{"line":14,"column":24},"end":{"line":14,"column":44}},"loc":{"start":{"line":14,"column":118},"end":{"line":133,"column":1}},"line":14},"1":{"name":"(anonymous_1)","decl":{"start":{"line":15,"column":22},"end":{"line":15,"column":23}},"loc":{"start":{"line":15,"column":28},"end":{"line":18,"column":3}},"line":15},"2":{"name":"(anonymous_2)","decl":{"start":{"line":20,"column":26},"end":{"line":20,"column":27}},"loc":{"start":{"line":20,"column":32},"end":{"line":53,"column":3}},"line":20},"3":{"name":"(anonymous_3)","decl":{"start":{"line":58,"column":36},"end":{"line":58,"column":37}},"loc":{"start":{"line":58,"column":44},"end":{"line":58,"column":69}},"line":58},"4":{"name":"(anonymous_4)","decl":{"start":{"line":59,"column":46},"end":{"line":59,"column":47}},"loc":{"start":{"line":59,"column":54},"end":{"line":59,"column":70}},"line":59},"5":{"name":"(anonymous_5)","decl":{"start":{"line":60,"column":49},"end":{"line":60,"column":50}},"loc":{"start":{"line":60,"column":57},"end":{"line":60,"column":74}},"line":60},"6":{"name":"(anonymous_6)","decl":{"start":{"line":63,"column":25},"end":{"line":63,"column":26}},"loc":{"start":{"line":63,"column":31},"end":{"line":70,"column":3}},"line":63},"7":{"name":"(anonymous_7)","decl":{"start":{"line":69,"column":27},"end":{"line":69,"column":28}},"loc":{"start":{"line":69,"column":35},"end":{"line":69,"column":45}},"line":69}},"branchMap":{"0":{"loc":{"start":{"line":14,"column":71},"end":{"line":14,"column":87}},"type":"default-arg","locations":[{"start":{"line":14,"column":82},"end":{"line":14,"column":87}}],"line":14},"1":{"loc":{"start":{"line":21,"column":4},"end":{"line":52,"column":5}},"type":"switch","locations":[{"start":{"line":22,"column":6},"end":{"line":31,"column":10}},{"start":{"line":32,"column":6},"end":{"line":41,"column":10}},{"start":{"line":42,"column":6},"end":{"line":51,"column":10}}],"line":21},"2":{"loc":{"start":{"line":64,"column":4},"end":{"line":64,"column":40}},"type":"if","locations":[{"start":{"line":64,"column":4},"end":{"line":64,"column":40}},{"start":{},"end":{}}],"line":64},"3":{"loc":{"start":{"line":66,"column":24},"end":{"line":66,"column":85}},"type":"cond-expr","locations":[{"start":{"line":66,"column":49},"end":{"line":66,"column":64}},{"start":{"line":66,"column":67},"end":{"line":66,"column":85}}],"line":66},"4":{"loc":{"start":{"line":67,"column":4},"end":{"line":67,"column":46}},"type":"if","locations":[{"start":{"line":67,"column":4},"end":{"line":67,"column":46}},{"start":{},"end":{}}],"line":67},"5":{"loc":{"start":{"line":75,"column":2},"end":{"line":100,"column":3}},"type":"if","locations":[{"start":{"line":75,"column":2},"end":{"line":100,"column":3}},{"start":{},"end":{}}],"line":75},"6":{"loc":{"start":{"line":83,"column":11},"end":{"line":87,"column":11}},"type":"cond-expr","locations":[{"start":{"line":84,"column":12},"end":{"line":84,"column":109}},{"start":{"line":86,"column":12},"end":{"line":86,"column":82}}],"line":83},"7":{"loc":{"start":{"line":90,"column":13},"end":{"line":94,"column":13}},"type":"binary-expr","locations":[{"start":{"line":90,"column":13},"end":{"line":90,"column":24}},{"start":{"line":91,"column":14},"end":{"line":93,"column":21}}],"line":90},"8":{"loc":{"start":{"line":115,"column":11},"end":{"line":119,"column":11}},"type":"cond-expr","locations":[{"start":{"line":116,"column":12},"end":{"line":116,"column":109}},{"start":{"line":118,"column":12},"end":{"line":118,"column":82}}],"line":115},"9":{"loc":{"start":{"line":122,"column":13},"end":{"line":126,"column":13}},"type":"binary-expr","locations":[{"start":{"line":122,"column":13},"end":{"line":122,"column":24}},{"start":{"line":123,"column":14},"end":{"line":125,"column":21}}],"line":122}},"s":{"0":0,"1":0,"2":0,"3":0,"4":0,"5":0,"6":0,"7":0,"8":0,"9":0,"10":0,"11":0,"12":0,"13":0,"14":0,"15":0,"16":0,"17":0,"18":0,"19":0,"20":0,"21":0,"22":0,"23":0,"24":0,"25":0,"26":0},"f":{"0":0,"1":0,"2":0,"3":0,"4":0,"5":0,"6":0,"7":0},"b":{"0":[0],"1":[0,0,0],"2":[0,0],"3":[0,0],"4":[0,0],"5":[0,0],"6":[0,0],"7":[0,0],"8":[0,0],"9":[0,0]}}
,"/Users/thomaslie-gjeseth/Projects/barnehage-plan/apps/mobile/src/components/FlytIllustration.tsx": {"path":"/Users/thomaslie-gjeseth/Projects/barnehage-plan/apps/mobile/src/components/FlytIllustration.tsx","statementMap":{"0":{"start":{"line":6,"column":2},"end":{"line":48,"column":4}}},"fnMap":{"0":{"name":"FlytIllustration","decl":{"start":{"line":5,"column":24},"end":{"line":5,"column":40}},"loc":{"start":{"line":5,"column":76},"end":{"line":49,"column":1}},"line":5}},"branchMap":{"0":{"loc":{"start":{"line":5,"column":43},"end":{"line":5,"column":53}},"type":"default-arg","locations":[{"start":{"line":5,"column":50},"end":{"line":5,"column":53}}],"line":5}},"s":{"0":0},"f":{"0":0},"b":{"0":[0]}}
,"/Users/thomaslie-gjeseth/Projects/barnehage-plan/apps/mobile/src/components/NoteIcon.tsx": {"path":"/Users/thomaslie-gjeseth/Projects/barnehage-plan/apps/mobile/src/components/NoteIcon.tsx","statementMap":{"0":{"start":{"line":13,"column":17},"end":{"line":35,"column":2}},"1":{"start":{"line":14,"column":22},"end":{"line":19,"column":3}},"2":{"start":{"line":15,"column":4},"end":{"line":17,"column":5}},"3":{"start":{"line":16,"column":6},"end":{"line":16,"column":61}},"4":{"start":{"line":18,"column":4},"end":{"line":18,"column":14}},"5":{"start":{"line":21,"column":2},"end":{"line":34,"column":4}}},"fnMap":{"0":{"name":"NoteIcon","decl":{"start":{"line":13,"column":31},"end":{"line":13,"column":39}},"loc":{"start":{"line":13,"column":89},"end":{"line":35,"column":1}},"line":13},"1":{"name":"(anonymous_1)","decl":{"start":{"line":14,"column":22},"end":{"line":14,"column":23}},"loc":{"start":{"line":14,"column":28},"end":{"line":19,"column":3}},"line":14}},"branchMap":{"0":{"loc":{"start":{"line":13,"column":61},"end":{"line":13,"column":70}},"type":"default-arg","locations":[{"start":{"line":13,"column":68},"end":{"line":13,"column":70}}],"line":13},"1":{"loc":{"start":{"line":15,"column":4},"end":{"line":17,"column":5}},"type":"if","locations":[{"start":{"line":15,"column":4},"end":{"line":17,"column":5}},{"start":{},"end":{}}],"line":15},"2":{"loc":{"start":{"line":24,"column":31},"end":{"line":24,"column":56}},"type":"binary-expr","locations":[{"start":{"line":24,"column":31},"end":{"line":24,"column":40}},{"start":{"line":24,"column":44},"end":{"line":24,"column":56}}],"line":24},"3":{"loc":{"start":{"line":29,"column":14},"end":{"line":29,"column":66}},"type":"cond-expr","locations":[{"start":{"line":29,"column":25},"end":{"line":29,"column":40}},{"start":{"line":29,"column":43},"end":{"line":29,"column":66}}],"line":29},"4":{"loc":{"start":{"line":31,"column":15},"end":{"line":31,"column":47}},"type":"cond-expr","locations":[{"start":{"line":31,"column":26},"end":{"line":31,"column":35}},{"start":{"line":31,"column":38},"end":{"line":31,"column":47}}],"line":31}},"s":{"0":0,"1":0,"2":0,"3":0,"4":0,"5":0},"f":{"0":0,"1":0},"b":{"0":[0],"1":[0,0],"2":[0,0],"3":[0,0],"4":[0,0]}}
,"/Users/thomaslie-gjeseth/Projects/barnehage-plan/apps/mobile/src/components/NotesBottomSheet.tsx": {"path":"/Users/thomaslie-gjeseth/Projects/barnehage-plan/apps/mobile/src/components/NotesBottomSheet.tsx","statementMap":{"0":{"start":{"line":33,"column":22},"end":{"line":33,"column":53}},"1":{"start":{"line":44,"column":20},"end":{"line":44,"column":69}},"2":{"start":{"line":45,"column":19},"end":{"line":45,"column":56}},"3":{"start":{"line":46,"column":40},"end":{"line":46,"column":52}},"4":{"start":{"line":47,"column":30},"end":{"line":47,"column":45}},"5":{"start":{"line":49,"column":2},"end":{"line":80,"column":16}},"6":{"start":{"line":50,"column":4},"end":{"line":79,"column":5}},"7":{"start":{"line":51,"column":6},"end":{"line":51,"column":40}},"8":{"start":{"line":52,"column":6},"end":{"line":52,"column":27}},"9":{"start":{"line":54,"column":6},"end":{"line":65,"column":17}},"10":{"start":{"line":67,"column":6},"end":{"line":78,"column":17}},"11":{"start":{"line":82,"column":24},"end":{"line":102,"column":3}},"12":{"start":{"line":83,"column":4},"end":{"line":83,"column":36}},"13":{"start":{"line":83,"column":29},"end":{"line":83,"column":36}},"14":{"start":{"line":85,"column":4},"end":{"line":87,"column":5}},"15":{"start":{"line":86,"column":6},"end":{"line":86,"column":61}},"16":{"start":{"line":89,"column":4},"end":{"line":89,"column":20}},"17":{"start":{"line":90,"column":4},"end":{"line":101,"column":5}},"18":{"start":{"line":91,"column":6},"end":{"line":91,"column":35}},"19":{"start":{"line":92,"column":6},"end":{"line":92,"column":25}},"20":{"start":{"line":93,"column":6},"end":{"line":95,"column":7}},"21":{"start":{"line":94,"column":8},"end":{"line":94,"column":76}},"22":{"start":{"line":97,"column":6},"end":{"line":97,"column":49}},"23":{"start":{"line":98,"column":6},"end":{"line":98,"column":54}},"24":{"start":{"line":100,"column":6},"end":{"line":100,"column":23}},"25":{"start":{"line":104,"column":27},"end":{"line":131,"column":3}},"26":{"start":{"line":105,"column":4},"end":{"line":107,"column":5}},"27":{"start":{"line":106,"column":6},"end":{"line":106,"column":61}},"28":{"start":{"line":109,"column":4},"end":{"line":130,"column":6}},"29":{"start":{"line":118,"column":12},"end":{"line":126,"column":13}},"30":{"start":{"line":119,"column":14},"end":{"line":119,"column":41}},"31":{"start":{"line":120,"column":14},"end":{"line":122,"column":15}},"32":{"start":{"line":121,"column":16},"end":{"line":121,"column":84}},"33":{"start":{"line":124,"column":14},"end":{"line":124,"column":59}},"34":{"start":{"line":125,"column":14},"end":{"line":125,"column":63}},"35":{"start":{"line":133,"column":18},"end":{"line":133,"column":29}},"36":{"start":{"line":134,"column":24},"end":{"line":134,"column":54}},"37":{"start":{"line":136,"column":2},"end":{"line":253,"column":4}},"38":{"start":{"line":191,"column":18},"end":{"line":207,"column":25}},"39":{"start":{"line":200,"column":39},"end":{"line":200,"column":64}}},"fnMap":{"0":{"name":"NotesBottomSheet","decl":{"start":{"line":35,"column":24},"end":{"line":35,"column":40}},"loc":{"start":{"line":43,"column":26},"end":{"line":254,"column":1}},"line":43},"1":{"name":"(anonymous_1)","decl":{"start":{"line":49,"column":12},"end":{"line":49,"column":13}},"loc":{"start":{"line":49,"column":18},"end":{"line":80,"column":3}},"line":49},"2":{"name":"(anonymous_2)","decl":{"start":{"line":82,"column":24},"end":{"line":82,"column":25}},"loc":{"start":{"line":82,"column":36},"end":{"line":102,"column":3}},"line":82},"3":{"name":"(anonymous_3)","decl":{"start":{"line":104,"column":27},"end":{"line":104,"column":28}},"loc":{"start":{"line":104,"column":53},"end":{"line":131,"column":3}},"line":104},"4":{"name":"(anonymous_4)","decl":{"start":{"line":117,"column":19},"end":{"line":117,"column":20}},"loc":{"start":{"line":117,"column":31},"end":{"line":127,"column":11}},"line":117},"5":{"name":"(anonymous_5)","decl":{"start":{"line":190,"column":26},"end":{"line":190,"column":27}},"loc":{"start":{"line":191,"column":18},"end":{"line":207,"column":25}},"line":191},"6":{"name":"(anonymous_6)","decl":{"start":{"line":200,"column":33},"end":{"line":200,"column":34}},"loc":{"start":{"line":200,"column":39},"end":{"line":200,"column":64}},"line":200}},"branchMap":{"0":{"loc":{"start":{"line":50,"column":4},"end":{"line":79,"column":5}},"type":"if","locations":[{"start":{"line":50,"column":4},"end":{"line":79,"column":5}},{"start":{"line":66,"column":11},"end":{"line":79,"column":5}}],"line":50},"1":{"loc":{"start":{"line":83,"column":4},"end":{"line":83,"column":36}},"type":"if","locations":[{"start":{"line":83,"column":4},"end":{"line":83,"column":36}},{"start":{},"end":{}}],"line":83},"2":{"loc":{"start":{"line":85,"column":4},"end":{"line":87,"column":5}},"type":"if","locations":[{"start":{"line":85,"column":4},"end":{"line":87,"column":5}},{"start":{},"end":{}}],"line":85},"3":{"loc":{"start":{"line":93,"column":6},"end":{"line":95,"column":7}},"type":"if","locations":[{"start":{"line":93,"column":6},"end":{"line":95,"column":7}},{"start":{},"end":{}}],"line":93},"4":{"loc":{"start":{"line":105,"column":4},"end":{"line":107,"column":5}},"type":"if","locations":[{"start":{"line":105,"column":4},"end":{"line":107,"column":5}},{"start":{},"end":{}}],"line":105},"5":{"loc":{"start":{"line":120,"column":14},"end":{"line":122,"column":15}},"type":"if","locations":[{"start":{"line":120,"column":14},"end":{"line":122,"column":15}},{"start":{},"end":{}}],"line":120},"6":{"loc":{"start":{"line":144,"column":18},"end":{"line":144,"column":62}},"type":"cond-expr","locations":[{"start":{"line":144,"column":42},"end":{"line":144,"column":51}},{"start":{"line":144,"column":54},"end":{"line":144,"column":62}}],"line":144},"7":{"loc":{"start":{"line":182,"column":15},"end":{"line":209,"column":15}},"type":"cond-expr","locations":[{"start":{"line":183,"column":16},"end":{"line":188,"column":23}},{"start":{"line":190,"column":16},"end":{"line":208,"column":18}}],"line":182},"8":{"loc":{"start":{"line":232,"column":20},"end":{"line":232,"column":67}},"type":"binary-expr","locations":[{"start":{"line":232,"column":21},"end":{"line":232,"column":40}},{"start":{"line":232,"column":44},"end":{"line":232,"column":50}},{"start":{"line":232,"column":55},"end":{"line":232,"column":67}}],"line":232},"9":{"loc":{"start":{"line":235,"column":28},"end":{"line":235,"column":57}},"type":"binary-expr","locations":[{"start":{"line":235,"column":28},"end":{"line":235,"column":47}},{"start":{"line":235,"column":51},"end":{"line":235,"column":57}}],"line":235},"10":{"loc":{"start":{"line":238,"column":21},"end":{"line":238,"column":60}},"type":"cond-expr","locations":[{"start":{"line":238,"column":30},"end":{"line":238,"column":41}},{"start":{"line":238,"column":44},"end":{"line":238,"column":60}}],"line":238},"11":{"loc":{"start":{"line":245,"column":11},"end":{"line":249,"column":11}},"type":"binary-expr","locations":[{"start":{"line":245,"column":11},"end":{"line":245,"column":18}},{"start":{"line":246,"column":12},"end":{"line":248,"column":19}}],"line":245}},"s":{"0":0,"1":0,"2":0,"3":0,"4":0,"5":0,"6":0,"7":0,"8":0,"9":0,"10":0,"11":0,"12":0,"13":0,"14":0,"15":0,"16":0,"17":0,"18":0,"19":0,"20":0,"21":0,"22":0,"23":0,"24":0,"25":0,"26":0,"27":0,"28":0,"29":0,"30":0,"31":0,"32":0,"33":0,"34":0,"35":0,"36":0,"37":0,"38":0,"39":0},"f":{"0":0,"1":0,"2":0,"3":0,"4":0,"5":0,"6":0},"b":{"0":[0,0],"1":[0,0],"2":[0,0],"3":[0,0],"4":[0,0],"5":[0,0],"6":[0,0],"7":[0,0],"8":[0,0,0],"9":[0,0],"10":[0,0],"11":[0,0]}}
,"/Users/thomaslie-gjeseth/Projects/barnehage-plan/apps/mobile/src/components/ScheduleSkeleton.tsx": {"path":"/Users/thomaslie-gjeseth/Projects/barnehage-plan/apps/mobile/src/components/ScheduleSkeleton.tsx","statementMap":{"0":{"start":{"line":7,"column":21},"end":{"line":7,"column":56}},"1":{"start":{"line":9,"column":2},"end":{"line":36,"column":4}},"2":{"start":{"line":23,"column":8},"end":{"line":33,"column":15}}},"fnMap":{"0":{"name":"ScheduleSkeleton","decl":{"start":{"line":6,"column":24},"end":{"line":6,"column":40}},"loc":{"start":{"line":6,"column":43},"end":{"line":37,"column":1}},"line":6},"1":{"name":"(anonymous_1)","decl":{"start":{"line":22,"column":22},"end":{"line":22,"column":23}},"loc":{"start":{"line":23,"column":8},"end":{"line":33,"column":15}},"line":23}},"branchMap":{},"s":{"0":0,"1":0,"2":0},"f":{"0":0,"1":0},"b":{}}
,"/Users/thomaslie-gjeseth/Projects/barnehage-plan/apps/mobile/src/components/ScheduleSlot.tsx": {"path":"/Users/thomaslie-gjeseth/Projects/barnehage-plan/apps/mobile/src/components/ScheduleSlot.tsx","statementMap":{"0":{"start":{"line":17,"column":21},"end":{"line":116,"column":2}},"1":{"start":{"line":28,"column":17},"end":{"line":30,"column":10}},"2":{"start":{"line":29,"column":24},"end":{"line":29,"column":63}},"3":{"start":{"line":32,"column":22},"end":{"line":32,"column":61}},"4":{"start":{"line":33,"column":19},"end":{"line":33,"column":44}},"5":{"start":{"line":35,"column":24},"end":{"line":35,"column":88}},"6":{"start":{"line":37,"column":22},"end":{"line":40,"column":15}},"7":{"start":{"line":42,"column":22},"end":{"line":48,"column":3}},"8":{"start":{"line":44,"column":4},"end":{"line":46,"column":5}},"9":{"start":{"line":45,"column":6},"end":{"line":45,"column":61}},"10":{"start":{"line":47,"column":4},"end":{"line":47,"column":16}},"11":{"start":{"line":50,"column":23},"end":{"line":56,"column":3}},"12":{"start":{"line":58,"column":25},"end":{"line":68,"column":3}},"13":{"start":{"line":70,"column":20},"end":{"line":75,"column":3}},"14":{"start":{"line":77,"column":2},"end":{"line":105,"column":4}},"15":{"start":{"line":85,"column":8},"end":{"line":102,"column":15}},"16":{"start":{"line":108,"column":2},"end":{"line":115,"column":4}}},"fnMap":{"0":{"name":"ScheduleSlot","decl":{"start":{"line":17,"column":35},"end":{"line":17,"column":47}},"loc":{"start":{"line":26,"column":22},"end":{"line":106,"column":1}},"line":26},"1":{"name":"(anonymous_1)","decl":{"start":{"line":29,"column":19},"end":{"line":29,"column":20}},"loc":{"start":{"line":29,"column":24},"end":{"line":29,"column":63}},"line":29},"2":{"name":"(anonymous_2)","decl":{"start":{"line":42,"column":22},"end":{"line":42,"column":23}},"loc":{"start":{"line":42,"column":28},"end":{"line":48,"column":3}},"line":42},"3":{"name":"(anonymous_3)","decl":{"start":{"line":84,"column":7},"end":{"line":84,"column":8}},"loc":{"start":{"line":85,"column":8},"end":{"line":102,"column":15}},"line":85},"4":{"name":"(anonymous_4)","decl":{"start":{"line":106,"column":3},"end":{"line":106,"column":4}},"loc":{"start":{"line":106,"column":29},"end":{"line":116,"column":1}},"line":106}},"branchMap":{"0":{"loc":{"start":{"line":21,"column":2},"end":{"line":21,"column":14}},"type":"default-arg","locations":[{"start":{"line":21,"column":12},"end":{"line":21,"column":14}}],"line":21},"1":{"loc":{"start":{"line":24,"column":2},"end":{"line":24,"column":18}},"type":"default-arg","locations":[{"start":{"line":24,"column":13},"end":{"line":24,"column":18}}],"line":24},"2":{"loc":{"start":{"line":28,"column":17},"end":{"line":30,"column":10}},"type":"cond-expr","locations":[{"start":{"line":29,"column":6},"end":{"line":29,"column":64}},{"start":{"line":30,"column":6},"end":{"line":30,"column":10}}],"line":28},"3":{"loc":{"start":{"line":28,"column":17},"end":{"line":28,"column":45}},"type":"binary-expr","locations":[{"start":{"line":28,"column":17},"end":{"line":28,"column":23}},{"start":{"line":28,"column":27},"end":{"line":28,"column":45}}],"line":28},"4":{"loc":{"start":{"line":29,"column":24},"end":{"line":29,"column":63}},"type":"binary-expr","locations":[{"start":{"line":29,"column":24},"end":{"line":29,"column":44}},{"start":{"line":29,"column":48},"end":{"line":29,"column":63}}],"line":29},"5":{"loc":{"start":{"line":32,"column":22},"end":{"line":32,"column":61}},"type":"cond-expr","locations":[{"start":{"line":32,"column":31},"end":{"line":32,"column":54}},{"start":{"line":32,"column":57},"end":{"line":32,"column":61}}],"line":32},"6":{"loc":{"start":{"line":33,"column":19},"end":{"line":33,"column":44}},"type":"binary-expr","locations":[{"start":{"line":33,"column":19},"end":{"line":33,"column":36}},{"start":{"line":33,"column":40},"end":{"line":33,"column":44}}],"line":33},"7":{"loc":{"start":{"line":35,"column":32},"end":{"line":35,"column":87}},"type":"binary-expr","locations":[{"start":{"line":35,"column":32},"end":{"line":35,"column":43}},{"start":{"line":35,"column":47},"end":{"line":35,"column":67}},{"start":{"line":35,"column":71},"end":{"line":35,"column":87}}],"line":35},"8":{"loc":{"start":{"line":37,"column":22},"end":{"line":40,"column":15}},"type":"cond-expr","locations":[{"start":{"line":37,"column":39},"end":{"line":37,"column":48}},{"start":{"line":38,"column":6},"end":{"line":40,"column":15}}],"line":37},"9":{"loc":{"start":{"line":38,"column":6},"end":{"line":40,"column":15}},"type":"cond-expr","locations":[{"start":{"line":38,"column":26},"end":{"line":38,"column":35}},{"start":{"line":39,"column":6},"end":{"line":40,"column":15}}],"line":38},"10":{"loc":{"start":{"line":39,"column":6},"end":{"line":40,"column":15}},"type":"cond-expr","locations":[{"start":{"line":39,"column":26},"end":{"line":39,"column":35}},{"start":{"line":40,"column":6},"end":{"line":40,"column":15}}],"line":39},"11":{"loc":{"start":{"line":44,"column":4},"end":{"line":46,"column":5}},"type":"if","locations":[{"start":{"line":44,"column":4},"end":{"line":46,"column":5}},{"start":{},"end":{}}],"line":44},"12":{"loc":{"start":{"line":51,"column":19},"end":{"line":51,"column":65}},"type":"cond-expr","locations":[{"start":{"line":51,"column":44},"end":{"line":51,"column":57}},{"start":{"line":51,"column":60},"end":{"line":51,"column":65}}],"line":51},"13":{"loc":{"start":{"line":53,"column":9},"end":{"line":53,"column":26}},"type":"cond-expr","locations":[{"start":{"line":53,"column":20},"end":{"line":53,"column":22}},{"start":{"line":53,"column":25},"end":{"line":53,"column":26}}],"line":53},"14":{"loc":{"start":{"line":54,"column":23},"end":{"line":54,"column":39}},"type":"cond-expr","locations":[{"start":{"line":54,"column":34},"end":{"line":54,"column":35}},{"start":{"line":54,"column":38},"end":{"line":54,"column":39}}],"line":54},"15":{"loc":{"start":{"line":55,"column":10},"end":{"line":55,"column":34}},"type":"cond-expr","locations":[{"start":{"line":55,"column":21},"end":{"line":55,"column":22}},{"start":{"line":55,"column":25},"end":{"line":55,"column":34}}],"line":55},"16":{"loc":{"start":{"line":59,"column":12},"end":{"line":59,"column":30}},"type":"cond-expr","locations":[{"start":{"line":59,"column":23},"end":{"line":59,"column":25}},{"start":{"line":59,"column":28},"end":{"line":59,"column":30}}],"line":59},"17":{"loc":{"start":{"line":60,"column":21},"end":{"line":60,"column":37}},"type":"cond-expr","locations":[{"start":{"line":60,"column":32},"end":{"line":60,"column":33}},{"start":{"line":60,"column":36},"end":{"line":60,"column":37}}],"line":60},"18":{"loc":{"start":{"line":61,"column":17},"end":{"line":61,"column":64}},"type":"cond-expr","locations":[{"start":{"line":61,"column":28},"end":{"line":61,"column":30}},{"start":{"line":61,"column":34},"end":{"line":61,"column":63}}],"line":61},"19":{"loc":{"start":{"line":61,"column":34},"end":{"line":61,"column":63}},"type":"cond-expr","locations":[{"start":{"line":61,"column":58},"end":{"line":61,"column":59}},{"start":{"line":61,"column":62},"end":{"line":61,"column":63}}],"line":61},"20":{"loc":{"start":{"line":62,"column":18},"end":{"line":62,"column":66}},"type":"cond-expr","locations":[{"start":{"line":62,"column":29},"end":{"line":62,"column":31}},{"start":{"line":62,"column":35},"end":{"line":62,"column":65}}],"line":62},"21":{"loc":{"start":{"line":62,"column":35},"end":{"line":62,"column":65}},"type":"cond-expr","locations":[{"start":{"line":62,"column":60},"end":{"line":62,"column":61}},{"start":{"line":62,"column":64},"end":{"line":62,"column":65}}],"line":62},"22":{"loc":{"start":{"line":63,"column":16},"end":{"line":63,"column":90}},"type":"cond-expr","locations":[{"start":{"line":63,"column":27},"end":{"line":63,"column":35}},{"start":{"line":63,"column":39},"end":{"line":63,"column":89}}],"line":63},"23":{"loc":{"start":{"line":63,"column":39},"end":{"line":63,"column":89}},"type":"cond-expr","locations":[{"start":{"line":63,"column":64},"end":{"line":63,"column":74}},{"start":{"line":63,"column":77},"end":{"line":63,"column":89}}],"line":63},"24":{"loc":{"start":{"line":67,"column":13},"end":{"line":67,"column":30}},"type":"cond-expr","locations":[{"start":{"line":67,"column":23},"end":{"line":67,"column":26}},{"start":{"line":67,"column":29},"end":{"line":67,"column":30}}],"line":67},"25":{"loc":{"start":{"line":71,"column":14},"end":{"line":71,"column":32}},"type":"cond-expr","locations":[{"start":{"line":71,"column":25},"end":{"line":71,"column":27}},{"start":{"line":71,"column":30},"end":{"line":71,"column":32}}],"line":71},"26":{"loc":{"start":{"line":74,"column":11},"end":{"line":74,"column":48}},"type":"cond-expr","locations":[{"start":{"line":74,"column":27},"end":{"line":74,"column":36}},{"start":{"line":74,"column":39},"end":{"line":74,"column":48}}],"line":74},"27":{"loc":{"start":{"line":86,"column":11},"end":{"line":101,"column":11}},"type":"cond-expr","locations":[{"start":{"line":87,"column":12},"end":{"line":91,"column":14}},{"start":{"line":93,"column":12},"end":{"line":100,"column":15}}],"line":86},"28":{"loc":{"start":{"line":89,"column":21},"end":{"line":89,"column":58}},"type":"cond-expr","locations":[{"start":{"line":89,"column":37},"end":{"line":89,"column":46}},{"start":{"line":89,"column":49},"end":{"line":89,"column":58}}],"line":89},"29":{"loc":{"start":{"line":94,"column":50},"end":{"line":94,"column":67}},"type":"cond-expr","locations":[{"start":{"line":94,"column":60},"end":{"line":94,"column":63}},{"start":{"line":94,"column":66},"end":{"line":94,"column":67}}],"line":94},"30":{"loc":{"start":{"line":95,"column":50},"end":{"line":95,"column":68}},"type":"cond-expr","locations":[{"start":{"line":95,"column":61},"end":{"line":95,"column":63}},{"start":{"line":95,"column":66},"end":{"line":95,"column":68}}],"line":95},"31":{"loc":{"start":{"line":98,"column":17},"end":{"line":98,"column":39}},"type":"binary-expr","locations":[{"start":{"line":98,"column":17},"end":{"line":98,"column":28}},{"start":{"line":98,"column":32},"end":{"line":98,"column":39}}],"line":98},"32":{"loc":{"start":{"line":109,"column":4},"end":{"line":113,"column":45}},"type":"binary-expr","locations":[{"start":{"line":109,"column":4},"end":{"line":109,"column":51}},{"start":{"line":110,"column":4},"end":{"line":110,"column":41}},{"start":{"line":111,"column":4},"end":{"line":111,"column":43}},{"start":{"line":112,"column":4},"end":{"line":112,"column":45}},{"start":{"line":113,"column":4},"end":{"line":113,"column":45}}],"line":109}},"s":{"0":1,"1":18,"2":16,"3":18,"4":18,"5":18,"6":18,"7":18,"8":2,"9":2,"10":2,"11":18,"12":18,"13":18,"14":18,"15":18,"16":0},"f":{"0":18,"1":16,"2":2,"3":18,"4":0},"b":{"0":[0],"1":[16],"2":[14,4],"3":[18,15],"4":[16,3],"5":[13,5],"6":[18,5],"7":[18,15,13],"8":[5,13],"9":[12,1],"10":[1,0],"11":[2,0],"12":[16,2],"13":[1,17],"14":[1,17],"15":[1,17],"16":[1,17],"17":[1,17],"18":[1,17],"19":[2,15],"20":[1,17],"21":[15,2],"22":[1,17],"23":[15,2],"24":[2,16],"25":[1,17],"26":[13,5],"27":[2,16],"28":[2,0],"29":[0,16],"30":[1,15],"31":[16,3],"32":[0,0,0,0,0]},"_coverageSchema":"1a1c01bbd47fc00a2c39e90264f33305004495a9","hash":"df8bbeaca6402d3abc7aca14fa99ae0fa04be328"}
,"/Users/thomaslie-gjeseth/Projects/barnehage-plan/apps/mobile/src/components/ScreenHeader.tsx": {"path":"/Users/thomaslie-gjeseth/Projects/barnehage-plan/apps/mobile/src/components/ScreenHeader.tsx","statementMap":{"0":{"start":{"line":12,"column":2},"end":{"line":23,"column":4}}},"fnMap":{"0":{"name":"ScreenHeader","decl":{"start":{"line":11,"column":16},"end":{"line":11,"column":28}},"loc":{"start":{"line":11,"column":69},"end":{"line":24,"column":1}},"line":11}},"branchMap":{"0":{"loc":{"start":{"line":17,"column":7},"end":{"line":21,"column":7}},"type":"binary-expr","locations":[{"start":{"line":17,"column":7},"end":{"line":17,"column":15}},{"start":{"line":18,"column":8},"end":{"line":20,"column":15}}],"line":17}},"s":{"0":0},"f":{"0":0},"b":{"0":[0,0]}}
,"/Users/thomaslie-gjeseth/Projects/barnehage-plan/apps/mobile/src/components/Skeleton.tsx": {"path":"/Users/thomaslie-gjeseth/Projects/barnehage-plan/apps/mobile/src/components/Skeleton.tsx","statementMap":{"0":{"start":{"line":12,"column":2},"end":{"line":25,"column":4}}},"fnMap":{"0":{"name":"Skeleton","decl":{"start":{"line":11,"column":24},"end":{"line":11,"column":32}},"loc":{"start":{"line":11,"column":106},"end":{"line":26,"column":1}},"line":11}},"branchMap":{"0":{"loc":{"start":{"line":11,"column":35},"end":{"line":11,"column":49}},"type":"default-arg","locations":[{"start":{"line":11,"column":43},"end":{"line":11,"column":49}}],"line":11},"1":{"loc":{"start":{"line":11,"column":51},"end":{"line":11,"column":62}},"type":"default-arg","locations":[{"start":{"line":11,"column":60},"end":{"line":11,"column":62}}],"line":11},"2":{"loc":{"start":{"line":11,"column":64},"end":{"line":11,"column":80}},"type":"default-arg","locations":[{"start":{"line":11,"column":79},"end":{"line":11,"column":80}}],"line":11}},"s":{"0":0},"f":{"0":0},"b":{"0":[0],"1":[0],"2":[0]}}
,"/Users/thomaslie-gjeseth/Projects/barnehage-plan/apps/mobile/src/components/SplashBackground.tsx": {"path":"/Users/thomaslie-gjeseth/Projects/barnehage-plan/apps/mobile/src/components/SplashBackground.tsx","statementMap":{"0":{"start":{"line":6,"column":2},"end":{"line":19,"column":4}}},"fnMap":{"0":{"name":"SplashBackground","decl":{"start":{"line":5,"column":24},"end":{"line":5,"column":40}},"loc":{"start":{"line":5,"column":43},"end":{"line":20,"column":1}},"line":5}},"branchMap":{},"s":{"0":0},"f":{"0":0},"b":{}}
,"/Users/thomaslie-gjeseth/Projects/barnehage-plan/apps/mobile/src/components/SplashScreen.tsx": {"path":"/Users/thomaslie-gjeseth/Projects/barnehage-plan/apps/mobile/src/components/SplashScreen.tsx","statementMap":{"0":{"start":{"line":5,"column":19},"end":{"line":5,"column":28}},"1":{"start":{"line":8,"column":2},"end":{"line":18,"column":4}},"2":{"start":{"line":21,"column":15},"end":{"line":38,"column":2}}},"fnMap":{"0":{"name":"SplashScreen","decl":{"start":{"line":7,"column":24},"end":{"line":7,"column":36}},"loc":{"start":{"line":7,"column":39},"end":{"line":19,"column":1}},"line":7}},"branchMap":{},"s":{"0":0,"1":0,"2":0},"f":{"0":0},"b":{}}
,"/Users/thomaslie-gjeseth/Projects/barnehage-plan/apps/mobile/src/components/SuccessIllustration.tsx": {"path":"/Users/thomaslie-gjeseth/Projects/barnehage-plan/apps/mobile/src/components/SuccessIllustration.tsx","statementMap":{"0":{"start":{"line":6,"column":2},"end":{"line":25,"column":4}}},"fnMap":{"0":{"name":"SuccessIllustration","decl":{"start":{"line":5,"column":24},"end":{"line":5,"column":43}},"loc":{"start":{"line":5,"column":79},"end":{"line":26,"column":1}},"line":5}},"branchMap":{"0":{"loc":{"start":{"line":5,"column":46},"end":{"line":5,"column":56}},"type":"default-arg","locations":[{"start":{"line":5,"column":53},"end":{"line":5,"column":56}}],"line":5}},"s":{"0":0},"f":{"0":0},"b":{"0":[0]}}
,"/Users/thomaslie-gjeseth/Projects/barnehage-plan/apps/mobile/src/components/Text.tsx": {"path":"/Users/thomaslie-gjeseth/Projects/barnehage-plan/apps/mobile/src/components/Text.tsx","statementMap":{"0":{"start":{"line":12,"column":54},"end":{"line":46,"column":1}},"1":{"start":{"line":54,"column":23},"end":{"line":54,"column":45}},"2":{"start":{"line":55,"column":21},"end":{"line":55,"column":50}},"3":{"start":{"line":57,"column":2},"end":{"line":62,"column":4}},"4":{"start":{"line":67,"column":2},"end":{"line":67,"column":42}},"5":{"start":{"line":71,"column":2},"end":{"line":71,"column":42}},"6":{"start":{"line":75,"column":2},"end":{"line":75,"column":42}},"7":{"start":{"line":79,"column":2},"end":{"line":79,"column":47}},"8":{"start":{"line":83,"column":2},"end":{"line":83,"column":45}}},"fnMap":{"0":{"name":"Text","decl":{"start":{"line":48,"column":16},"end":{"line":48,"column":20}},"loc":{"start":{"line":53,"column":14},"end":{"line":63,"column":1}},"line":53},"1":{"name":"H1","decl":{"start":{"line":66,"column":16},"end":{"line":66,"column":18}},"loc":{"start":{"line":66,"column":54},"end":{"line":68,"column":1}},"line":66},"2":{"name":"H2","decl":{"start":{"line":70,"column":16},"end":{"line":70,"column":18}},"loc":{"start":{"line":70,"column":54},"end":{"line":72,"column":1}},"line":70},"3":{"name":"H3","decl":{"start":{"line":74,"column":16},"end":{"line":74,"column":18}},"loc":{"start":{"line":74,"column":54},"end":{"line":76,"column":1}},"line":74},"4":{"name":"Caption","decl":{"start":{"line":78,"column":16},"end":{"line":78,"column":23}},"loc":{"start":{"line":78,"column":59},"end":{"line":80,"column":1}},"line":78},"5":{"name":"Small","decl":{"start":{"line":82,"column":16},"end":{"line":82,"column":21}},"loc":{"start":{"line":82,"column":57},"end":{"line":84,"column":1}},"line":82}},"branchMap":{"0":{"loc":{"start":{"line":49,"column":2},"end":{"line":49,"column":18}},"type":"default-arg","locations":[{"start":{"line":49,"column":12},"end":{"line":49,"column":18}}],"line":49},"1":{"loc":{"start":{"line":55,"column":21},"end":{"line":55,"column":50}},"type":"cond-expr","locations":[{"start":{"line":55,"column":29},"end":{"line":55,"column":38}},{"start":{"line":55,"column":41},"end":{"line":55,"column":50}}],"line":55}},"s":{"0":0,"1":0,"2":0,"3":0,"4":0,"5":0,"6":0,"7":0,"8":0},"f":{"0":0,"1":0,"2":0,"3":0,"4":0,"5":0},"b":{"0":[0],"1":[0,0]}}
,"/Users/thomaslie-gjeseth/Projects/barnehage-plan/apps/mobile/src/components/TextInputField.tsx": {"path":"/Users/thomaslie-gjeseth/Projects/barnehage-plan/apps/mobile/src/components/TextInputField.tsx","statementMap":{"0":{"start":{"line":20,"column":19},"end":{"line":20,"column":26}},"1":{"start":{"line":21,"column":21},"end":{"line":21,"column":30}},"2":{"start":{"line":23,"column":21},"end":{"line":28,"column":3}},"3":{"start":{"line":30,"column":2},"end":{"line":57,"column":4}}},"fnMap":{"0":{"name":"TextInputField","decl":{"start":{"line":12,"column":16},"end":{"line":12,"column":30}},"loc":{"start":{"line":19,"column":24},"end":{"line":58,"column":1}},"line":19}},"branchMap":{"0":{"loc":{"start":{"line":17,"column":2},"end":{"line":17,"column":17}},"type":"default-arg","locations":[{"start":{"line":17,"column":13},"end":{"line":17,"column":17}}],"line":17},"1":{"loc":{"start":{"line":25,"column":4},"end":{"line":25,"column":54}},"type":"cond-expr","locations":[{"start":{"line":25,"column":15},"end":{"line":25,"column":31}},{"start":{"line":25,"column":34},"end":{"line":25,"column":54}}],"line":25},"2":{"loc":{"start":{"line":26,"column":4},"end":{"line":26,"column":43}},"type":"cond-expr","locations":[{"start":{"line":26,"column":17},"end":{"line":26,"column":31}},{"start":{"line":26,"column":34},"end":{"line":26,"column":43}}],"line":26},"3":{"loc":{"start":{"line":32,"column":7},"end":{"line":36,"column":7}},"type":"binary-expr","locations":[{"start":{"line":32,"column":7},"end":{"line":32,"column":12}},{"start":{"line":33,"column":8},"end":{"line":35,"column":15}}],"line":32},"4":{"loc":{"start":{"line":45,"column":7},"end":{"line":49,"column":7}},"type":"binary-expr","locations":[{"start":{"line":45,"column":7},"end":{"line":45,"column":12}},{"start":{"line":46,"column":8},"end":{"line":48,"column":15}}],"line":45},"5":{"loc":{"start":{"line":51,"column":7},"end":{"line":55,"column":7}},"type":"binary-expr","locations":[{"start":{"line":51,"column":7},"end":{"line":51,"column":17}},{"start":{"line":51,"column":21},"end":{"line":51,"column":27}},{"start":{"line":52,"column":8},"end":{"line":54,"column":15}}],"line":51}},"s":{"0":0,"1":0,"2":0,"3":0},"f":{"0":0},"b":{"0":[0],"1":[0,0],"2":[0,0],"3":[0,0],"4":[0,0],"5":[0,0,0]}}
,"/Users/thomaslie-gjeseth/Projects/barnehage-plan/apps/mobile/src/components/TodayCard.tsx": {"path":"/Users/thomaslie-gjeseth/Projects/barnehage-plan/apps/mobile/src/components/TodayCard.tsx","statementMap":{"0":{"start":{"line":24,"column":0},"end":{"line":24,"column":19}},"1":{"start":{"line":27,"column":0},"end":{"line":29,"column":1}},"2":{"start":{"line":28,"column":2},"end":{"line":28,"column":56}},"3":{"start":{"line":46,"column":24},"end":{"line":46,"column":52}},"4":{"start":{"line":62,"column":32},"end":{"line":62,"column":46}},"5":{"start":{"line":63,"column":46},"end":{"line":63,"column":75}},"6":{"start":{"line":64,"column":50},"end":{"line":64,"column":65}},"7":{"start":{"line":65,"column":54},"end":{"line":65,"column":69}},"8":{"start":{"line":66,"column":50},"end":{"line":66,"column":65}},"9":{"start":{"line":67,"column":54},"end":{"line":67,"column":83}},"10":{"start":{"line":68,"column":56},"end":{"line":68,"column":112}},"11":{"start":{"line":69,"column":44},"end":{"line":69,"column":58}},"12":{"start":{"line":70,"column":48},"end":{"line":70,"column":63}},"13":{"start":{"line":71,"column":22},"end":{"line":71,"column":39}},"14":{"start":{"line":72,"column":19},"end":{"line":72,"column":39}},"15":{"start":{"line":73,"column":22},"end":{"line":73,"column":75}},"16":{"start":{"line":74,"column":21},"end":{"line":74,"column":74}},"17":{"start":{"line":77,"column":22},"end":{"line":77,"column":59}},"18":{"start":{"line":78,"column":28},"end":{"line":78,"column":65}},"19":{"start":{"line":79,"column":26},"end":{"line":79,"column":63}},"20":{"start":{"line":80,"column":23},"end":{"line":80,"column":60}},"21":{"start":{"line":81,"column":29},"end":{"line":81,"column":66}},"22":{"start":{"line":82,"column":27},"end":{"line":82,"column":64}},"23":{"start":{"line":83,"column":22},"end":{"line":83,"column":59}},"24":{"start":{"line":85,"column":18},"end":{"line":85,"column":29}},"25":{"start":{"line":86,"column":18},"end":{"line":86,"column":48}},"26":{"start":{"line":87,"column":21},"end":{"line":87,"column":65}},"27":{"start":{"line":89,"column":16},"end":{"line":89,"column":98}},"28":{"start":{"line":90,"column":18},"end":{"line":90,"column":47}},"29":{"start":{"line":91,"column":26},"end":{"line":91,"column":99}},"30":{"start":{"line":91,"column":40},"end":{"line":91,"column":80}},"31":{"start":{"line":94,"column":22},"end":{"line":98,"column":3}},"32":{"start":{"line":95,"column":4},"end":{"line":95,"column":48}},"33":{"start":{"line":95,"column":36},"end":{"line":95,"column":48}},"34":{"start":{"line":96,"column":19},"end":{"line":96,"column":77}},"35":{"start":{"line":96,"column":37},"end":{"line":96,"column":76}},"36":{"start":{"line":97,"column":4},"end":{"line":97,"column":37}},"37":{"start":{"line":101,"column":25},"end":{"line":107,"column":3}},"38":{"start":{"line":102,"column":4},"end":{"line":102,"column":53}},"39":{"start":{"line":102,"column":36},"end":{"line":102,"column":53}},"40":{"start":{"line":103,"column":19},"end":{"line":103,"column":77}},"41":{"start":{"line":103,"column":37},"end":{"line":103,"column":76}},"42":{"start":{"line":104,"column":4},"end":{"line":104,"column":34}},"43":{"start":{"line":104,"column":17},"end":{"line":104,"column":34}},"44":{"start":{"line":105,"column":24},"end":{"line":105,"column":47}},"45":{"start":{"line":106,"column":4},"end":{"line":106,"column":85}},"46":{"start":{"line":110,"column":2},"end":{"line":128,"column":62}},"47":{"start":{"line":112,"column":4},"end":{"line":114,"column":5}},"48":{"start":{"line":113,"column":6},"end":{"line":113,"column":13}},"49":{"start":{"line":117,"column":4},"end":{"line":122,"column":5}},"50":{"start":{"line":118,"column":6},"end":{"line":120,"column":7}},"51":{"start":{"line":119,"column":8},"end":{"line":119,"column":76}},"52":{"start":{"line":121,"column":6},"end":{"line":121,"column":35}},"53":{"start":{"line":125,"column":4},"end":{"line":127,"column":5}},"54":{"start":{"line":126,"column":6},"end":{"line":126,"column":46}},"55":{"start":{"line":131,"column":2},"end":{"line":168,"column":26}},"56":{"start":{"line":132,"column":4},"end":{"line":132,"column":29}},"57":{"start":{"line":132,"column":22},"end":{"line":132,"column":29}},"58":{"start":{"line":134,"column":26},"end":{"line":165,"column":5}},"59":{"start":{"line":135,"column":20},"end":{"line":135,"column":59}},"60":{"start":{"line":136,"column":6},"end":{"line":136,"column":31}},"61":{"start":{"line":139,"column":6},"end":{"line":143,"column":7}},"62":{"start":{"line":140,"column":30},"end":{"line":140,"column":61}},"63":{"start":{"line":141,"column":8},"end":{"line":141,"column":46}},"64":{"start":{"line":142,"column":8},"end":{"line":142,"column":32}},"65":{"start":{"line":146,"column":6},"end":{"line":164,"column":7}},"66":{"start":{"line":148,"column":26},"end":{"line":148,"column":69}},"67":{"start":{"line":149,"column":8},"end":{"line":149,"column":41}},"68":{"start":{"line":151,"column":8},"end":{"line":154,"column":9}},"69":{"start":{"line":152,"column":10},"end":{"line":152,"column":36}},"70":{"start":{"line":153,"column":10},"end":{"line":153,"column":84}},"71":{"start":{"line":157,"column":26},"end":{"line":157,"column":69}},"72":{"start":{"line":158,"column":8},"end":{"line":158,"column":41}},"73":{"start":{"line":160,"column":8},"end":{"line":163,"column":9}},"74":{"start":{"line":161,"column":10},"end":{"line":161,"column":36}},"75":{"start":{"line":162,"column":10},"end":{"line":162,"column":84}},"76":{"start":{"line":167,"column":4},"end":{"line":167,"column":20}},"77":{"start":{"line":171,"column":2},"end":{"line":201,"column":113}},"78":{"start":{"line":172,"column":4},"end":{"line":172,"column":34}},"79":{"start":{"line":172,"column":27},"end":{"line":172,"column":34}},"80":{"start":{"line":175,"column":25},"end":{"line":175,"column":50}},"81":{"start":{"line":177,"column":4},"end":{"line":181,"column":5}},"82":{"start":{"line":179,"column":6},"end":{"line":179,"column":32}},"83":{"start":{"line":180,"column":6},"end":{"line":180,"column":30}},"84":{"start":{"line":183,"column":31},"end":{"line":183,"column":76}},"85":{"start":{"line":185,"column":4},"end":{"line":200,"column":5}},"86":{"start":{"line":187,"column":23},"end":{"line":187,"column":39}},"87":{"start":{"line":188,"column":24},"end":{"line":188,"column":88}},"88":{"start":{"line":192,"column":32},"end":{"line":192,"column":55}},"89":{"start":{"line":195,"column":6},"end":{"line":197,"column":7}},"90":{"start":{"line":196,"column":8},"end":{"line":196,"column":27}},"91":{"start":{"line":199,"column":6},"end":{"line":199,"column":31}},"92":{"start":{"line":204,"column":2},"end":{"line":220,"column":43}},"93":{"start":{"line":205,"column":4},"end":{"line":219,"column":15}},"94":{"start":{"line":222,"column":31},"end":{"line":231,"column":3}},"95":{"start":{"line":223,"column":4},"end":{"line":223,"column":34}},"96":{"start":{"line":223,"column":27},"end":{"line":223,"column":34}},"97":{"start":{"line":226,"column":4},"end":{"line":228,"column":5}},"98":{"start":{"line":227,"column":6},"end":{"line":227,"column":61}},"99":{"start":{"line":230,"column":4},"end":{"line":230,"column":23}},"100":{"start":{"line":233,"column":27},"end":{"line":257,"column":3}},"101":{"start":{"line":234,"column":4},"end":{"line":234,"column":38}},"102":{"start":{"line":234,"column":31},"end":{"line":234,"column":38}},"103":{"start":{"line":236,"column":4},"end":{"line":236,"column":30}},"104":{"start":{"line":237,"column":4},"end":{"line":256,"column":5}},"105":{"start":{"line":239,"column":19},"end":{"line":239,"column":64}},"106":{"start":{"line":239,"column":46},"end":{"line":239,"column":63}},"107":{"start":{"line":240,"column":6},"end":{"line":240,"column":24}},"108":{"start":{"line":240,"column":17},"end":{"line":240,"column":24}},"109":{"start":{"line":243,"column":24},"end":{"line":243,"column":63}},"110":{"start":{"line":246,"column":6},"end":{"line":246,"column":76}},"111":{"start":{"line":249,"column":6},"end":{"line":251,"column":8}},"112":{"start":{"line":250,"column":8},"end":{"line":250,"column":78}},"113":{"start":{"line":250,"column":25},"end":{"line":250,"column":76}},"114":{"start":{"line":253,"column":6},"end":{"line":253,"column":61}},"115":{"start":{"line":255,"column":6},"end":{"line":255,"column":33}},"116":{"start":{"line":259,"column":2},"end":{"line":526,"column":4}},"117":{"start":{"line":478,"column":14},"end":{"line":483,"column":21}},"118":{"start":{"line":494,"column":29},"end":{"line":494,"column":56}},"119":{"start":{"line":513,"column":23},"end":{"line":513,"column":51}},"120":{"start":{"line":523,"column":23},"end":{"line":523,"column":49}}},"fnMap":{"0":{"name":"TodayCard","decl":{"start":{"line":48,"column":24},"end":{"line":48,"column":33}},"loc":{"start":{"line":61,"column":19},"end":{"line":527,"column":1}},"line":61},"1":{"name":"(anonymous_1)","decl":{"start":{"line":91,"column":34},"end":{"line":91,"column":35}},"loc":{"start":{"line":91,"column":40},"end":{"line":91,"column":80}},"line":91},"2":{"name":"(anonymous_2)","decl":{"start":{"line":94,"column":22},"end":{"line":94,"column":23}},"loc":{"start":{"line":94,"column":65},"end":{"line":98,"column":3}},"line":94},"3":{"name":"(anonymous_3)","decl":{"start":{"line":96,"column":32},"end":{"line":96,"column":33}},"loc":{"start":{"line":96,"column":37},"end":{"line":96,"column":76}},"line":96},"4":{"name":"(anonymous_4)","decl":{"start":{"line":101,"column":25},"end":{"line":101,"column":26}},"loc":{"start":{"line":101,"column":61},"end":{"line":107,"column":3}},"line":101},"5":{"name":"(anonymous_5)","decl":{"start":{"line":103,"column":32},"end":{"line":103,"column":33}},"loc":{"start":{"line":103,"column":37},"end":{"line":103,"column":76}},"line":103},"6":{"name":"(anonymous_6)","decl":{"start":{"line":110,"column":12},"end":{"line":110,"column":13}},"loc":{"start":{"line":110,"column":18},"end":{"line":128,"column":3}},"line":110},"7":{"name":"(anonymous_7)","decl":{"start":{"line":131,"column":12},"end":{"line":131,"column":13}},"loc":{"start":{"line":131,"column":18},"end":{"line":168,"column":3}},"line":131},"8":{"name":"(anonymous_8)","decl":{"start":{"line":134,"column":26},"end":{"line":134,"column":27}},"loc":{"start":{"line":134,"column":38},"end":{"line":165,"column":5}},"line":134},"9":{"name":"(anonymous_9)","decl":{"start":{"line":171,"column":12},"end":{"line":171,"column":13}},"loc":{"start":{"line":171,"column":18},"end":{"line":201,"column":3}},"line":171},"10":{"name":"(anonymous_10)","decl":{"start":{"line":204,"column":12},"end":{"line":204,"column":13}},"loc":{"start":{"line":204,"column":18},"end":{"line":220,"column":3}},"line":204},"11":{"name":"(anonymous_11)","decl":{"start":{"line":222,"column":31},"end":{"line":222,"column":32}},"loc":{"start":{"line":222,"column":37},"end":{"line":231,"column":3}},"line":222},"12":{"name":"(anonymous_12)","decl":{"start":{"line":233,"column":27},"end":{"line":233,"column":28}},"loc":{"start":{"line":233,"column":54},"end":{"line":257,"column":3}},"line":233},"13":{"name":"(anonymous_13)","decl":{"start":{"line":239,"column":39},"end":{"line":239,"column":40}},"loc":{"start":{"line":239,"column":46},"end":{"line":239,"column":63}},"line":239},"14":{"name":"(anonymous_14)","decl":{"start":{"line":249,"column":24},"end":{"line":249,"column":25}},"loc":{"start":{"line":250,"column":8},"end":{"line":250,"column":78}},"line":250},"15":{"name":"(anonymous_15)","decl":{"start":{"line":250,"column":17},"end":{"line":250,"column":18}},"loc":{"start":{"line":250,"column":25},"end":{"line":250,"column":76}},"line":250},"16":{"name":"(anonymous_16)","decl":{"start":{"line":390,"column":48},"end":{"line":390,"column":49}},"loc":{"start":{"line":390,"column":54},"end":{"line":390,"column":56}},"line":390},"17":{"name":"(anonymous_17)","decl":{"start":{"line":411,"column":47},"end":{"line":411,"column":48}},"loc":{"start":{"line":411,"column":53},"end":{"line":411,"column":55}},"line":411},"18":{"name":"(anonymous_18)","decl":{"start":{"line":477,"column":23},"end":{"line":477,"column":24}},"loc":{"start":{"line":478,"column":14},"end":{"line":483,"column":21}},"line":478},"19":{"name":"(anonymous_19)","decl":{"start":{"line":494,"column":23},"end":{"line":494,"column":24}},"loc":{"start":{"line":494,"column":29},"end":{"line":494,"column":56}},"line":494},"20":{"name":"(anonymous_20)","decl":{"start":{"line":513,"column":17},"end":{"line":513,"column":18}},"loc":{"start":{"line":513,"column":23},"end":{"line":513,"column":51}},"line":513},"21":{"name":"(anonymous_21)","decl":{"start":{"line":523,"column":17},"end":{"line":523,"column":18}},"loc":{"start":{"line":523,"column":23},"end":{"line":523,"column":49}},"line":523}},"branchMap":{"0":{"loc":{"start":{"line":27,"column":0},"end":{"line":29,"column":1}},"type":"if","locations":[{"start":{"line":27,"column":0},"end":{"line":29,"column":1}},{"start":{},"end":{}}],"line":27},"1":{"loc":{"start":{"line":27,"column":4},"end":{"line":27,"column":80}},"type":"binary-expr","locations":[{"start":{"line":27,"column":4},"
[...]
:83,"column":55}},"28":{"start":{"line":91,"column":2},"end":{"line":134,"column":3}},"29":{"start":{"line":93,"column":60},"end":{"line":98,"column":30}},"30":{"start":{"line":100,"column":4},"end":{"line":100,"column":45}},"31":{"start":{"line":100,"column":24},"end":{"line":100,"column":45}},"32":{"start":{"line":102,"column":4},"end":{"line":104,"column":5}},"33":{"start":{"line":103,"column":6},"end":{"line":103,"column":19}},"34":{"start":{"line":107,"column":53},"end":{"line":111,"column":59}},"35":{"start":{"line":111,"column":49},"end":{"line":111,"column":57}},"36":{"start":{"line":113,"column":4},"end":{"line":113,"column":39}},"37":{"start":{"line":113,"column":21},"end":{"line":113,"column":39}},"38":{"start":{"line":116,"column":22},"end":{"line":116,"column":47}},"39":{"start":{"line":117,"column":4},"end":{"line":119,"column":7}},"40":{"start":{"line":118,"column":6},"end":{"line":118,"column":48}},"41":{"start":{"line":122,"column":4},"end":{"line":128,"column":5}},"42":{"start":{"line":123,"column":21},"end":{"line":123,"column":44}},"43":{"start":{"line":125,"column":6},"end":{"line":127,"column":7}},"44":{"start":{"line":126,"column":8},"end":{"line":126,"column":20}},"45":{"start":{"line":130,"column":4},"end":{"line":130,"column":17}},"46":{"start":{"line":132,"column":4},"end":{"line":132,"column":63}},"47":{"start":{"line":133,"column":4},"end":{"line":133,"column":17}},"48":{"start":{"line":144,"column":2},"end":{"line":147,"column":3}},"49":{"start":{"line":145,"column":4},"end":{"line":145,"column":54}},"50":{"start":{"line":146,"column":4},"end":{"line":146,"column":16}},"51":{"start":{"line":149,"column":2},"end":{"line":248,"column":3}},"52":{"start":{"line":150,"column":4},"end":{"line":150,"column":63}},"53":{"start":{"line":151,"column":4},"end":{"line":151,"column":44}},"54":{"start":{"line":152,"column":4},"end":{"line":152,"column":33}},"55":{"start":{"line":153,"column":4},"end":{"line":153,"column":48}},"56":{"start":{"line":156,"column":4},"end":{"line":156,"column":76}},"57":{"start":{"line":157,"column":4},"end":{"line":157,"column":44}},"58":{"start":{"line":160,"column":29},"end":{"line":160,"column":56}},"59":{"start":{"line":161,"column":4},"end":{"line":161,"column":52}},"60":{"start":{"line":164,"column":16},"end":{"line":164,"column":26}},"61":{"start":{"line":165,"column":26},"end":{"line":165,"column":36}},"62":{"start":{"line":166,"column":4},"end":{"line":166,"column":49}},"63":{"start":{"line":168,"column":4},"end":{"line":168,"column":57}},"64":{"start":{"line":169,"column":4},"end":{"line":169,"column":72}},"65":{"start":{"line":172,"column":4},"end":{"line":177,"column":5}},"66":{"start":{"line":173,"column":6},"end":{"line":173,"column":57}},"67":{"start":{"line":174,"column":6},"end":{"line":174,"column":105}},"68":{"start":{"line":176,"column":6},"end":{"line":176,"column":77}},"69":{"start":{"line":182,"column":4},"end":{"line":207,"column":5}},"70":{"start":{"line":185,"column":31},"end":{"line":185,"column":91}},"71":{"start":{"line":186,"column":6},"end":{"line":186,"column":111}},"72":{"start":{"line":189,"column":6},"end":{"line":193,"column":8}},"73":{"start":{"line":194,"column":6},"end":{"line":194,"column":59}},"74":{"start":{"line":200,"column":6},"end":{"line":205,"column":8}},"75":{"start":{"line":206,"column":6},"end":{"line":206,"column":50}},"76":{"start":{"line":209,"column":4},"end":{"line":209,"column":69}},"77":{"start":{"line":212,"column":23},"end":{"line":212,"column":69}},"78":{"start":{"line":213,"column":4},"end":{"line":213,"column":65}},"79":{"start":{"line":216,"column":4},"end":{"line":216,"column":56}},"80":{"start":{"line":218,"column":25},"end":{"line":225,"column":5}},"81":{"start":{"line":228,"column":4},"end":{"line":231,"column":5}},"82":{"start":{"line":229,"column":6},"end":{"line":229,"column":48}},"83":{"start":{"line":230,"column":6},"end":{"line":230,"column":66}},"84":{"start":{"line":233,"column":27},"end":{"line":236,"column":6}},"85":{"start":{"line":238,"column":4},"end":{"line":238,"column":114}},"86":{"start":{"line":239,"column":4},"end":{"line":239,"column":44}},"87":{"start":{"line":240,"column":4},"end":{"line":240,"column":26}},"88":{"start":{"line":242,"column":4},"end":{"line":242,"column":56}},"89":{"start":{"line":243,"column":4},"end":{"line":243,"column":97}},"90":{"start":{"line":244,"column":4},"end":{"line":244,"column":92}},"91":{"start":{"line":245,"column":4},"end":{"line":245,"column":40}},"92":{"start":{"line":246,"column":4},"end":{"line":246,"column":55}},"93":{"start":{"line":247,"column":4},"end":{"line":247,"column":16}},"94":{"start":{"line":255,"column":2},"end":{"line":257,"column":3}},"95":{"start":{"line":256,"column":4},"end":{"line":256,"column":11}},"96":{"start":{"line":259,"column":2},"end":{"line":273,"column":3}},"97":{"start":{"line":260,"column":35},"end":{"line":260,"column":90}},"98":{"start":{"line":261,"column":4},"end":{"line":261,"column":88}},"99":{"start":{"line":263,"column":25},"end":{"line":263,"column":26}},"100":{"start":{"line":264,"column":4},"end":{"line":269,"column":5}},"101":{"start":{"line":265,"column":6},"end":{"line":268,"column":7}},"102":{"start":{"line":266,"column":8},"end":{"line":266,"column":86}},"103":{"start":{"line":267,"column":8},"end":{"line":267,"column":25}},"104":{"start":{"line":270,"column":4},"end":{"line":270,"column":71}},"105":{"start":{"line":272,"column":4},"end":{"line":272,"column":59}},"106":{"start":{"line":280,"column":2},"end":{"line":282,"column":3}},"107":{"start":{"line":281,"column":4},"end":{"line":281,"column":14}},"108":{"start":{"line":284,"column":2},"end":{"line":294,"column":3}},"109":{"start":{"line":285,"column":29},"end":{"line":285,"column":84}},"110":{"start":{"line":286,"column":35},"end":{"line":288,"column":5}},"111":{"start":{"line":287,"column":11},"end":{"line":287,"column":56}},"112":{"start":{"line":289,"column":4},"end":{"line":289,"column":78}},"113":{"start":{"line":290,"column":4},"end":{"line":290,"column":34}},"114":{"start":{"line":292,"column":4},"end":{"line":292,"column":67}},"115":{"start":{"line":293,"column":4},"end":{"line":293,"column":14}},"116":{"start":{"line":301,"column":2},"end":{"line":303,"column":3}},"117":{"start":{"line":302,"column":4},"end":{"line":302,"column":16}},"118":{"start":{"line":305,"column":2},"end":{"line":339,"column":3}},"119":{"start":{"line":306,"column":4},"end":{"line":306,"column":58}},"120":{"start":{"line":307,"column":4},"end":{"line":307,"column":42}},"121":{"start":{"line":308,"column":4},"end":{"line":308,"column":65}},"122":{"start":{"line":310,"column":25},"end":{"line":315,"column":5}},"123":{"start":{"line":318,"column":4},"end":{"line":321,"column":5}},"124":{"start":{"line":319,"column":6},"end":{"line":319,"column":48}},"125":{"start":{"line":320,"column":6},"end":{"line":320,"column":66}},"126":{"start":{"line":323,"column":27},"end":{"line":329,"column":6}},"127":{"start":{"line":331,"column":4},"end":{"line":331,"column":76}},"128":{"start":{"line":332,"column":4},"end":{"line":332,"column":49}},"129":{"start":{"line":333,"column":4},"end":{"line":333,"column":26}},"130":{"start":{"line":335,"column":4},"end":{"line":335,"column":59}},"131":{"start":{"line":336,"column":4},"end":{"line":336,"column":40}},"132":{"start":{"line":337,"column":4},"end":{"line":337,"column":60}},"133":{"start":{"line":338,"column":4},"end":{"line":338,"column":16}},"134":{"start":{"line":346,"column":2},"end":{"line":365,"column":3}},"135":{"start":{"line":347,"column":28},"end":{"line":351,"column":15}},"136":{"start":{"line":353,"column":4},"end":{"line":353,"column":27}},"137":{"start":{"line":353,"column":15},"end":{"line":353,"column":27}},"138":{"start":{"line":355,"column":4},"end":{"line":358,"column":6}},"139":{"start":{"line":360,"column":4},"end":{"line":360,"column":66}},"140":{"start":{"line":361,"column":4},"end":{"line":364,"column":6}},"141":{"start":{"line":375,"column":2},"end":{"line":389,"column":3}},"142":{"start":{"line":376,"column":22},"end":{"line":382,"column":25}},"143":{"start":{"line":384,"column":4},"end":{"line":384,"column":27}},"144":{"start":{"line":384,"column":15},"end":{"line":384,"column":27}},"145":{"start":{"line":385,"column":4},"end":{"line":385,"column":16}},"146":{"start":{"line":387,"column":4},"end":{"line":387,"column":64}},"147":{"start":{"line":388,"column":4},"end":{"line":388,"column":17}},"148":{"start":{"line":400,"column":2},"end":{"line":402,"column":3}},"149":{"start":{"line":401,"column":4},"end":{"line":401,"column":11}},"150":{"start":{"line":404,"column":2},"end":{"line":426,"column":3}},"151":{"start":{"line":406,"column":21},"end":{"line":406,"column":60}},"152":{"start":{"line":409,"column":4},"end":{"line":411,"column":5}},"153":{"start":{"line":410,"column":6},"end":{"line":410,"column":13}},"154":{"start":{"line":414,"column":23},"end":{"line":414,"column":69}},"155":{"start":{"line":420,"column":4},"end":{"line":423,"column":5}},"156":{"start":{"line":421,"column":6},"end":{"line":421,"column":70}},"157":{"start":{"line":422,"column":6},"end":{"line":422,"column":76}},"158":{"start":{"line":425,"column":4},"end":{"line":425,"column":61}}},"fnMap":{"0":{"name":"(anonymous_0)","decl":{"start":{"line":21,"column":22},"end":{"line":21,"column":23}},"loc":{"start":{"line":21,"column":35},"end":{"line":25,"column":3}},"line":21},"1":{"name":"requestNotificationPermissions","decl":{"start":{"line":36,"column":22},"end":{"line":36,"column":52}},"loc":{"start":{"line":36,"column":73},"end":{"line":60,"column":1}},"line":36},"2":{"name":"setupNotificationChannel","decl":{"start":{"line":65,"column":22},"end":{"line":65,"column":46}},"loc":{"start":{"line":65,"column":49},"end":{"line":85,"column":1}},"line":65},"3":{"name":"hasMissingCriticalEquipment","decl":{"start":{"line":90,"column":15},"end":{"line":90,"column":42}},"loc":{"start":{"line":90,"column":82},"end":{"line":135,"column":1}},"line":90},"4":{"name":"(anonymous_4)","decl":{"start":{"line":111,"column":41},"end":{"line":111,"column":42}},"loc":{"start":{"line":111,"column":49},"end":{"line":111,"column":57}},"line":111},"5":{"name":"(anonymous_5)","decl":{"start":{"line":117,"column":24},"end":{"line":117,"column":25}},"loc":{"start":{"line":117,"column":39},"end":{"line":119,"column":5}},"line":117},"6":{"name":"scheduleEquipmentNotification","decl":{"start":{"line":140,"column":22},"end":{"line":140,"column":51}},"loc":{"start":{"line":143,"column":26},"end":{"line":249,"column":1}},"line":143},"7":{"name":"cancelAllEquipmentNotifications","decl":{"start":{"line":254,"column":22},"end":{"line":254,"column":53}},"loc":{"start":{"line":254,"column":56},"end":{"line":274,"column":1}},"line":254},"8":{"name":"getScheduledNotifications","decl":{"start":{"line":279,"column":22},"end":{"line":279,"column":47}},"loc":{"start":{"line":279,"column":50},"end":{"line":295,"column":1}},"line":279},"9":{"name":"(anonymous_9)","decl":{"start":{"line":287,"column":6},"end":{"line":287,"column":7}},"loc":{"start":{"line":287,"column":11},"end":{"line":287,"column":56}},"line":287},"10":{"name":"scheduleTestNotification","decl":{"start":{"line":300,"column":22},"end":{"line":300,"column":46}},"loc":{"start":{"line":300,"column":73},"end":{"line":340,"column":1}},"line":300},"11":{"name":"getNotificationSettings","decl":{"start":{"line":345,"column":22},"end":{"line":345,"column":45}},"loc":{"start":{"line":345,"column":95},"end":{"line":366,"column":1}},"line":345},"12":{"name":"saveNotificationSettings","decl":{"start":{"line":371,"column":22},"end":{"line":371,"column":46}},"loc":{"start":{"line":374,"column":20},"end":{"line":390,"column":1}},"line":374},"13":{"name":"rescheduleNotificationIfNeeded","decl":{"start":{"line":396,"column":22},"end":{"line":396,"column":52}},"loc":{"start":{"line":399,"column":17},"end":{"line":427,"column":1}},"line":399}},"branchMap":{"0":{"loc":{"start":{"line":37,"column":2},"end":{"line":40,"column":3}},"type":"if","locations":[{"start":{"line":37,"column":2},"end":{"line":40,"column":3}},{"start":{},"end":{}}],"line":37},"1":{"loc":{"start":{"line":48,"column":2},"end":{"line":53,"column":3}},"type":"if","locations":[{"start":{"line":48,"column":2},"end":{"line":53,"column":3}},{"start":{},"end":{}}],"line":48},"2":{"loc":{"start":{"line":56,"column":31},"end":{"line":56,"column":65}},"type":"cond-expr","locations":[{"start":{"line":56,"column":41},"end":{"line":56,"column":52}},{"start":{"line":56,"column":55},"end":{"line":56,"column":65}}],"line":56},"3":{"loc":{"start":{"line":66,"column":2},"end":{"line":84,"column":3}},"type":"if","locations":[{"start":{"line":66,"column":2},"end":{"line":84,"column":3}},{"start":{"line":82,"column":9},"end":{"line":84,"column":3}}],"line":66},"4":{"loc":{"start":{"line":100,"column":4},"end":{"line":100,"column":45}},"type":"if","locations":[{"start":{"line":100,"column":4},"end":{"line":100,"column":45}},{"start":{},"end":{}}],"line":100},"5":{"loc":{"start":{"line":102,"column":4},"end":{"line":104,"column":5}},"type":"if","locations":[{"start":{"line":102,"column":4},"end":{"line":104,"column":5}},{"start":{},"end":{}}],"line":102},"6":{"loc":{"start":{"line":102,"column":8},"end":{"line":102,"column":54}},"type":"binary-expr","locations":[{"start":{"line":102,"column":8},"end":{"line":102,"column":23}},{"start":{"line":102,"column":27},"end":{"line":102,"column":54}}],"line":102},"7":{"loc":{"start":{"line":113,"column":4},"end":{"line":113,"column":39}},"type":"if","locations":[{"start":{"line":113,"column":4},"end":{"line":113,"column":39}},{"start":{},"end":{}}],"line":113},"8":{"loc":{"start":{"line":125,"column":6},"end":{"line":127,"column":7}},"type":"if","locations":[{"start":{"line":125,"column":6},"end":{"line":127,"column":7}},{"start":{},"end":{}}],"line":125},"9":{"loc":{"start":{"line":144,"column":2},"end":{"line":147,"column":3}},"type":"if","locations":[{"start":{"line":144,"column":2},"end":{"line":147,"column":3}},{"start":{},"end":{}}],"line":144},"10":{"loc":{"start":{"line":172,"column":4},"end":{"line":177,"column":5}},"type":"if","locations":[{"start":{"line":172,"column":4},"end":{"line":177,"column":5}},{"start":{"line":175,"column":11},"end":{"line":177,"column":5}}],"line":172},"11":{"loc":{"start":{"line":182,"column":4},"end":{"line":207,"column":5}},"type":"if","locations":[{"start":{"line":182,"column":4},"end":{"line":207,"column":5}},{"start":{"line":195,"column":11},"end":{"line":207,"column":5}}],"line":182},"12":{"loc":{"start":{"line":220,"column":12},"end":{"line":222,"column":62}},"type":"cond-expr","locations":[{"start":{"line":221,"column":10},"end":{"line":221,"column":63}},{"start":{"line":222,"column":10},"end":{"line":222,"column":62}}],"line":220},"13":{"loc":{"start":{"line":228,"column":4},"end":{"line":231,"column":5}},"type":"if","locations":[{"start":{"line":228,"column":4},"end":{"line":231,"column":5}},{"start":{},"end":{}}],"line":228},"14":{"loc":{"start":{"line":243,"column":33},"end":{"line":243,"column":95}},"type":"cond-expr","locations":[{"start":{"line":243,"column":58},"end":{"line":243,"column":80}},{"start":{"line":243,"column":83},"end":{"line":243,"column":95}}],"line":243},"15":{"loc":{"start":{"line":244,"column":36},"end":{"line":244,"column":90}},"type":"cond-expr","locations":[{"start":{"line":244,"column":61},"end":{"line":244,"column":74}},{"start":{"line":244,"column":77},"end":{"line":244,"column":90}}],"line":244},"16":{"loc":{"start":{"line":255,"column":2},"end":{"line":257,"column":3}},"type":"if","locations":[{"start":{"line":255,"column":2},"end":{"line":257,"column":3}},{"start":{},"end":{}}],"line":255},"17":{"loc":{"start":{"line":265,"column":6},"end":{"line":268,"column":7}},"type":"if","locations":[{"start":{"line":265,"column":6},"end":{"line":268,"column":7}},{"start":{},"end":{}}],"line":265},"18":{"loc":{"start":{"line":280,"column":2},"end":{"line":282,"column":3}},"type":"if","locations":[{"start":{"line":280,"column":2},"end":{"line":282,"column":3}},{"start":{},"end":{}}],"line":280},"19":{"loc":{"start":{"line":301,"column":2},"end":{"line":303,"column":3}},"type":"if","locations":[{"start":{"line":301,"column":2},"end":{"line":303,"column":3}},{"start":{},"end":{}}],"line":301},"20":{"loc":{"start":{"line":318,"column":4},"end":{"line":321,"column":5}},"type":"if","locations":[{"start":{"line":318,"column":4},"end":{"line":321,"column":5}},{"start":{},"end":{}}],"line":318},"21":{"loc":{"start":{"line":353,"column":4},"end":{"line":353,"column":27}},"type":"if","locations":[{"start":{"line":353,"column":4},"end":{"line":353,"column":27}},{"start":{},"end":{}}],"line":353},"22":{"loc":{"start":{"line":356,"column":15},"end":{"line":356,"column":49}},"type":"binary-expr","locations":[{"start":{"line":356,"column":15},"end":{"line":356,"column":41}},{"start":{"line":356,"column":45},"end":{"line":356,"column":49}}],"line":356},"23":{"loc":{"start":{"line":357,"column":12},"end":{"line":357,"column":46}},"type":"binary-expr","locations":[{"start":{"line":357,"column":12},"end":{"line":357,"column":35}},{"start":{"line":357,"column":39},"end":{"line":357,"column":46}}],"line":357},"24":{"loc":{"start":{"line":384,"column":4},"end":{"line":384,"column":27}},"type":"if","locations":[{"start":{"line":384,"column":4},"end":{"line":384,"column":27}},{"start":{},"end":{}}],"line":384},"25":{"loc":{"start":{"line":400,"column":2},"end":{"line":402,"column":3}},"type":"if","locations":[{"start":{"line":400,"column":2},"end":{"line":402,"column":3}},{"start":{},"end":{}}],"line":400},"26":{"loc":{"start":{"line":409,"column":4},"end":{"line":411,"column":5}},"type":"if","locations":[{"start":{"line":409,"column":4},"end":{"line":411,"column":5}},{"start":{},"end":{}}],"line":409},"27":{"loc":{"start":{"line":420,"column":4},"end":{"line":423,"column":5}},"type":"if","locations":[{"start":{"line":420,"column":4},"end":{"line":423,"column":5}},{"start":{},"end":{}}],"line":420},"28":{"loc":{"start":{"line":420,"column":8},"end":{"line":420,"column":47}},"type":"binary-expr","locations":[{"start":{"line":420,"column":8},"end":{"line":420,"column":33}},{"start":{"line":420,"column":37},"end":{"line":420,"column":47}}],"line":420}},"s":{"0":1,"1":0,"2":0,"3":0,"4":0,"5":0,"6":0,"7":0,"8":0,"9":0,"10":0,"11":0,"12":0,"13":0,"14":0,"15":0,"16":0,"17":0,"18":0,"19":0,"20":0,"21":0,"22":0,"23":0,"24":0,"25":0,"26":0,"27":0,"28":0,"29":0,"30":0,"31":0,"32":0,"33":0,"34":0,"35":0,"36":0,"37":0,"38":0,"39":0,"40":0,"41":0,"42":0,"43":0,"44":0,"45":0,"46":0,"47":0,"48":0,"49":0,"50":0,"51":0,"52":0,"53":0,"54":0,"55":0,"56":0,"57":0,"58":0,"59":0,"60":0,"61":0,"62":0,"63":0,"64":0,"65":0,"66":0,"67":0,"68":0,"69":0,"70":0,"71":0,"72":0,"73":0,"74":0,"75":0,"76":0,"77":0,"78":0,"79":0,"80":0,"81":0,"82":0,"83":0,"84":0,"85":0,"86":0,"87":0,"88":0,"89":0,"90":0,"91":0,"92":0,"93":0,"94":0,"95":0,"96":0,"97":0,"98":0,"99":0,"100":0,"101":0,"102":0,"103":0,"104":0,"105":0,"106":0,"107":0,"108":0,"109":0,"110":0,"111":0,"112":0,"113":0,"114":0,"115":0,"116":0,"117":0,"118":0,"119":0,"120":0,"121":0,"122":0,"123":0,"124":0,"125":0,"126":0,"127":0,"128":0,"129":0,"130":0,"131":0,"132":0,"133":0,"134":0,"135":0,"136":0,"137":0,"138":0,"139":0,"140":0,"141":0,"142":0,"143":0,"144":0,"145":0,"146":0,"147":0,"148":0,"149":0,"150":0,"151":0,"152":0,"153":0,"154":0,"155":0,"156":0,"157":0,"158":0},"f":{"0":0,"1":0,"2":0,"3":0,"4":0,"5":0,"6":0,"7":0,"8":0,"9":0,"10":0,"11":0,"12":0,"13":0},"b":{"0":[0,0],"1":[0,0],"2":[0,0],"3":[0,0],"4":[0,0],"5":[0,0],"6":[0,0],"7":[0,0],"8":[0,0],"9":[0,0],"10":[0,0],"11":[0,0],"12":[0,0],"13":[0,0],"14":[0,0],"15":[0,0],"16":[0,0],"17":[0,0],"18":[0,0],"19":[0,0],"20":[0,0],"21":[0,0],"22":[0,0],"23":[0,0],"24":[0,0],"25":[0,0],"26":[0,0],"27":[0,0],"28":[0,0]},"_coverageSchema":"1a1c01bbd47fc00a2c39e90264f33305004495a9","hash":"8c2edb3768e25f280fa1b29197a84b36b0adae7f"}
}
