TN:
SF:src/components/AddEquipmentItem.tsx
FN:11,AddEquipmentItem
FNF:1
FNH:0
FNDA:0,AddEquipmentItem
DA:16,0
LF:1
LH:0
BRDA:30,0,0,0
BRDA:30,0,1,0
BRF:2
BRH:0
end_of_record
TN:
SF:src/components/AssignmentModal.tsx
FN:22,AssignmentModal
FN:33,(anonymous_1)
FN:60,(anonymous_2)
FN:75,(anonymous_3)
FN:86,(anonymous_4)
FNF:5
FNH:0
FNDA:0,AssignmentModal
FNDA:0,(anonymous_1)
FNDA:0,(anonymous_2)
FNDA:0,(anonymous_3)
FNDA:0,(anonymous_4)
DA:31,0
DA:33,0
DA:34,0
DA:35,0
DA:38,0
DA:60,0
DA:76,0
DA:77,0
DA:79,0
DA:86,0
LF:10
LH:0
BRDA:31,0,0,0
BRDA:31,0,1,0
BRDA:58,1,0,0
BRDA:58,1,1,0
BRDA:65,2,0,0
BRDA:65,2,1,0
BRDA:70,3,0,0
BRDA:70,3,1,0
BRDA:76,4,0,0
BRDA:76,4,1,0
BRDA:84,5,0,0
BRDA:84,5,1,0
BRDA:91,6,0,0
BRDA:91,6,1,0
BRDA:96,7,0,0
BRDA:96,7,1,0
BRF:16
BRH:0
end_of_record
TN:
SF:src/components/Avatar.tsx
FN:12,Avatar
FN:57,(anonymous_1)
FNF:2
FNH:1
FNDA:4,Avatar
FNDA:0,(anonymous_1)
DA:12,1
DA:13,4
DA:14,4
DA:15,4
DA:17,4
DA:18,4
DA:33,0
DA:58,0
LF:8
LH:6
BRDA:12,0,0,0
BRDA:12,1,0,0
BRDA:15,2,0,4
BRDA:15,2,1,3
BRDA:17,3,0,4
BRDA:17,3,1,0
BRDA:17,4,0,4
BRDA:17,4,1,3
BRDA:58,5,0,0
BRDA:58,5,1,0
BRDA:58,5,2,0
BRF:11
BRH:5
end_of_record
TN:
SF:src/components/AvatarPicker.tsx
FN:13,AvatarPicker
FN:18,(anonymous_1)
FN:21,(anonymous_2)
FNF:3
FNH:0
FNDA:0,AvatarPicker
FNDA:0,(anonymous_1)
FNDA:0,(anonymous_2)
DA:14,0
DA:19,0
DA:21,0
LF:3
LH:0
BRDA:24,0,0,0
BRDA:24,0,1,0
BRF:2
BRH:0
end_of_record
TN:
SF:src/components/AvatarTransition.tsx
FN:18,AvatarTransition
FN:38,(anonymous_1)
FN:87,(anonymous_2)
FNF:3
FNH:0
FNDA:0,AvatarTransition
FNDA:0,(anonymous_1)
FNDA:0,(anonymous_2)
DA:16,0
DA:27,0
DA:30,0
DA:31,0
DA:32,0
DA:33,0
DA:34,0
DA:35,0
DA:36,0
DA:38,0
DA:41,0
DA:43,0
DA:88,0
DA:89,0
DA:96,0
DA:98,0
LF:16
LH:0
BRDA:21,0,0,0
BRDA:22,1,0,0
BRDA:88,2,0,0
BRDA:88,2,1,0
BRDA:88,3,0,0
BRDA:88,3,1,0
BRDA:127,4,0,0
BRDA:127,4,1,0
BRDA:145,5,0,0
BRDA:145,5,1,0
BRF:10
BRH:0
end_of_record
TN:
SF:src/components/BackButton.tsx
FN:13,BackButton
FN:16,(anonymous_1)
FNF:2
FNH:0
FNDA:0,BackButton
FNDA:0,(anonymous_1)
DA:14,0
DA:16,0
DA:18,0
DA:19,0
DA:22,0
DA:23,0
DA:25,0
DA:29,0
LF:8
LH:0
BRDA:13,0,0,0
BRDA:18,1,0,0
BRDA:18,1,1,0
BRDA:22,2,0,0
BRDA:22,2,1,0
BRF:5
BRH:0
end_of_record
TN:
SF:src/components/Button.tsx
FN:40,Button
FN:52,(anonymous_1)
FNF:2
FNH:0
FNDA:0,Button
FNDA:0,(anonymous_1)
DA:20,0
DA:27,0
DA:33,0
DA:52,0
DA:53,0
DA:56,0
DA:57,0
DA:60,0
DA:63,0
DA:64,0
DA:65,0
DA:66,0
DA:67,0
DA:69,0
DA:71,0
LF:15
LH:0
BRDA:41,0,0,0
BRDA:42,1,0,0
BRDA:43,2,0,0
BRDA:44,3,0,0
BRDA:45,4,0,0
BRDA:53,5,0,0
BRDA:53,5,1,0
BRDA:53,6,0,0
BRDA:53,6,1,0
BRDA:56,7,0,0
BRDA:56,7,1,0
BRDA:66,8,0,0
BRDA:66,8,1,0
BRDA:67,9,0,0
BRDA:67,9,1,0
BRDA:67,10,0,0
BRDA:67,10,1,0
BRDA:75,11,0,0
BRDA:75,11,1,0
BRDA:79,12,0,0
BRDA:79,12,1,0
BRDA:82,13,0,0
BRDA:82,13,1,0
BRF:23
BRH:0
end_of_record
TN:
SF:src/components/EquipmentBottomSheet.tsx
FN:29,EquipmentItemRow
FN:33,(anonymous_1)
FN:52,(anonymous_2)
FN:60,(anonymous_3)
FN:111,EquipmentBottomSheet
FN:121,(anonymous_5)
FN:197,(anonymous_6)
FNF:7
FNH:0
FNDA:0,EquipmentItemRow
FNDA:0,(anonymous_1)
FNDA:0,(anonymous_2)
FNDA:0,(anonymous_3)
FNDA:0,EquipmentBottomSheet
FNDA:0,(anonymous_5)
FNDA:0,(anonymous_6)
DA:26,0
DA:30,0
DA:31,0
DA:33,0
DA:34,0
DA:36,0
DA:48,0
DA:52,0
DA:53,0
DA:54,0
DA:56,0
DA:60,0
DA:61,0
DA:62,0
DA:66,0
DA:67,0
DA:72,0
DA:79,0
DA:81,0
DA:118,0
DA:119,0
DA:121,0
DA:122,0
DA:124,0
DA:125,0
DA:128,0
DA:142,0
DA:157,0
DA:198,0
LF:29
LH:0
BRDA:34,0,0,0
BRDA:34,0,1,0
BRDA:53,1,0,0
BRDA:53,1,1,0
BRDA:61,2,0,0
BRDA:61,2,1,0
BRDA:66,3,0,0
BRDA:66,3,1,0
BRDA:103,4,0,0
BRDA:103,4,1,0
BRDA:122,5,0,0
BRDA:122,5,1,0
BRDA:207,6,0,0
BRDA:207,6,1,0
BRF:14
BRH:0
end_of_record
TN:
SF:src/components/EquipmentList.tsx
FN:18,EquipmentList
FN:26,(anonymous_1)
FN:39,(anonymous_2)
FN:50,(anonymous_3)
FN:58,(anonymous_4)
FNF:5
FNH:0
FNDA:0,EquipmentList
FNDA:0,(anonymous_1)
FNDA:0,(anonymous_2)
FNDA:0,(anonymous_3)
FNDA:0,(anonymous_4)
DA:24,0
DA:27,0
DA:39,0
DA:50,0
DA:58,0
LF:5
LH:0
BRDA:35,0,0,0
BRDA:35,0,1,0
BRDA:41,1,0,0
BRDA:41,1,1,0
BRF:4
BRH:0
end_of_record
TN:
SF:src/components/EquipmentModal.tsx
FN:23,EquipmentModal
FN:34,(anonymous_1)
FN:103,(anonymous_2)
FN:112,(anonymous_3)
FNF:4
FNH:0
FNDA:0,EquipmentModal
FNDA:0,(anonymous_1)
FNDA:0,(anonymous_2)
FNDA:0,(anonymous_3)
DA:31,0
DA:32,0
DA:34,0
DA:35,0
DA:37,0
DA:38,0
DA:41,0
DA:56,0
DA:71,0
DA:104,0
DA:112,0
LF:11
LH:0
BRDA:35,0,0,0
BRDA:35,0,1,0
BRDA:108,1,0,0
BRDA:108,1,1,0
BRDA:118,2,0,0
BRDA:118,2,1,0
BRDA:123,3,0,0
BRDA:123,3,1,0
BRDA:132,4,0,0
BRDA:132,4,1,0
BRF:10
BRH:0
end_of_record
TN:
SF:src/components/EquipmentStatusBadge.tsx
FN:14,EquipmentStatusBadge
FN:15,(anonymous_1)
FN:20,(anonymous_2)
FN:58,(anonymous_3)
FN:59,(anonymous_4)
FN:60,(anonymous_5)
FN:63,(anonymous_6)
FN:69,(anonymous_7)
FNF:8
FNH:0
FNDA:0,EquipmentStatusBadge
FNDA:0,(anonymous_1)
FNDA:0,(anonymous_2)
FNDA:0,(anonymous_3)
FNDA:0,(anonymous_4)
FNDA:0,(anonymous_5)
FNDA:0,(anonymous_6)
FNDA:0,(anonymous_7)
DA:15,0
DA:16,0
DA:17,0
DA:20,0
DA:21,0
DA:23,0
DA:33,0
DA:43,0
DA:55,0
DA:58,0
DA:59,0
DA:60,0
DA:63,0
DA:64,0
DA:66,0
DA:67,0
DA:69,0
DA:72,0
DA:75,0
DA:76,0
DA:103,0
LF:21
LH:0
BRDA:14,0,0,0
BRDA:21,1,0,0
BRDA:21,1,1,0
BRDA:21,1,2,0
BRDA:64,2,0,0
BRDA:64,2,1,0
BRDA:66,3,0,0
BRDA:66,3,1,0
BRDA:67,4,0,0
BRDA:67,4,1,0
BRDA:75,5,0,0
BRDA:75,5,1,0
BRDA:83,6,0,0
BRDA:83,6,1,0
BRDA:90,7,0,0
BRDA:90,7,1,0
BRDA:115,8,0,0
BRDA:115,8,1,0
BRDA:122,9,0,0
BRDA:122,9,1,0
BRF:20
BRH:0
end_of_record
TN:
SF:src/components/FlytIllustration.tsx
FN:5,FlytIllustration
FNF:1
FNH:0
FNDA:0,FlytIllustration
DA:6,0
LF:1
LH:0
BRDA:5,0,0,0
BRF:1
BRH:0
end_of_record
TN:
SF:src/components/NoteIcon.tsx
FN:13,NoteIcon
FN:14,(anonymous_1)
FNF:2
FNH:0
FNDA:0,NoteIcon
FNDA:0,(anonymous_1)
DA:13,0
DA:14,0
DA:15,0
DA:16,0
DA:18,0
DA:21,0
LF:6
LH:0
BRDA:13,0,0,0
BRDA:15,1,0,0
BRDA:15,1,1,0
BRDA:24,2,0,0
BRDA:24,2,1,0
BRDA:29,3,0,0
BRDA:29,3,1,0
BRDA:31,4,0,0
BRDA:31,4,1,0
BRF:9
BRH:0
end_of_record
TN:
SF:src/components/NotesBottomSheet.tsx
FN:35,NotesBottomSheet
FN:49,(anonymous_1)
FN:82,(anonymous_2)
FN:104,(anonymous_3)
FN:117,(anonymous_4)
FN:190,(anonymous_5)
FN:200,(anonymous_6)
FNF:7
FNH:0
FNDA:0,NotesBottomSheet
FNDA:0,(anonymous_1)
FNDA:0,(anonymous_2)
FNDA:0,(anonymous_3)
FNDA:0,(anonymous_4)
FNDA:0,(anonymous_5)
FNDA:0,(anonymous_6)
DA:33,0
DA:44,0
DA:45,0
DA:46,0
DA:47,0
DA:49,0
DA:50,0
DA:51,0
DA:52,0
DA:54,0
DA:67,0
DA:82,0
DA:83,0
DA:85,0
DA:86,0
DA:89,0
DA:90,0
DA:91,0
DA:92,0
DA:93,0
DA:94,0
DA:97,0
DA:98,0
DA:100,0
DA:104,0
DA:105,0
DA:106,0
DA:109,0
DA:118,0
DA:119,0
DA:120,0
DA:121,0
DA:124,0
DA:125,0
DA:133,0
DA:134,0
DA:136,0
DA:191,0
DA:200,0
LF:39
LH:0
BRDA:50,0,0,0
BRDA:50,0,1,0
BRDA:83,1,0,0
BRDA:83,1,1,0
BRDA:85,2,0,0
BRDA:85,2,1,0
BRDA:93,3,0,0
BRDA:93,3,1,0
BRDA:105,4,0,0
BRDA:105,4,1,0
BRDA:120,5,0,0
BRDA:120,5,1,0
BRDA:144,6,0,0
BRDA:144,6,1,0
BRDA:182,7,0,0
BRDA:182,7,1,0
BRDA:232,8,0,0
BRDA:232,8,1,0
BRDA:232,8,2,0
BRDA:235,9,0,0
BRDA:235,9,1,0
BRDA:238,10,0,0
BRDA:238,10,1,0
BRDA:245,11,0,0
BRDA:245,11,1,0
BRF:25
BRH:0
end_of_record
TN:
SF:src/components/ScheduleSkeleton.tsx
FN:6,ScheduleSkeleton
FN:22,(anonymous_1)
FNF:2
FNH:0
FNDA:0,ScheduleSkeleton
FNDA:0,(anonymous_1)
DA:7,0
DA:9,0
DA:23,0
LF:3
LH:0
BRF:0
BRH:0
end_of_record
TN:
SF:src/components/ScheduleSlot.tsx
FN:17,ScheduleSlot
FN:29,(anonymous_1)
FN:42,(anonymous_2)
FN:84,(anonymous_3)
FN:106,(anonymous_4)
FNF:5
FNH:4
FNDA:18,ScheduleSlot
FNDA:16,(anonymous_1)
FNDA:2,(anonymous_2)
FNDA:18,(anonymous_3)
FNDA:0,(anonymous_4)
DA:17,1
DA:28,18
DA:29,16
DA:32,18
DA:33,18
DA:35,18
DA:37,18
DA:42,18
DA:44,2
DA:45,2
DA:47,2
DA:50,18
DA:58,18
DA:70,18
DA:77,18
DA:85,18
DA:108,0
LF:17
LH:16
BRDA:21,0,0,0
BRDA:24,1,0,16
BRDA:28,2,0,14
BRDA:28,2,1,4
BRDA:28,3,0,18
BRDA:28,3,1,15
BRDA:29,4,0,16
BRDA:29,4,1,3
BRDA:32,5,0,13
BRDA:32,5,1,5
BRDA:33,6,0,18
BRDA:33,6,1,5
BRDA:35,7,0,18
BRDA:35,7,1,15
BRDA:35,7,2,13
BRDA:37,8,0,5
BRDA:37,8,1,13
BRDA:38,9,0,12
BRDA:38,9,1,1
BRDA:39,10,0,1
BRDA:39,10,1,0
BRDA:44,11,0,2
BRDA:44,11,1,0
BRDA:51,12,0,16
BRDA:51,12,1,2
BRDA:53,13,0,1
BRDA:53,13,1,17
BRDA:54,14,0,1
BRDA:54,14,1,17
BRDA:55,15,0,1
BRDA:55,15,1,17
BRDA:59,16,0,1
BRDA:59,16,1,17
BRDA:60,17,0,1
BRDA:60,17,1,17
BRDA:61,18,0,1
BRDA:61,18,1,17
BRDA:61,19,0,2
BRDA:61,19,1,15
BRDA:62,20,0,1
BRDA:62,20,1,17
BRDA:62,21,0,15
BRDA:62,21,1,2
BRDA:63,22,0,1
BRDA:63,22,1,17
BRDA:63,23,0,15
BRDA:63,23,1,2
BRDA:67,24,0,2
BRDA:67,24,1,16
BRDA:71,25,0,1
BRDA:71,25,1,17
BRDA:74,26,0,13
BRDA:74,26,1,5
BRDA:86,27,0,2
BRDA:86,27,1,16
BRDA:89,28,0,2
BRDA:89,28,1,0
BRDA:94,29,0,0
BRDA:94,29,1,16
BRDA:95,30,0,1
BRDA:95,30,1,15
BRDA:98,31,0,16
BRDA:98,31,1,3
BRDA:109,32,0,0
BRDA:109,32,1,0
BRDA:109,32,2,0
BRDA:109,32,3,0
BRDA:109,32,4,0
BRF:68
BRH:58
end_of_record
TN:
SF:src/components/ScreenHeader.tsx
FN:11,ScreenHeader
FNF:1
FNH:0
FNDA:0,ScreenHeader
DA:12,0
LF:1
LH:0
BRDA:17,0,0,0
BRDA:17,0,1,0
BRF:2
BRH:0
end_of_record
TN:
SF:src/components/Skeleton.tsx
FN:11,Skeleton
FNF:1
FNH:0
FNDA:0,Skeleton
DA:12,0
LF:1
LH:0
BRDA:11,0,0,0
BRDA:11,1,0,0
BRDA:11,2,0,0
BRF:3
BRH:0
end_of_record
TN:
SF:src/components/SplashBackground.tsx
FN:5,SplashBackground
FNF:1
FNH:0
FNDA:0,SplashBackground
DA:6,0
LF:1
LH:0
BRF:0
BRH:0
end_of_record
TN:
SF:src/components/SplashScreen.tsx
FN:7,SplashScreen
FNF:1
FNH:0
FNDA:0,SplashScreen
DA:5,0
DA:8,0
DA:21,0
LF:3
LH:0
BRF:0
BRH:0
end_of_record
TN:
SF:src/components/SuccessIllustration.tsx
FN:5,SuccessIllustration
FNF:1
FNH:0
FNDA:0,SuccessIllustration
DA:6,0
LF:1
LH:0
BRDA:5,0,0,0
BRF:1
BRH:0
end_of_record
TN:
SF:src/components/Text.tsx
FN:48,Text
FN:66,H1
FN:70,H2
FN:74,H3
FN:78,Caption
FN:82,Small
FNF:6
FNH:0
FNDA:0,Text
FNDA:0,H1
FNDA:0,H2
FNDA:0,H3
FNDA:0,Caption
FNDA:0,Small
DA:12,0
DA:54,0
DA:55,0
DA:57,0
DA:67,0
DA:71,0
DA:75,0
DA:79,0
DA:83,0
LF:9
LH:0
BRDA:49,0,0,0
BRDA:55,1,0,0
BRDA:55,1,1,0
BRF:3
BRH:0
end_of_record
TN:
SF:src/components/TextInputField.tsx
FN:12,TextInputField
FNF:1
FNH:0
FNDA:0,TextInputField
DA:20,0
DA:21,0
DA:23,0
DA:30,0
LF:4
LH:0
BRDA:17,0,0,0
BRDA:25,1,0,0
BRDA:25,1,1,0
BRDA:26,2,0,0
BRDA:26,2,1,0
BRDA:32,3,0,0
BRDA:32,3,1,0
BRDA:45,4,0,0
BRDA:45,4,1,0
BRDA:51,5,0,0
BRDA:51,5,1,0
BRDA:51,5,2,0
BRF:12
BRH:0
end_of_record
TN:
SF:src/components/TodayCard.tsx
FN:48,TodayCard
FN:91,(anonymous_1)
FN:94,(anonymous_2)
FN:96,(anonymous_3)
FN:101,(anonymous_4)
FN:103,(anonymous_5)
FN:110,(anonymous_6)
FN:131,(anonymous_7)
FN:134,(anonymous_8)
FN:171,(anonymous_9)
FN:204,(anonymous_10)
FN:222,(anonymous_11)
FN:233,(anonymous_12)
FN:239,(anonymous_13)
FN:249,(anonymous_14)
FN:250,(anonymous_15)
FN:390,(anonymous_16)
FN:411,(anonymous_17)
FN:477,(anonymous_18)
FN:494,(anonymous_19)
FN:513,(anonymous_20)
FN:523,(anonymous_21)
FNF:22
FNH:0
FNDA:0,TodayCard
FNDA:0,(anonymous_1)
FNDA:0,(anonymous_2)
FNDA:0,(anonymous_3)
FNDA:0,(anonymous_4)
FNDA:0,(anonymous_5)
FNDA:0,(anonymous_6)
FNDA:0,(anonymous_7)
FNDA:0,(anonymous_8)
FNDA:0,(anonymous_9)
FNDA:0,(anonymous_10)
FNDA:0,(anonymous_11)
FNDA:0,(anonymous_12)
FNDA:0,(anonymous_13)
FNDA:0,(anonymous_14)
FNDA:0,(anonymous_15)
FNDA:0,(anonymous_16)
FNDA:0,(anonymous_17)
FNDA:0,(anonymous_18)
FNDA:0,(anonymous_19)
FNDA:0,(anonymous_20)
FNDA:0,(anonymous_21)
DA:24,0
DA:27,0
DA:28,0
DA:46,0
DA:62,0
DA:63,0
DA:64,0
DA:65,0
DA:66,0
DA:67,0
DA:68,0
DA:69,0
DA:70,0
DA:71,0
DA:72,0
DA:73,0
DA:74,0
DA:77,0
DA:78,0
DA:79,0
DA:80,0
DA:81,0
DA:82,0
DA:83,0
DA:85,0
DA:86,0
DA:87,0
DA:89,0
DA:90,0
DA:91,0
DA:94,0
DA:95,0
DA:96,0
DA:97,0
DA:101,0
DA:102,0
DA:103,0
DA:104,0
DA:105,0
DA:106,0
DA:110,0
DA:112,0
DA:113,0
DA:117,0
DA:118,0
DA:119,0
DA:121,0
DA:125,0
DA:126,0
DA:131,0
DA:132,0
DA:134,0
DA:135,0
DA:136,0
DA:139,0
DA:140,0
DA:141,0
DA:142,0
DA:146,0
DA:148,0
DA:149,0
DA:151,0
DA:152,0
DA:153,0
DA:157,0
DA:158,0
DA:160,0
DA:161,0
DA:162,0
DA:167,0
DA:171,0
DA:172,0
DA:175,0
DA:177,0
DA:179,0
DA:180,0
DA:183,0
DA:185,0
DA:187,0
DA:188,0
DA:192,0
DA:195,0
DA:196,0
DA:199,0
DA:204,0
DA:205,0
DA:222,0
DA:223,0
DA:226,0
DA:227,0
DA:230,0
DA:233,0
DA:234,0
DA:236,0
DA:237,0
DA:239,0
DA:240,0
DA:243,0
DA:246,0
DA:249,0
DA:250,0
DA:253,0
DA:255,0
DA:259,0
DA:478,0
DA:494,0
DA:513,0
DA:523,0
LF:108
LH:0
BRDA:27,0,0,0
BRDA:27,0,1,0
BRDA:27,1,0,0
BRDA:27,1,1,0
BRDA:54,2,0,0
BRDA:57,3,0,0
BRDA:59,4,0,0
BRDA:73,5,0,0
BRDA:73,5,1,0
BRDA:74,6,0,0
BRDA:74,6,1,0
BRDA:89,7,0,0
BRDA:89,7,1,0
BRDA:89,8,0,0
BRDA:89,8,1,0
BRDA:95,9,0,0
BRDA:95,9,1,0
BRDA:95,10,0,0
BRDA:95,10,1,0
BRDA:96,11,0,0
BRDA:96,11,1,0
BRDA:97,12,0,0
BRDA:97,12,1,0
BRDA:102,13,0,0
BRDA:102,13,1,0
BRDA:102,14,0,0
BRDA:102,14,1,0
BRDA:103,15,0,0
BRDA:103,15,1,0
BRDA:104,16,0,0
BRDA:104,16,1,0
BRDA:106,17,0,0
BRDA:106,17,1,0
BRDA:106,18,0,0
BRDA:106,18,1,0
BRDA:112,19,0,0
BRDA:112,19,1,0
BRDA:117,20,0,0
BRDA:117,20,1,0
BRDA:117,21,0,0
BRDA:117,21,1,0
BRDA:117,21,2,0
BRDA:117,21,3,0
BRDA:118,22,0,0
BRDA:118,22,1,0
BRDA:125,23,0,0
BRDA:125,23,1,0
BRDA:132,24,0,0
BRDA:132,24,1,0
BRDA:139,25,0,0
BRDA:139,25,1,0
BRDA:146,26,0,0
BRDA:146,26,1,0
BRDA:151,27,0,0
BRDA:151,27,1,0
BRDA:160,28,0,0
BRDA:160,28,1,0
BRDA:172,29,0,0
BRDA:172,29,1,0
BRDA:177,30,0,0
BRDA:177,30,1,0
BRDA:183,31,0,0
BRDA:183,31,1,0
BRDA:185,32,0,0
BRDA:185,32,1,0
BRDA:188,33,0,0
BRDA:188,33,1,0
BRDA:192,34,0,0
BRDA:192,34,1,0
BRDA:195,35,0,0
BRDA:195,35,1,0
BRDA:208,36,0,0
BRDA:208,36,1,0
BRDA:214,37,0,0
BRDA:214,37,1,0
BRDA:223,38,0,0
BRDA:223,38,1,0
BRDA:226,39,0,0
BRDA:226,39,1,0
BRDA:234,40,0,0
BRDA:234,40,1,0
BRDA:234,41,0,0
BRDA:234,41,1,0
BRDA:240,42,0,0
BRDA:240,42,1,0
BRDA:243,43,0,0
BRDA:243,43,1,0
BRDA:250,44,0,0
BRDA:250,44,1,0
BRDA:262,45,0,0
BRDA:262,45,1,0
BRDA:307,46,0,0
BRDA:307,46,1,0
BRDA:311,47,0,0
BRDA:311,47,1,0
BRDA:312,48,0,0
BRDA:312,48,1,0
BRDA:329,49,0,0
BRDA:329,49,1,0
BRDA:334,50,0,0
BRDA:334,50,1,0
BRDA:337,51,0,0
BRDA:337,51,1,0
BRDA:340,52,0,0
BRDA:340,52,1,0
BRDA:361,53,0,0
BRDA:361,53,1,0
BRDA:365,54,0,0
BRDA:365,54,1,0
BRDA:366,55,0,0
BRDA:366,55,1,0
BRDA:367,56,0,0
BRDA:367,56,1,0
BRDA:367,56,2,0
BRDA:390,57,0,0
BRDA:390,57,1,0
BRDA:411,58,0,0
BRDA:411,58,1,0
BRDA:447,59,0,0
BRDA:447,59,1,0
BRDA:461,60,0,0
BRDA:461,60,1,0
BRDA:470,61,0,0
BRDA:470,61,1,0
BRDA:470,61,2,0
BRDA:478,62,0,0
BRDA:478,62,1,0
BRDA:489,63,0,0
BRDA:489,63,1,0
BRDA:490,64,0,0
BRDA:490,64,1,0
BRF:131
BRH:0
end_of_record
TN:
SF:src/components/TodayCardSkeleton.tsx
FN:6,TodayCardSkeleton
FNF:1
FNH:0
FNDA:0,TodayCardSkeleton
DA:7,0
LF:1
LH:0
BRF:0
BRH:0
end_of_record
TN:
SF:src/contexts/HouseholdProvider.tsx
FN:21,HouseholdProvider
FN:32,(anonymous_1)
FN:57,(anonymous_2)
FN:85,(anonymous_3)
FN:124,(anonymous_4)
FN:139,(anonymous_5)
FN:148,(anonymous_6)
FN:151,(anonymous_7)
FN:152,(anonymous_8)
FN:157,(anonymous_9)
FN:160,(anonymous_10)
FN:162,(anonymous_11)
FN:214,(anonymous_12)
FN:247,(anonymous_13)
FN:271,useHousehold
FNF:15
FNH:9
FNDA:20,HouseholdProvider
FNDA:0,(anonymous_1)
FNDA:7,(anonymous_2)
FNDA:0,(anonymous_3)
FNDA:1,(anonymous_4)
FNDA:1,(anonymous_5)
FNDA:15,(anonymous_6)
FNDA:0,(anonymous_7)
FNDA:0,(anonymous_8)
FNDA:0,(anonymous_9)
FNDA:9,(anonymous_10)
FNDA:9,(anonymous_11)
FNDA:0,(anonymous_12)
FNDA:9,(anonymous_13)
FNDA:22,useHousehold
DA:19,1
DA:22,20
DA:23,20
DA:24,20
DA:25,20
DA:26,20
DA:27,20
DA:28,20
DA:29,20
DA:32,20
DA:33,0
DA:34,0
DA:40,0
DA:42,0
DA:43,0
DA:47,0
DA:48,0
DA:49,0
DA:53,0
DA:57,20
DA:59,7
DA:60,0
DA:63,7
DA:64,7
DA:67,7
DA:72,7
DA:74,6
DA:76,6
DA:77,6
DA:78,6
DA:79,6
DA:80,6
DA:85,0
DA:90,0
DA:91,0
DA:92,0
DA:95,0
DA:101,0
DA:103,0
DA:104,0
DA:106,0
DA:110,0
DA:115,0
DA:117,0
DA:119,1
DA:120,1
DA:124,20
DA:125,1
DA:126,1
DA:127,1
DA:128,1
DA:129,1
DA:130,1
DA:133,0
DA:135,1
DA:139,20
DA:140,1
DA:141,1
DA:142,1
DA:143,1
DA:144,1
DA:148,20
DA:149,15
DA:151,0
DA:152,0
DA:157,0
DA:160,20
DA:162,9
DA:163,9
DA:164,9
DA:166,8
DA:167,6
DA:170,6
DA:171,6
DA:172,0
DA:173,0
DA:175,0
DA:176,0
DA:177,0
DA:178,0
DA:182,6
DA:184,0
DA:185,0
DA:186,0
DA:187,0
DA:188,0
DA:190,6
DA:193,2
DA:194,2
DA:197,1
DA:199,1
DA:200,1
DA:201,0
DA:204,1
DA:205,1
DA:207,9
DA:211,9
DA:214,9
DA:215,0
DA:219,0
DA:221,0
DA:222,0
DA:224,0
DA:227,0
DA:228,0
DA:229,0
DA:230,0
DA:231,0
DA:233,0
DA:235,0
DA:238,0
DA:239,0
DA:240,0
DA:241,0
DA:242,0
DA:243,0
DA:247,9
DA:248,9
DA:252,20
DA:264,20
DA:272,22
DA:273,22
DA:274,2
DA:276,20
LF:124
LH:68
BRDA:40,0,0,0
BRDA:40,0,1,0
BRDA:47,1,0,0
BRDA:47,1,1,0
BRDA:47,2,0,0
BRDA:47,2,1,0
BRDA:59,3,0,0
BRDA:59,3,1,7
BRDA:72,4,0,1
BRDA:72,4,1,6
BRDA:74,5,0,6
BRDA:74,5,1,0
BRDA:74,6,0,6
BRDA:74,6,1,2
BRDA:101,7,0,0
BRDA:101,7,1,0
BRDA:103,8,0,0
BRDA:103,8,1,0
BRDA:103,9,0,0
BRDA:103,9,1,0
BRDA:115,10,0,0
BRDA:115,10,1,0
BRDA:117,11,0,0
BRDA:117,11,1,0
BRDA:120,12,0,0
BRDA:120,12,1,1
BRDA:129,13,0,1
BRDA:129,13,1,0
BRDA:149,14,0,15
BRDA:149,14,1,0
BRDA:149,15,0,15
BRDA:149,15,1,6
BRDA:149,15,2,1
BRDA:166,16,0,6
BRDA:166,16,1,2
BRDA:171,17,0,0
BRDA:171,17,1,6
BRDA:171,18,0,6
BRDA:171,18,1,0
BRDA:171,18,2,0
BRDA:173,19,0,0
BRDA:173,19,1,0
BRDA:176,20,0,0
BRDA:176,20,1,0
BRDA:182,21,0,0
BRDA:182,21,1,6
BRDA:199,22,0,1
BRDA:199,22,1,0
BRDA:200,23,0,0
BRDA:200,23,1,1
BRDA:200,24,0,1
BRDA:200,24,1,0
BRDA:219,25,0,0
BRDA:219,25,1,0
BRDA:219,26,0,0
BRDA:219,26,1,0
BRDA:221,27,0,0
BRDA:221,27,1,0
BRDA:227,28,0,0
BRDA:227,28,1,0
BRDA:273,29,0,2
BRDA:273,29,1,20
BRF:62
BRH:22
end_of_record
TN:
SF:src/lib/avatar-images.ts
FNF:0
FNH:0
DA:2,1
DA:13,1
LF:2
LH:2
BRF:0
BRH:0
end_of_record
TN:
SF:src/lib/avatars.ts
FNF:0
FNH:0
DA:2,0
DA:78,0
LF:2
LH:0
BRF:0
BRH:0
end_of_record
TN:
SF:src/lib/biometric.ts
FN:16,checkBiometricAvailability
FN:49,isBiometricEnabled
FN:62,enableBiometricLogin
FN:77,disableBiometricLogin
FN:90,authenticateWithBiometrics
FN:122,getBiometricTypeName
FNF:6
FNH:0
FNDA:0,checkBiometricAvailability
FNDA:0,isBiometricEnabled
FNDA:0,enableBiometricLogin
FNDA:0,disableBiometricLogin
FNDA:0,authenticateWithBiometrics
FNDA:0,getBiometricTypeName
DA:4,1
DA:5,1
DA:6,1
DA:17,0
DA:18,0
DA:19,0
DA:20,0
DA:23,0
DA:24,0
DA:25,0
DA:28,0
DA:30,0
DA:31,0
DA:32,0
DA:33,0
DA:34,0
DA:35,0
DA:36,0
DA:39,0
DA:41,0
DA:42,0
DA:50,0
DA:51,0
DA:52,0
DA:54,0
DA:55,0
DA:63,0
DA:64,0
DA:65,0
DA:66,0
DA:67,0
DA:69,0
DA:70,0
DA:78,0
DA:79,0
DA:80,0
DA:81,0
DA:83,0
DA:91,0
DA:92,0
DA:99,0
DA:100,0
DA:104,0
DA:105,0
DA:107,0
DA:108,0
DA:109,0
DA:112,0
DA:114,0
DA:115,0
DA:123,0
DA:125,0
DA:127,0
DA:129,0
DA:131,0
LF:55
LH:3
BRDA:19,0,0,0
BRDA:19,0,1,0
BRDA:24,1,0,0
BRDA:24,1,1,0
BRDA:31,2,0,0
BRDA:31,2,1,0
BRDA:33,3,0,0
BRDA:33,3,1,0
BRDA:35,4,0,0
BRDA:35,4,1,0
BRDA:99,5,0,0
BRDA:99,5,1,0
BRDA:107,6,0,0
BRDA:107,6,1,0
BRDA:107,7,0,0
BRDA:107,7,1,0
BRDA:123,8,0,0
BRDA:123,8,1,0
BRDA:123,8,2,0
BRDA:123,8,3,0
BRF:20
BRH:0
end_of_record
TN:
SF:src/lib/equipment.ts
FN:14,fetchEquipmentStatus
FN:43,(anonymous_1)
FN:47,(anonymous_2)
FN:56,(anonymous_3)
FN:61,updateEquipmentStatus
FN:94,(anonymous_5)
FN:108,calculateEquipmentStatus
FN:113,(anonymous_7)
FN:116,(anonymous_8)
FN:123,(anonymous_9)
FN:135,shouldShowEquipmentModal
FNF:11
FNH:4
FNDA:0,fetchEquipmentStatus
FNDA:0,(anonymous_1)
FNDA:0,(anonymous_2)
FNDA:0,(anonymous_3)
FNDA:0,updateEquipmentStatus
FNDA:0,(anonymous_5)
FNDA:8,calculateEquipmentStatus
FNDA:20,(anonymous_7)
FNDA:9,(anonymous_8)
FNDA:4,(anonymous_9)
FNDA:0,shouldShowEquipmentModal
DA:6,1
DA:17,0
DA:19,0
DA:26,0
DA:29,0
DA:34,0
DA:39,0
DA:42,0
DA:43,0
DA:44,0
DA:47,0
DA:54,0
DA:56,0
DA:67,0
DA:68,0
DA:81,0
DA:85,0
DA:92,0
DA:94,0
DA:95,0
DA:99,0
DA:100,0
DA:109,8
DA:110,8
DA:113,20
DA:116,9
DA:118,7
DA:119,3
DA:123,4
DA:125,4
DA:126,3
DA:130,1
DA:139,0
DA:140,0
DA:143,0
DA:146,0
DA:147,0
DA:148,0
DA:150,0
DA:153,0
DA:154,0
DA:156,0
LF:42
LH:11
BRDA:26,0,0,0
BRDA:26,0,1,0
BRDA:29,1,0,0
BRDA:29,1,1,0
BRDA:29,2,0,0
BRDA:29,2,1,0
BRDA:39,3,0,0
BRDA:39,3,1,0
BRDA:50,4,0,0
BRDA:50,4,1,0
BRDA:51,5,0,0
BRDA:51,5,1,0
BRDA:81,6,0,0
BRDA:81,6,1,0
BRDA:92,7,0,0
BRDA:92,7,1,0
BRDA:110,8,0,1
BRDA:110,8,1,7
BRDA:118,9,0,3
BRDA:118,9,1,4
BRDA:125,10,0,3
BRDA:125,10,1,1
BRDA:143,11,0,0
BRDA:143,11,1,0
BRDA:150,12,0,0
BRDA:150,12,1,0
BRDA:154,13,0,0
BRDA:154,13,1,0
BRF:28
BRH:6
end_of_record
TN:
SF:src/lib/gdpr.ts
FN:10,exportUserData
FN:37,(anonymous_1)
FN:38,(anonymous_2)
FN:87,deleteUserAccount
FN:125,(anonymous_4)
FN:126,(anonymous_5)
FN:154,requestAccountDeletion
FNF:7
FNH:0
FNDA:0,exportUserData
FNDA:0,(anonymous_1)
FNDA:0,(anonymous_2)
FNDA:0,deleteUserAccount
FNDA:0,(anonymous_4)
FNDA:0,(anonymous_5)
FNDA:0,requestAccountDeletion
DA:11,0
DA:12,0
DA:13,0
DA:16,0
DA:17,0
DA:18,0
DA:19,0
DA:30,0
DA:37,0
DA:38,0
DA:42,0
DA:59,0
DA:60,0
DA:62,0
DA:69,0
DA:70,0
DA:77,0
DA:79,0
DA:80,0
DA:93,0
DA:95,0
DA:96,0
DA:97,0
DA:98,0
DA:99,0
DA:103,0
DA:105,0
DA:111,0
DA:112,0
DA:117,0
DA:121,0
DA:125,0
DA:126,0
DA:132,0
DA:133,0
DA:136,0
DA:142,0
DA:144,0
DA:146,0
DA:147,0
DA:155,0
DA:159,0
DA:168,0
DA:169,0
DA:172,0
DA:174,0
DA:175,0
LF:47
LH:0
BRDA:13,0,0,0
BRDA:13,0,1,0
BRDA:16,1,0,0
BRDA:16,1,1,0
BRDA:17,2,0,0
BRDA:17,2,1,0
BRDA:50,3,0,0
BRDA:50,3,1,0
BRDA:51,4,0,0
BRDA:51,4,1,0
BRDA:52,5,0,0
BRDA:52,5,1,0
BRDA:53,6,0,0
BRDA:53,6,1,0
BRDA:54,7,0,0
BRDA:54,7,1,0
BRDA:55,8,0,0
BRDA:55,8,1,0
BRDA:69,9,0,0
BRDA:69,9,1,0
BRDA:96,10,0,0
BRDA:96,10,1,0
BRDA:97,11,0,0
BRDA:97,11,1,0
BRDA:103,12,0,0
BRDA:103,12,1,0
BRDA:111,13,0,0
BRDA:111,13,1,0
BRDA:111,14,0,0
BRDA:111,14,1,0
BRDA:168,15,0,0
BRDA:168,15,1,0
BRDA:168,16,0,0
BRDA:168,16,1,0
BRF:34
BRH:0
end_of_record
TN:
SF:src/lib/notes.ts
FN:6,fetchNotesForDateRange
FN:19,(anonymous_1)
FN:29,fetchFreshNotes
FN:52,(anonymous_3)
FN:68,serializeNotesMap
FN:70,(anonymous_5)
FN:77,deserializeNotesMap
FN:79,(anonymous_7)
FN:86,addNote
FN:124,deleteNote
FN:145,clearNotesCache
FN:148,(anonymous_11)
FNF:12
FNH:0
FNDA:0,fetchNotesForDateRange
FNDA:0,(anonymous_1)
FNDA:0,fetchFreshNotes
FNDA:0,(anonymous_3)
FNDA:0,serializeNotesMap
FNDA:0,(anonymous_5)
FNDA:0,deserializeNotesMap
FNDA:0,(anonymous_7)
FNDA:0,addNote
FNDA:0,deleteNote
FNDA:0,clearNotesCache
FNDA:0,(anonymous_11)
DA:12,0
DA:14,0
DA:15,0
DA:16,0
DA:17,0
DA:19,0
DA:20,0
DA:23,0
DA:26,0
DA:36,0
DA:45,0
DA:46,0
DA:47,0
DA:51,0
DA:52,0
DA:53,0
DA:54,0
DA:58,0
DA:59,0
DA:61,0
DA:64,0
DA:69,0
DA:70,0
DA:71,0
DA:73,0
DA:78,0
DA:79,0
DA:80,0
DA:82,0
DA:93,0
DA:94,0
DA:95,0
DA:96,0
DA:99,0
DA:111,0
DA:114,0
DA:116,0
DA:118,0
DA:119,0
DA:128,0
DA:129,0
DA:134,0
DA:137,0
DA:139,0
DA:140,0
DA:146,0
DA:147,0
DA:148,0
DA:149,0
DA:151,0
LF:50
LH:0
BRDA:16,0,0,0
BRDA:16,0,1,0
BRDA:45,1,0,0
BRDA:45,1,1,0
BRDA:53,2,0,0
BRDA:53,2,1,0
BRDA:95,3,0,0
BRDA:95,3,1,0
BRDA:111,4,0,0
BRDA:111,4,1,0
BRDA:134,5,0,0
BRDA:134,5,1,0
BRF:12
BRH:0
end_of_record
TN:
SF:src/lib/rateLimit.ts
FN:11,getIdentifier
FN:42,isRateLimited
FN:74,getRateLimitMessage
FN:108,withRateLimit
FN:127,logAttempt
FNF:5
FNH:1
FNDA:0,getIdentifier
FNDA:0,isRateLimited
FNDA:10,getRateLimitMessage
FNDA:0,withRateLimit
FNDA:0,logAttempt
DA:13,0
DA:14,0
DA:20,0
DA:28,2
DA:46,0
DA:47,0
DA:48,0
DA:50,0
DA:57,0
DA:58,0
DA:60,0
DA:63,0
DA:65,0
DA:67,0
DA:75,10
DA:76,10
DA:79,10
DA:85,10
DA:87,3
DA:89,3
DA:91,1
DA:93,2
DA:95,1
DA:97,0
DA:113,0
DA:115,0
DA:116,0
DA:119,0
DA:134,0
LF:29
LH:10
BRDA:13,0,0,0
BRDA:13,0,1,0
BRDA:47,1,0,0
BRDA:47,1,1,0
BRDA:57,2,0,0
BRDA:57,2,1,0
BRDA:79,3,0,2
BRDA:79,3,1,8
BRDA:81,4,0,5
BRDA:81,4,1,3
BRDA:85,5,0,3
BRDA:85,5,1,3
BRDA:85,5,2,1
BRDA:85,5,3,2
BRDA:85,5,4,1
BRDA:85,5,5,0
BRDA:115,6,0,0
BRDA:115,6,1,0
BRDA:134,7,0,0
BRDA:134,7,1,0
BRF:20
BRH:9
end_of_record
TN:
SF:src/lib/supabase.ts
FN:22,(anonymous_0)
FN:28,(anonymous_1)
FN:35,(anonymous_2)
FNF:3
FNH:0
FNDA:0,(anonymous_0)
FNDA:0,(anonymous_1)
FNDA:0,(anonymous_2)
DA:7,0
DA:8,0
DA:11,0
DA:12,0
DA:13,0
DA:14,0
DA:16,0
DA:21,0
DA:23,0
DA:24,0
DA:26,0
DA:29,0
DA:30,0
DA:32,0
DA:36,0
DA:37,0
DA:39,0
DA:44,0
LF:18
LH:0
BRDA:11,0,0,0
BRDA:11,0,1,0
BRDA:11,1,0,0
BRDA:11,1,1,0
BRDA:13,2,0,0
BRDA:13,2,1,0
BRDA:14,3,0,0
BRDA:14,3,1,0
BRDA:23,4,0,0
BRDA:23,4,1,0
BRDA:29,5,0,0
BRDA:29,5,1,0
BRDA:36,6,0,0
BRDA:36,6,1,0
BRF:14
BRH:0
end_of_record
TN:
SF:src/lib/tw.ts
FNF:0
FNH:0
DA:4,0
LF:1
LH:0
BRF:0
BRH:0
end_of_record
TN:
SF:src/screens/AuthScreen.tsx
FN:27,AuthScreen
FN:50,(anonymous_1)
FN:87,(anonymous_2)
FN:97,(anonymous_3)
FN:144,(anonymous_4)
FN:156,(anonymous_5)
FN:170,(anonymous_6)
FN:285,(anonymous_7)
FNF:8
FNH:7
FNDA:64,AuthScreen
FNDA:15,(anonymous_1)
FNDA:15,(anonymous_2)
FNDA:9,(anonymous_3)
FNDA:1,(anonymous_4)
FNDA:0,(anonymous_5)
FNDA:1,(anonymous_6)
FNDA:5,(anonymous_7)
DA:28,64
DA:29,64
DA:30,64
DA:31,64
DA:32,64
DA:36,64
DA:37,64
DA:41,64
DA:42,64
DA:44,64
DA:45,64
DA:46,64
DA:47,64
DA:48,64
DA:50,64
DA:52,15
DA:54,0
DA:84,15
DA:87,64
DA:88,15
DA:89,15
DA:91,15
DA:92,3
DA:93,3
DA:97,64
DA:98,9
DA:99,1
DA:100,1
DA:103,8
DA:104,8
DA:106,8
DA:107,8
DA:109,8
DA:110,2
DA:111,2
DA:114,6
DA:115,2
DA:119,2
DA:120,2
DA:122,4
DA:126,4
DA:129,3
DA:130,1
DA:134,1
DA:136,1
DA:137,1
DA:138,1
DA:140,8
DA:144,64
DA:145,1
DA:146,1
DA:157,0
DA:158,0
DA:159,0
DA:160,0
DA:162,0
DA:170,64
DA:171,1
DA:172,1
DA:173,1
DA:174,1
DA:176,1
DA:180,1
DA:183,0
DA:184,0
DA:186,1
DA:190,64
DA:285,5
LF:68
LH:60
BRDA:41,0,0,64
BRDA:41,0,1,0
BRDA:42,1,0,64
BRDA:42,1,1,0
BRDA:52,2,0,0
BRDA:52,2,1,15
BRDA:91,3,0,3
BRDA:91,3,1,12
BRDA:98,4,0,1
BRDA:98,4,1,8
BRDA:98,5,0,9
BRDA:98,5,1,8
BRDA:106,6,0,2
BRDA:106,6,1,6
BRDA:109,7,0,2
BRDA:109,7,1,6
BRDA:114,8,0,2
BRDA:114,8,1,4
BRDA:119,9,0,0
BRDA:119,9,1,2
BRDA:126,10,0,1
BRDA:126,10,1,3
BRDA:129,11,0,1
BRDA:129,11,1,2
BRDA:129,12,0,3
BRDA:129,12,1,1
BRDA:136,13,0,1
BRDA:136,13,1,0
BRDA:136,14,0,0
BRDA:136,14,1,0
BRDA:158,15,0,0
BRDA:158,15,1,0
BRDA:174,16,0,1
BRDA:174,16,1,0
BRDA:180,17,0,0
BRDA:180,17,1,1
BRDA:183,18,0,0
BRDA:183,18,1,0
BRDA:183,19,0,0
BRDA:183,19,1,0
BRDA:193,20,0,64
BRDA:193,20,1,0
BRDA:194,21,0,64
BRDA:194,21,1,0
BRDA:207,22,0,12
BRDA:207,22,1,52
BRDA:241,23,0,64
BRDA:241,23,1,4
BRDA:241,23,2,4
BRDA:246,24,0,4
BRDA:246,24,1,1
BRDA:249,25,0,4
BRDA:249,25,1,3
BRDA:251,26,0,1
BRDA:251,26,1,3
BRDA:268,27,0,64
BRDA:268,27,1,8
BRDA:272,28,0,8
BRDA:272,28,1,56
BRDA:276,29,0,10
BRDA:276,29,1,46
BRDA:290,30,0,12
BRDA:290,30,1,52
BRF:63
BRH:46
end_of_record
TN:
SF:src/screens/BiometricSettingsScreen.tsx
FN:19,BiometricSettingsScreen
FN:28,(anonymous_1)
FN:32,(anonymous_2)
FN:49,(anonymous_3)
FN:62,(anonymous_4)
FN:79,(anonymous_5)
FN:97,(anonymous_6)
FN:108,(anonymous_7)
FN:121,(anonymous_8)
FN:159,(anonymous_9)
FNF:10
FNH:0
FNDA:0,BiometricSettingsScreen
FNDA:0,(anonymous_1)
FNDA:0,(anonymous_2)
FNDA:0,(anonymous_3)
FNDA:0,(anonymous_4)
FNDA:0,(anonymous_5)
FNDA:0,(anonymous_6)
FNDA:0,(anonymous_7)
FNDA:0,(anonymous_8)
FNDA:0,(anonymous_9)
DA:20,0
DA:21,0
DA:22,0
DA:26,0
DA:28,0
DA:29,0
DA:32,0
DA:33,0
DA:34,0
DA:35,0
DA:36,0
DA:38,0
DA:39,0
DA:40,0
DA:43,0
DA:45,0
DA:49,0
DA:50,0
DA:52,0
DA:62,0
DA:68,0
DA:80,0
DA:81,0
DA:82,0
DA:83,0
DA:84,0
DA:86,0
DA:88,0
DA:97,0
DA:98,0
DA:109,0
DA:110,0
DA:111,0
DA:113,0
DA:121,0
DA:122,0
DA:123,0
DA:125,0
DA:126,0
DA:127,0
DA:131,0
DA:136,0
DA:137,0
DA:141,0
DA:142,0
DA:143,0
DA:144,0
DA:145,0
DA:147,0
DA:150,0
DA:155,0
DA:159,0
DA:160,0
DA:162,0
DA:164,0
DA:166,0
DA:168,0
DA:172,0
DA:173,0
DA:180,0
LF:60
LH:0
BRDA:38,0,0,0
BRDA:38,0,1,0
BRDA:50,1,0,0
BRDA:50,1,1,0
BRDA:109,2,0,0
BRDA:109,2,1,0
BRDA:126,3,0,0
BRDA:126,3,1,0
BRDA:136,4,0,0
BRDA:136,4,1,0
BRDA:142,5,0,0
BRDA:142,5,1,0
BRDA:152,6,0,0
BRDA:152,6,1,0
BRDA:160,7,0,0
BRDA:160,7,1,0
BRDA:160,7,2,0
BRDA:160,7,3,0
BRDA:172,8,0,0
BRDA:172,8,1,0
BRDA:191,9,0,0
BRDA:191,9,1,0
BRDA:203,10,0,0
BRDA:203,10,1,0
BRDA:207,11,0,0
BRDA:207,11,1,0
BRDA:213,12,0,0
BRDA:213,12,1,0
BRDA:214,13,0,0
BRDA:214,13,1,0
BRDA:220,14,0,0
BRDA:220,14,1,0
BRDA:228,15,0,0
BRDA:228,15,1,0
BRDA:235,16,0,0
BRDA:235,16,1,0
BRF:36
BRH:0
end_of_record
TN:
SF:src/screens/EquipmentManagementScreen.tsx
FN:19,EquipmentManagementScreen
FN:26,(anonymous_1)
FN:32,(anonymous_2)
FN:46,(anonymous_3)
FN:57,(anonymous_4)
FN:65,(anonymous_5)
FN:95,(anonymous_6)
FN:106,(anonymous_7)
FN:130,(anonymous_8)
FN:133,(anonymous_9)
FN:155,(anonymous_10)
FN:156,(anonymous_11)
FN:172,(anonymous_12)
FN:187,(anonymous_13)
FNF:14
FNH:0
FNDA:0,EquipmentManagementScreen
FNDA:0,(anonymous_1)
FNDA:0,(anonymous_2)
FNDA:0,(anonymous_3)
FNDA:0,(anonymous_4)
FNDA:0,(anonymous_5)
FNDA:0,(anonymous_6)
FNDA:0,(anonymous_7)
FNDA:0,(anonymous_8)
FNDA:0,(anonymous_9)
FNDA:0,(anonymous_10)
FNDA:0,(anonymous_11)
FNDA:0,(anonymous_12)
FNDA:0,(anonymous_13)
DA:20,0
DA:21,0
DA:22,0
DA:23,0
DA:26,0
DA:27,0
DA:28,0
DA:32,0
DA:33,0
DA:35,0
DA:36,0
DA:43,0
DA:45,0
DA:46,0
DA:53,0
DA:57,0
DA:58,0
DA:60,0
DA:61,0
DA:62,0
DA:65,0
DA:66,0
DA:67,0
DA:68,0
DA:71,0
DA:83,0
DA:85,0
DA:86,0
DA:88,0
DA:89,0
DA:91,0
DA:95,0
DA:96,0
DA:98,0
DA:107,0
DA:108,0
DA:109,0
DA:115,0
DA:117,0
DA:119,0
DA:120,0
DA:122,0
DA:130,0
DA:131,0
DA:133,0
DA:134,0
DA:136,0
DA:137,0
DA:138,0
DA:144,0
DA:146,0
DA:148,0
DA:149,0
DA:151,0
DA:155,0
DA:156,0
DA:157,0
DA:159,0
DA:160,0
DA:161,0
DA:162,0
DA:164,0
DA:165,0
DA:173,0
DA:174,0
DA:183,0
DA:187,0
DA:188,0
DA:190,0
DA:191,0
DA:192,0
DA:198,0
DA:200,0
DA:202,0
DA:203,0
DA:205,0
DA:209,0
LF:77
LH:0
BRDA:27,0,0,0
BRDA:27,0,1,0
BRDA:33,1,0,0
BRDA:33,1,1,0
BRDA:43,2,0,0
BRDA:43,2,1,0
BRDA:46,3,0,0
BRDA:46,3,1,0
BRDA:49,4,0,0
BRDA:49,4,1,0
BRDA:58,5,0,0
BRDA:58,5,1,0
BRDA:58,6,0,0
BRDA:58,6,1,0
BRDA:58,6,2,0
BRDA:65,7,0,0
BRDA:65,7,1,0
BRDA:83,8,0,0
BRDA:83,8,1,0
BRDA:96,9,0,0
BRDA:96,9,1,0
BRDA:115,10,0,0
BRDA:115,10,1,0
BRDA:131,11,0,0
BRDA:131,11,1,0
BRDA:134,12,0,0
BRDA:134,12,1,0
BRDA:144,13,0,0
BRDA:144,13,1,0
BRDA:157,14,0,0
BRDA:157,14,1,0
BRDA:157,15,0,0
BRDA:157,15,1,0
BRDA:159,16,0,0
BRDA:159,16,1,0
BRDA:161,17,0,0
BRDA:161,17,1,0
BRDA:161,18,0,0
BRDA:161,18,1,0
BRDA:161,18,2,0
BRDA:164,19,0,0
BRDA:164,19,1,0
BRDA:173,20,0,0
BRDA:173,20,1,0
BRDA:173,21,0,0
BRDA:173,21,1,0
BRDA:173,21,2,0
BRDA:188,22,0,0
BRDA:188,22,1,0
BRDA:198,23,0,0
BRDA:198,23,1,0
BRDA:223,24,0,0
BRDA:223,24,1,0
BRDA:229,25,0,0
BRDA:229,25,1,0
BRF:55
BRH:0
end_of_record
TN:
SF:src/screens/MainScreen.tsx
FN:40,MainScreen
FN:87,(anonymous_1)
FN:105,(anonymous_2)
FN:106,(anonymous_3)
FN:116,(anonymous_4)
FN:133,(anonymous_5)
FN:137,(anonymous_6)
FN:191,(anonymous_7)
FN:230,(anonymous_8)
FN:239,(anonymous_9)
FN:255,(anonymous_10)
FN:258,(anonymous_11)
FN:277,(anonymous_12)
FN:280,(anonymous_13)
FN:287,(anonymous_14)
FN:290,(anonymous_15)
FN:317,(anonymous_16)
FN:323,(anonymous_17)
FN:326,(anonymous_18)
FN:343,(anonymous_19)
FN:361,(anonymous_20)
FN:401,(anonymous_21)
FN:418,(anonymous_22)
FN:460,(anonymous_23)
FN:465,(anonymous_24)
FN:473,(anonymous_25)
FN:477,(anonymous_26)
FN:493,(anonymous_27)
FN:508,(anonymous_28)
FN:520,(anonymous_29)
FN:527,(anonymous_30)
FN:531,(anonymous_31)
FN:536,(anonymous_32)
FN:545,(anonymous_33)
FN:560,(anonymous_34)
FN:568,(anonymous_35)
FN:571,(anonymous_36)
FN:589,(anonymous_37)
FN:595,(anonymous_38)
FN:615,(anonymous_39)
FN:626,(anonymous_40)
FN:670,(anonymous_41)
FN:670,(anonymous_42)
FN:694,(anonymous_43)
FN:695,(anonymous_44)
FN:697,(anonymous_45)
FN:699,(anonymous_46)
FN:716,(anonymous_47)
FN:778,(anonymous_48)
FN:778,(anonymous_49)
FN:799,(anonymous_50)
FN:799,(anonymous_51)
FN:811,(anonymous_52)
FN:845,(anonymous_53)
FN:871,(anonymous_54)
FN:884,(anonymous_55)
FN:895,(anonymous_56)
FNF:57
FNH:0
FNDA:0,MainScreen
FNDA:0,(anonymous_1)
FNDA:0,(anonymous_2)
FNDA:0,(anonymous_3)
FNDA:0,(anonymous_4)
FNDA:0,(anonymous_5)
FNDA:0,(anonymous_6)
FNDA:0,(anonymous_7)
FNDA:0,(anonymous_8)
FNDA:0,(anonymous_9)
FNDA:0,(anonymous_10)
FNDA:0,(anonymous_11)
FNDA:0,(anonymous_12)
FNDA:0,(anonymous_13)
FNDA:0,(anonymous_14)
FNDA:0,(anonymous_15)
FNDA:0,(anonymous_16)
FNDA:0,(anonymous_17)
FNDA:0,(anonymous_18)
FNDA:0,(anonymous_19)
FNDA:0,(anonymous_20)
FNDA:0,(anonymous_21)
FNDA:0,(anonymous_22)
FNDA:0,(anonymous_23)
FNDA:0,(anonymous_24)
FNDA:0,(anonymous_25)
FNDA:0,(anonymous_26)
FNDA:0,(anonymous_27)
FNDA:0,(anonymous_28)
FNDA:0,(anonymous_29)
FNDA:0,(anonymous_30)
FNDA:0,(anonymous_31)
FNDA:0,(anonymous_32)
FNDA:0,(anonymous_33)
FNDA:0,(anonymous_34)
FNDA:0,(anonymous_35)
FNDA:0,(anonymous_36)
FNDA:0,(anonymous_37)
FNDA:0,(anonymous_38)
FNDA:0,(anonymous_39)
FNDA:0,(anonymous_40)
FNDA:0,(anonymous_41)
FNDA:0,(anonymous_42)
FNDA:0,(anonymous_43)
FNDA:0,(anonymous_44)
FNDA:0,(anonymous_45)
FNDA:0,(anonymous_46)
FNDA:0,(anonymous_47)
FNDA:0,(anonymous_48)
FNDA:0,(anonymous_49)
FNDA:0,(anonymous_50)
FNDA:0,(anonymous_51)
FNDA:0,(anonymous_52)
FNDA:0,(anonymous_53)
FNDA:0,(anonymous_54)
FNDA:0,(anonymous_55)
FNDA:0,(anonymous_56)
DA:33,0
DA:34,0
DA:41,0
DA:43,0
DA:44,0
DA:45,0
DA:46,0
DA:47,0
DA:48,0
DA:49,0
DA:50,0
DA:51,0
DA:52,0
DA:53,0
DA:54,0
DA:55,0
DA:56,0
DA:57,0
DA:58,0
DA:59,0
DA:60,0
DA:61,0
DA:62,0
DA:63,0
DA:64,0
DA:65,0
DA:66,0
DA:67,0
DA:70,0
DA:71,0
DA:72,0
DA:73,0
DA:74,0
DA:75,0
DA:76,0
DA:77,0
DA:80,0
DA:81,0
DA:82,0
DA:83,0
DA:84,0
DA:87,0
DA:88,0
DA:89,0
DA:90,0
DA:91,0
DA:93,0
DA:94,0
DA:97,0
DA:100,0
DA:101,0
DA:102,0
DA:105,0
DA:106,0
DA:107,0
DA:108,0
DA:109,0
DA:110,0
DA:116,0
DA:118,0
DA:119,0
DA:123,0
DA:124,0
DA:128,0
DA:132,0
DA:133,0
DA:137,0
DA:138,0
DA:141,0
DA:144,0
DA:145,0
DA:146,0
DA:147,0
DA:148,0
DA:149,0
DA:150,0
DA:154,0
DA:155,0
DA:156,0
DA:159,0
DA:160,0
DA:161,0
DA:162,0
DA:163,0
DA:164,0
DA:165,0
DA:166,0
DA:169,0
DA:172,0
DA:173,0
DA:175,0
DA:176,0
DA:179,0
DA:180,0
DA:187,0
DA:190,0
DA:191,0
DA:192,0
DA:195,0
DA:196,0
DA:200,0
DA:203,0
DA:206,0
DA:207,0
DA:209,0
DA:211,0
DA:212,0
DA:213,0
DA:215,0
DA:216,0
DA:219,0
DA:220,0
DA:230,0
DA:231,0
DA:232,0
DA:234,0
DA:239,0
DA:240,0
DA:241,0
DA:244,0
DA:245,0
DA:246,0
DA:247,0
DA:255,0
DA:256,0
DA:258,0
DA:260,0
DA:268,0
DA:269,0
DA:273,0
DA:277,0
DA:278,0
DA:280,0
DA:281,0
DA:282,0
DA:287,0
DA:288,0
DA:290,0
DA:292,0
DA:298,0
DA:299,0
DA:303,0
DA:310,0
DA:313,0
DA:317,0
DA:318,0
DA:319,0
DA:323,0
DA:324,0
DA:326,0
DA:327,0
DA:328,0
DA:329,0
DA:330,0
DA:333,0
DA:334,0
DA:335,0
DA:336,0
DA:338,0
DA:343,0
DA:344,0
DA:345,0
DA:346,0
DA:347,0
DA:349,0
DA:350,0
DA:352,0
DA:361,0
DA:362,0
DA:364,0
DA:366,0
DA:372,0
DA:373,0
DA:374,0
DA:377,0
DA:378,0
DA:379,0
DA:382,0
DA:392,0
DA:394,0
DA:395,0
DA:396,0
DA:399,0
DA:400,0
DA:401,0
DA:402,0
DA:403,0
DA:416,0
DA:417,0
DA:418,0
DA:419,0
DA:420,0
DA:434,0
DA:437,0
DA:441,0
DA:442,0
DA:443,0
DA:445,0
DA:447,0
DA:448,0
DA:451,0
DA:452,0
DA:455,0
DA:456,0
DA:460,0
DA:461,0
DA:462,0
DA:465,0
DA:466,0
DA:468,0
DA:471,0
DA:473,0
DA:477,0
DA:478,0
DA:481,0
DA:482,0
DA:483,0
DA:486,0
DA:487,0
DA:494,0
DA:497,0
DA:509,0
DA:513,0
DA:520,0
DA:521,0
DA:522,0
DA:527,0
DA:528,0
DA:531,0
DA:532,0
DA:533,0
DA:536,0
DA:537,0
DA:539,0
DA:540,0
DA:541,0
DA:543,0
DA:545,0
DA:546,0
DA:547,0
DA:548,0
DA:549,0
DA:553,0
DA:554,0
DA:556,0
DA:560,0
DA:561,0
DA:563,0
DA:564,0
DA:565,0
DA:568,0
DA:569,0
DA:570,0
DA:571,0
DA:573,0
DA:574,0
DA:576,0
DA:579,0
DA:582,0
DA:583,0
DA:585,0
DA:589,0
DA:590,0
DA:591,0
DA:595,0
DA:596,0
DA:608,0
DA:609,0
DA:611,0
DA:615,0
DA:616,0
DA:618,0
DA:619,0
DA:622,0
DA:628,0
DA:634,0
DA:670,0
DA:694,0
DA:695,0
DA:697,0
DA:699,0
DA:716,0
DA:778,0
DA:799,0
DA:811,0
DA:846,0
DA:847,0
DA:848,0
DA:849,0
DA:850,0
DA:852,0
DA:871,0
DA:884,0
DA:895,0
LF:294
LH:0
BRDA:43,0,0,0
BRDA:43,0,1,0
BRDA:44,1,0,0
BRDA:44,1,1,0
BRDA:93,2,0,0
BRDA:93,2,1,0
BRDA:93,3,0,0
BRDA:93,3,1,0
BRDA:110,4,0,0
BRDA:110,4,1,0
BRDA:118,5,0,0
BRDA:118,5,1,0
BRDA:118,6,0,0
BRDA:118,6,1,0
BRDA:123,7,0,0
BRDA:123,7,1,0
BRDA:123,8,0,0
BRDA:123,8,1,0
BRDA:128,9,0,0
BRDA:128,9,1,0
BRDA:133,10,0,0
BRDA:133,10,1,0
BRDA:137,11,0,0
BRDA:138,12,0,0
BRDA:138,12,1,0
BRDA:138,13,0,0
BRDA:138,13,1,0
BRDA:141,14,0,0
BRDA:141,14,1,0
BRDA:149,15,0,0
BRDA:149,15,1,0
BRDA:149,16,0,0
BRDA:149,16,1,0
BRDA:159,17,0,0
BRDA:159,17,1,0
BRDA:162,18,0,0
BRDA:162,18,1,0
BRDA:175,19,0,0
BRDA:175,19,1,0
BRDA:175,20,0,0
BRDA:175,20,1,0
BRDA:187,21,0,0
BRDA:187,21,1,0
BRDA:195,22,0,0
BRDA:195,22,1,0
BRDA:195,22,2,0
BRDA:211,23,0,0
BRDA:211,23,1,0
BRDA:219,24,0,0
BRDA:219,24,1,0
BRDA:219,25,0,0
BRDA:219,25,1,0
BRDA:231,26,0,0
BRDA:231,26,1,0
BRDA:231,27,0,0
BRDA:231,27,1,0
BRDA:231,27,2,0
BRDA:240,28,0,0
BRDA:240,28,1,0
BRDA:240,29,0,0
BRDA:240,29,1,0
BRDA:256,30,0,0
BRDA:256,30,1,0
BRDA:268,31,0,0
BRDA:268,31,1,0
BRDA:278,32,0,0
BRDA:278,32,1,0
BRDA:278,33,0,0
BRDA:278,33,1,0
BRDA:281,34,0,0
BRDA:281,34,1,0
BRDA:288,35,0,0
BRDA:288,35,1,0
BRDA:298,36,0,0
BRDA:298,36,1,0
BRDA:310,37,0,0
BRDA:310,37,1,0
BRDA:324,38,0,0
BRDA:324,38,1,0
BRDA:324,39,0,0
BRDA:324,39,1,0
BRDA:330,40,0,0
BRDA:330,40,1,0
BRDA:333,41,0,0
BRDA:333,41,1,0
BRDA:333,42,0,0
BRDA:333,42,1,0
BRDA:335,43,0,0
BRDA:335,43,1,0
BRDA:362,44,0,0
BRDA:362,44,1,0
BRDA:362,45,0,0
BRDA:362,45,1,0
BRDA:362,45,2,0
BRDA:372,46,0,0
BRDA:372,46,1,0
BRDA:377,47,0,0
BRDA:377,47,1,0
BRDA:377,48,0,0
BRDA:377,48,1,0
BRDA:400,49,0,0
BRDA:400,49,1,0
BRDA:401,50,0,0
BRDA:401,50,1,0
BRDA:402,51,0,0
BRDA:402,51,1,0
BRDA:417,52,0,0
BRDA:417,52,1,0
BRDA:418,53,0,0
BRDA:418,53,1,0
BRDA:419,54,0,0
BRDA:419,54,1,0
BRDA:434,55,0,0
BRDA:434,55,1,0
BRDA:441,56,0,0
BRDA:441,56,1,0
BRDA:466,57,0,0
BRDA:466,57,1,0
BRDA:466,58,0,0
BRDA:466,58,1,0
BRDA:466,58,2,0
BRDA:478,59,0,0
BRDA:478,59,1,0
BRDA:486,60,0,0
BRDA:486,60,1,0
BRDA:494,61,0,0
BRDA:494,61,1,0
BRDA:509,62,0,0
BRDA:509,62,1,0
BRDA:521,63,0,0
BRDA:521,63,1,0
BRDA:527,64,0,0
BRDA:527,64,1,0
BRDA:537,65,0,0
BRDA:537,65,1,0
BRDA:537,66,0,0
BRDA:537,66,1,0
BRDA:537,66,2,0
BRDA:537,66,3,0
BRDA:543,67,0,0
BRDA:543,67,1,0
BRDA:547,68,0,0
BRDA:547,68,1,0
BRDA:561,69,0,0
BRDA:561,69,1,0
BRDA:561,70,0,0
BRDA:561,70,1,0
BRDA:570,71,0,0
BRDA:570,71,1,0
BRDA:573,72,0,0
BRDA:573,72,1,0
BRDA:608,73,0,0
BRDA:608,73,1,0
BRDA:616,74,0,0
BRDA:616,74,1,0
BRDA:637,75,0,0
BRDA:637,75,1,0
BRDA:658,76,0,0
BRDA:658,76,1,0
BRDA:658,76,2,0
BRDA:682,77,0,0
BRDA:682,77,1,0
BRDA:684,78,0,0
BRDA:684,78,1,0
BRDA:684,79,0,0
BRDA:684,79,1,0
BRDA:686,80,0,0
BRDA:686,80,1,0
BRDA:696,81,0,0
BRDA:696,81,1,0
BRDA:708,82,0,0
BRDA:708,82,1,0
BRDA:708,82,2,0
BRDA:708,82,3,0
BRDA:708,82,4,0
BRDA:739,83,0,0
BRDA:739,83,1,0
BRDA:751,84,0,0
BRDA:751,84,1,0
BRDA:751,84,2,0
BRDA:751,84,3,0
BRDA:751,84,4,0
BRDA:751,84,5,0
BRDA:751,84,6,0
BRDA:787,85,0,0
BRDA:787,85,1,0
BRDA:808,86,0,0
BRDA:808,86,1,0
BRDA:822,87,0,0
BRDA:822,87,1,0
BRDA:837,88,0,0
BRDA:837,88,1,0
BRDA:837,88,2,0
BRDA:861,89,0,0
BRDA:861,89,1,0
BRDA:864,90,0,0
BRDA:864,90,1,0
BRDA:870,91,0,0
BRDA:870,91,1,0
BRDA:870,92,0,0
BRDA:870,92,1,0
BRDA:926,93,0,0
BRDA:926,93,1,0
BRDA:927,94,0,0
BRDA:927,94,1,0
BRDA:927,95,0,0
BRDA:927,95,1,0
BRF:207
BRH:0
end_of_record
TN:
SF:src/screens/NotificationsSettingsScreen.tsx
FN:23,NotificationsSettingsScreen
FN:34,(anonymous_1)
FN:37,(anonymous_2)
FN:43,(anonymous_3)
FN:56,(anonymous_4)
FN:125,(anonymous_5)
FN:166,(anonymous_6)
FN:173,(anonymous_7)
FN:192,(anonymous_8)
FN:197,(anonymous_9)
FN:261,(anonymous_10)
FNF:11
FNH:0
FNDA:0,NotificationsSettingsScreen
FNDA:0,(anonymous_1)
FNDA:0,(anonymous_2)
FNDA:0,(anonymous_3)
FNDA:0,(anonymous_4)
FNDA:0,(anonymous_5)
FNDA:0,(anonymous_6)
FNDA:0,(anonymous_7)
FNDA:0,(anonymous_8)
FNDA:0,(anonymous_9)
FNDA:0,(anonymous_10)
DA:24,0
DA:25,0
DA:26,0
DA:27,0
DA:31,0
DA:32,0
DA:34,0
DA:37,0
DA:38,0
DA:39,0
DA:43,0
DA:44,0
DA:46,0
DA:47,0
DA:48,0
DA:50,0
DA:52,0
DA:56,0
DA:57,0
DA:60,0
DA:61,0
DA:62,0
DA:64,0
DA:66,0
DA:67,0
DA:68,0
DA:72,0
DA:76,0
DA:79,0
DA:80,0
DA:83,0
DA:84,0
DA:86,0
DA:87,0
DA:88,0
DA:89,0
DA:91,0
DA:93,0
DA:94,0
DA:96,0
DA:97,0
DA:102,0
DA:109,0
DA:110,0
DA:111,0
DA:114,0
DA:116,0
DA:117,0
DA:119,0
DA:121,0
DA:125,0
DA:126,0
DA:128,0
DA:129,0
DA:132,0
DA:133,0
DA:134,0
DA:135,0
DA:137,0
DA:138,0
DA:140,0
DA:141,0
DA:142,0
DA:144,0
DA:147,0
DA:148,0
DA:153,0
DA:156,0
DA:157,0
DA:159,0
DA:161,0
DA:166,0
DA:167,0
DA:168,0
DA:169,0
DA:170,0
DA:173,0
DA:174,0
DA:175,0
DA:176,0
DA:177,0
DA:178,0
DA:181,0
DA:182,0
DA:187,0
DA:188,0
DA:192,0
DA:193,0
DA:194,0
DA:195,0
DA:198,0
DA:202,0
DA:203,0
DA:205,0
DA:206,0
DA:210,0
DA:211,0
DA:218,0
DA:261,0
LF:99
LH:0
BRDA:38,0,0,0
BRDA:38,0,1,0
BRDA:44,1,0,0
BRDA:44,1,1,0
BRDA:57,2,0,0
BRDA:57,2,1,0
BRDA:57,3,0,0
BRDA:57,3,1,0
BRDA:60,4,0,0
BRDA:60,4,1,0
BRDA:66,5,0,0
BRDA:66,5,1,0
BRDA:68,6,0,0
BRDA:68,6,1,0
BRDA:91,7,0,0
BRDA:91,7,1,0
BRDA:96,8,0,0
BRDA:96,8,1,0
BRDA:128,9,0,0
BRDA:128,9,1,0
BRDA:132,10,0,0
BRDA:132,10,1,0
BRDA:132,11,0,0
BRDA:132,11,1,0
BRDA:132,11,2,0
BRDA:144,12,0,0
BRDA:144,12,1,0
BRDA:176,13,0,0
BRDA:176,13,1,0
BRDA:195,14,0,0
BRDA:195,14,1,0
BRDA:210,15,0,0
BRDA:210,15,1,0
BRDA:248,16,0,0
BRDA:248,16,1,0
BRDA:254,17,0,0
BRDA:254,17,1,0
BRDA:270,18,0,0
BRDA:270,18,1,0
BRDA:318,19,0,0
BRDA:318,19,1,0
BRDA:337,20,0,0
BRDA:337,20,1,0
BRF:43
BRH:0
end_of_record
TN:
SF:src/screens/OnboardingScreen.tsx
FN:32,generateInviteCodeForHousehold
FN:51,OnboardingScreen
FN:79,(anonymous_2)
FN:96,(anonymous_3)
FN:97,(anonymous_4)
FN:122,(anonymous_5)
FN:137,(anonymous_6)
FN:145,(anonymous_7)
FN:146,(anonymous_8)
FN:149,(anonymous_9)
FN:150,(anonymous_10)
FN:155,(anonymous_11)
FN:156,(anonymous_12)
FN:164,(anonymous_13)
FN:179,(anonymous_14)
FN:182,(anonymous_15)
FN:202,(anonymous_16)
FN:205,(anonymous_17)
FN:215,(anonymous_18)
FN:229,(anonymous_19)
FN:235,(anonymous_20)
FN:243,(anonymous_21)
FN:251,(anonymous_22)
FN:363,(anonymous_23)
FN:452,(anonymous_24)
FN:466,(anonymous_25)
FN:500,(anonymous_26)
FN:501,(anonymous_27)
FN:546,(anonymous_28)
FN:571,(anonymous_29)
FN:620,(anonymous_30)
FN:630,(anonymous_31)
FN:665,(anonymous_32)
FN:709,(anonymous_33)
FN:731,(anonymous_34)
FN:778,(anonymous_35)
FN:785,(anonymous_36)
FN:795,(anonymous_37)
FN:803,(anonymous_38)
FN:837,(anonymous_39)
FN:844,(anonymous_40)
FN:871,(anonymous_41)
FN:879,(anonymous_42)
FN:913,(anonymous_43)
FN:920,(anonymous_44)
FN:937,(anonymous_45)
FN:956,(anonymous_46)
FN:989,(anonymous_47)
FN:1001,(anonymous_48)
FN:1014,(anonymous_49)
FN:1037,(anonymous_50)
FN:1075,(anonymous_51)
FN:1093,(anonymous_52)
FN:1111,(anonymous_53)
FNF:54
FNH:0
FNDA:0,generateInviteCodeForHousehold
FNDA:0,OnboardingScreen
FNDA:0,(anonymous_2)
FNDA:0,(anonymous_3)
FNDA:0,(anonymous_4)
FNDA:0,(anonymous_5)
FNDA:0,(anonymous_6)
FNDA:0,(anonymous_7)
FNDA:0,(anonymous_8)
FNDA:0,(anonymous_9)
FNDA:0,(anonymous_10)
FNDA:0,(anonymous_11)
FNDA:0,(anonymous_12)
FNDA:0,(anonymous_13)
FNDA:0,(anonymous_14)
FNDA:0,(anonymous_15)
FNDA:0,(anonymous_16)
FNDA:0,(anonymous_17)
FNDA:0,(anonymous_18)
FNDA:0,(anonymous_19)
FNDA:0,(anonymous_20)
FNDA:0,(anonymous_21)
FNDA:0,(anonymous_22)
FNDA:0,(anonymous_23)
FNDA:0,(anonymous_24)
FNDA:0,(anonymous_25)
FNDA:0,(anonymous_26)
FNDA:0,(anonymous_27)
FNDA:0,(anonymous_28)
FNDA:0,(anonymous_29)
FNDA:0,(anonymous_30)
FNDA:0,(anonymous_31)
FNDA:0,(anonymous_32)
FNDA:0,(anonymous_33)
FNDA:0,(anonymous_34)
FNDA:0,(anonymous_35)
FNDA:0,(anonymous_36)
FNDA:0,(anonymous_37)
FNDA:0,(anonymous_38)
FNDA:0,(anonymous_39)
FNDA:0,(anonymous_40)
FNDA:0,(anonymous_41)
FNDA:0,(anonymous_42)
FNDA:0,(anonymous_43)
FNDA:0,(anonymous_44)
FNDA:0,(anonymous_45)
FNDA:0,(anonymous_46)
FNDA:0,(anonymous_47)
FNDA:0,(anonymous_48)
FNDA:0,(anonymous_49)
FNDA:0,(anonymous_50)
FNDA:0,(anonymous_51)
FNDA:0,(anonymous_52)
FNDA:0,(anonymous_53)
DA:33,0
DA:35,0
DA:39,0
DA:40,0
DA:41,0
DA:44,0
DA:46,0
DA:47,0
DA:52,0
DA:53,0
DA:54,0
DA:55,0
DA:58,0
DA:59,0
DA:60,0
DA:63,0
DA:64,0
DA:67,0
DA:70,0
DA:73,0
DA:74,0
DA:75,0
DA:78,0
DA:79,0
DA:81,0
DA:84,0
DA:87,0
DA:90,0
DA:91,0
DA:92,0
DA:93,0
DA:96,0
DA:97,0
DA:98,0
DA:99,0
DA:100,0
DA:103,0
DA:109,0
DA:110,0
DA:113,0
DA:120,0
DA:121,0
DA:122,0
DA:130,0
DA:134,0
DA:137,0
DA:138,0
DA:140,0
DA:141,0
DA:142,0
DA:145,0
DA:146,0
DA:149,0
DA:150,0
DA:151,0
DA:155,0
DA:156,0
DA:157,0
DA:160,0
DA:161,0
DA:162,0
DA:163,0
DA:165,0
DA:171,0
DA:172,0
DA:180,0
DA:181,0
DA:183,0
DA:195,0
DA:196,0
DA:197,0
DA:202,0
DA:203,0
DA:204,0
DA:206,0
DA:210,0
DA:211,0
DA:212,0
DA:215,0
DA:216,0
DA:217,0
DA:221,0
DA:222,0
DA:223,0
DA:224,0
DA:226,0
DA:229,0
DA:235,0
DA:236,0
DA:237,0
DA:238,0
DA:239,0
DA:240,0
DA:243,0
DA:244,0
DA:245,0
DA:246,0
DA:247,0
DA:248,0
DA:251,0
DA:252,0
DA:253,0
DA:254,0
DA:257,0
DA:258,0
DA:260,0
DA:261,0
DA:263,0
DA:271,0
DA:273,0
DA:275,0
DA:278,0
DA:284,0
DA:285,0
DA:287,0
DA:290,0
DA:296,0
DA:297,0
DA:300,0
DA:301,0
DA:302,0
DA:307,0
DA:309,0
DA:310,0
DA:311,0
DA:312,0
DA:315,0
DA:316,0
DA:321,0
DA:322,0
DA:324,0
DA:330,0
DA:331,0
DA:334,0
DA:335,0
DA:338,0
DA:344,0
DA:345,0
DA:347,0
DA:352,0
DA:354,0
DA:359,0
DA:360,0
DA:361,0
DA:363,0
DA:365,0
DA:366,0
DA:368,0
DA:369,0
DA:372,0
DA:373,0
DA:376,0
DA:381,0
DA:382,0
DA:384,0
DA:387,0
DA:393,0
DA:395,0
DA:396,0
DA:398,0
DA:405,0
DA:407,0
DA:409,0
DA:410,0
DA:411,0
DA:414,0
DA:417,0
DA:418,0
DA:425,0
DA:427,0
DA:434,0
DA:435,0
DA:444,0
DA:449,0
DA:452,0
DA:453,0
DA:454,0
DA:455,0
DA:459,0
DA:461,0
DA:466,0
DA:476,0
DA:480,0
DA:484,0
DA:486,0
DA:493,0
DA:499,0
DA:500,0
DA:502,0
DA:503,0
DA:504,0
DA:505,0
DA:516,0
DA:518,0
DA:519,0
DA:523,0
DA:524,0
DA:529,0
DA:530,0
DA:531,0
DA:532,0
DA:535,0
DA:536,0
DA:539,0
DA:540,0
DA:542,0
DA:546,0
DA:547,0
DA:549,0
DA:550,0
DA:551,0
DA:555,0
DA:556,0
DA:557,0
DA:560,0
DA:561,0
DA:562,0
DA:565,0
DA:567,0
DA:571,0
DA:572,0
DA:573,0
DA:574,0
DA:577,0
DA:578,0
DA:579,0
DA:584,0
DA:586,0
DA:587,0
DA:589,0
DA:592,0
DA:593,0
DA:594,0
DA:595,0
DA:596,0
DA:597,0
DA:599,0
DA:603,0
DA:605,0
DA:610,0
DA:611,0
DA:620,0
DA:630,0
DA:643,0
DA:644,0
DA:665,0
DA:709,0
DA:720,0
DA:732,0
DA:778,0
DA:785,0
DA:795,0
DA:803,0
DA:837,0
DA:844,0
DA:871,0
DA:879,0
DA:913,0
DA:920,0
DA:937,0
DA:956,0
DA:990,0
DA:1001,0
DA:1014,0
DA:1037,0
DA:1076,0
DA:1093,0
DA:1111,0
LF:268
LH:0
BRDA:39,0,0,0
BRDA:39,0,1,0
BRDA:100,1,0,0
BRDA:100,1,1,0
BRDA:109,2,0,0
BRDA:109,2,1,0
BRDA:109,3,0,0
BRDA:109,3,1,0
BRDA:120,4,0,0
BRDA:120,4,1,0
BRDA:120,5,0,0
BRDA:120,5,1,0
BRDA:125,6,0,0
BRDA:125,6,1,0
BRDA:138,7,0,0
BRDA:138,7,1,0
BRDA:151,8,0,0
BRDA:151,8,1,0
BRDA:157,9,0,0
BRDA:157,9,1,0
BRDA:160,10,0,0
BRDA:160,10,1,0
BRDA:160,11,0,0
BRDA:160,11,1,0
BRDA:162,12,0,0
BRDA:162,12,1,0
BRDA:162,13,0,0
BRDA:162,13,1,0
BRDA:165,14,0,0
BRDA:165,14,1,0
BRDA:171,15,0,0
BRDA:171,15,1,0
BRDA:180,16,0,0
BRDA:180,16,1,0
BRDA:180,17,0,0
BRDA:180,17,1,0
BRDA:183,18,0,0
BRDA:183,18,1,0
BRDA:203,19,0,0
BRDA:203,19,1,0
BRDA:203,20,0,0
BRDA:203,20,1,0
BRDA:206,21,0,0
BRDA:206,21,1,0
BRDA:221,22,0,0
BRDA:221,22,1,0
BRDA:221,23,0,0
BRDA:221,23,1,0
BRDA:223,24,0,0
BRDA:223,24,1,0
BRDA:224,25,0,0
BRDA:224,25,1,0
BRDA:238,26,0,0
BRDA:238,26,1,0
BRDA:238,27,0,0
BRDA:238,27,1,0
BRDA:239,28,0,0
BRDA:239,28,1,0
BRDA:239,29,0,0
BRDA:239,29,1,0
BRDA:246,30,0,0
BRDA:246,30,1,0
BRDA:247,31,0,0
BRDA:247,31,1,0
BRDA:252,32,0,0
BRDA:252,32,1,0
BRDA:261,33,0,0
BRDA:261,33,1,0
BRDA:273,34,0,0
BRDA:273,34,1,0
BRDA:273,35,0,0
BRDA:273,35,1,0
BRDA:284,36,0,0
BRDA:284,36,1,0
BRDA:284,37,0,0
BRDA:284,37,1,0
BRDA:296,38,0,0
BRDA:296,38,1,0
BRDA:301,39,0,0
BRDA:301,39,1,0
BRDA:310,40,0,0
BRDA:310,40,1,0
BRDA:311,41,0,0
BRDA:311,41,1,0
BRDA:312,42,0,0
BRDA:312,42,1,0
BRDA:315,43,0,0
BRDA:315,43,1,0
BRDA:321,44,0,0
BRDA:321,44,1,0
BRDA:330,45,0,0
BRDA:330,45,1,0
BRDA:334,46,0,0
BRDA:334,46,1,0
BRDA:344,47,0,0
BRDA:344,47,1,0
BRDA:352,48,0,0
BRDA:352,48,1,0
BRDA:359,49,0,0
BRDA:359,49,1,0
BRDA:361,50,0,0
BRDA:361,50,1,0
BRDA:368,51,0,0
BRDA:368,51,1,0
BRDA:372,52,0,0
BRDA:372,52,1,0
BRDA:381,53,0,0
BRDA:381,53,1,0
BRDA:395,54,0,0
BRDA:395,54,1,0
BRDA:399,55,0,0
BRDA:399,55,1,0
BRDA:401,56,0,0
BRDA:401,56,1,0
BRDA:407,57,0,0
BRDA:407,57,1,0
BRDA:417,58,0,0
BRDA:417,58,1,0
BRDA:425,59,0,0
BRDA:425,59,1,0
BRDA:425,60,0,0
BRDA:425,60,1,0
BRDA:434,61,0,0
BRDA:434,61,1,0
BRDA:434,62,0,0
BRDA:434,62,1,0
BRDA:449,63,0,0
BRDA:449,63,1,0
BRDA:452,64,0,0
BRDA:452,64,1,0
BRDA:453,65,0,0
BRDA:453,65,1,0
BRDA:454,66,0,0
BRDA:454,66,1,0
BRDA:459,67,0,0
BRDA:459,67,1,0
BRDA:480,68,0,0
BRDA:480,68,1,0
BRDA:484,69,0,0
BRDA:484,69,1,0
BRDA:484,70,0,0
BRDA:484,70,1,0
BRDA:510,71,0,0
BRDA:510,71,1,0
BRDA:511,72,0,0
BRDA:511,72,1,0
BRDA:518,73,0,0
BRDA:518,73,1,0
BRDA:523,74,0,0
BRDA:523,74,1,0
BRDA:529,75,0,0
BRDA:529,75,1,0
BRDA:540,76,0,0
BRDA:540,76,1,0
BRDA:547,77,0,0
BRDA:547,77,1,0
BRDA:555,78,0,0
BRDA:555,78,1,0
BRDA:560,79,0,0
BRDA:560,79,1,0
BRDA:572,80,0,0
BRDA:572,80,1,0
BRDA:581,81,0,0
BRDA:581,81,1,0
BRDA:584,82,0,0
BRDA:584,82,1,0
BRDA:593,83,0,0
BRDA:593,83,1,0
BRDA:594,84,0,0
BRDA:594,84,1,0
BRDA:596,85,0,0
BRDA:596,85,1,0
BRDA:610,86,0,0
BRDA:610,86,1,0
BRDA:643,87,0,0
BRDA:643,87,1,0
BRDA:647,88,0,0
BRDA:647,88,1,0
BRDA:681,89,0,0
BRDA:681,89,1,0
BRDA:683,90,0,0
BRDA:683,90,1,0
BRDA:688,91,0,0
BRDA:688,91,1,0
BRDA:696,92,0,0
BRDA:696,92,1,0
BRDA:700,93,0,0
BRDA:700,93,1,0
BRDA:723,94,0,0
BRDA:723,94,1,0
BRDA:736,95,0,0
BRDA:736,95,1,0
BRDA:743,96,0,0
BRDA:743,96,1,0
BRDA:773,97,0,0
BRDA:773,97,1,0
BRDA:794,98,0,0
BRDA:794,98,1,0
BRDA:794,98,2,0
BRDA:795,99,0,0
BRDA:795,99,1,0
BRDA:795,99,2,0
BRDA:796,100,0,0
BRDA:796,100,1,0
BRDA:811,101,0,0
BRDA:811,101,1,0
BRDA:852,102,0,0
BRDA:852,102,1,0
BRDA:870,103,0,0
BRDA:870,103,1,0
BRDA:871,104,0,0
BRDA:871,104,1,0
BRDA:887,105,0,0
BRDA:887,105,1,0
BRDA:928,106,0,0
BRDA:928,106,1,0
BRDA:928,106,2,0
BRDA:947,107,0,0
BRDA:947,107,1,0
BRDA:964,108,0,0
BRDA:964,108,1,0
BRDA:964,108,2,0
BRDA:1004,109,0,0
BRDA:1004,109,1,0
BRDA:1017,110,0,0
BRDA:1017,110,1,0
BRDA:1028,111,0,0
BRDA:1028,111,1,0
BRDA:1046,112,0,0
BRDA:1046,112,1,0
BRDA:1046,112,2,0
BRDA:1055,113,0,0
BRDA:1055,113,1,0
BRDA:1069,114,0,0
BRDA:1069,114,1,0
BRF:235
BRH:0
end_of_record
TN:
SF:src/screens/PersonalInfoScreen.tsx
FN:14,PersonalInfoScreen
FN:19,(anonymous_1)
FN:26,(anonymous_2)
FN:35,(anonymous_3)
FNF:4
FNH:0
FNDA:0,PersonalInfoScreen
FNDA:0,(anonymous_1)
FNDA:0,(anonymous_2)
FNDA:0,(anonymous_3)
DA:15,0
DA:16,0
DA:19,0
DA:22,0
DA:23,0
DA:26,0
DA:27,0
DA:28,0
DA:30,0
DA:31,0
DA:35,0
DA:36,0
DA:37,0
DA:38,0
DA:41,0
DA:42,0
DA:43,0
DA:46,0
DA:47,0
DA:48,0
DA:53,0
DA:54,0
DA:57,0
DA:62,0
DA:65,0
DA:67,0
DA:69,0
DA:70,0
DA:72,0
DA:76,0
DA:78,0
LF:31
LH:0
BRDA:27,0,0,0
BRDA:27,0,1,0
BRDA:30,1,0,0
BRDA:30,1,1,0
BRDA:36,2,0,0
BRDA:36,2,1,0
BRDA:41,3,0,0
BRDA:41,3,1,0
BRDA:53,4,0,0
BRDA:53,4,1,0
BRDA:62,5,0,0
BRDA:62,5,1,0
BRDA:76,6,0,0
BRDA:76,6,1,0
BRDA:114,7,0,0
BRDA:114,7,1,0
BRDA:118,8,0,0
BRDA:118,8,1,0
BRF:18
BRH:0
end_of_record
TN:
SF:src/screens/PrivacySettingsScreen.tsx
FN:13,PrivacySettingsScreen
FN:19,(anonymous_1)
FN:23,(anonymous_2)
FN:29,(anonymous_3)
FN:45,(anonymous_4)
FN:72,(anonymous_5)
FN:85,(anonymous_6)
FN:102,(anonymous_7)
FN:118,(anonymous_8)
FN:124,(anonymous_9)
FN:133,(anonymous_10)
FN:169,(anonymous_11)
FN:174,(anonymous_12)
FN:179,(anonymous_13)
FN:327,(anonymous_14)
FNF:15
FNH:0
FNDA:0,PrivacySettingsScreen
FNDA:0,(anonymous_1)
FNDA:0,(anonymous_2)
FNDA:0,(anonymous_3)
FNDA:0,(anonymous_4)
FNDA:0,(anonymous_5)
FNDA:0,(anonymous_6)
FNDA:0,(anonymous_7)
FNDA:0,(anonymous_8)
FNDA:0,(anonymous_9)
FNDA:0,(anonymous_10)
FNDA:0,(anonymous_11)
FNDA:0,(anonymous_12)
FNDA:0,(anonymous_13)
FNDA:0,(anonymous_14)
DA:14,0
DA:15,0
DA:16,0
DA:17,0
DA:19,0
DA:20,0
DA:23,0
DA:24,0
DA:25,0
DA:29,0
DA:30,0
DA:31,0
DA:37,0
DA:38,0
DA:41,0
DA:45,0
DA:46,0
DA:48,0
DA:49,0
DA:50,0
DA:55,0
DA:57,0
DA:58,0
DA:65,0
DA:66,0
DA:68,0
DA:72,0
DA:73,0
DA:74,0
DA:75,0
DA:78,0
DA:86,0
DA:87,0
DA:88,0
DA:89,0
DA:91,0
DA:92,0
DA:94,0
DA:102,0
DA:103,0
DA:104,0
DA:105,0
DA:108,0
DA:118,0
DA:124,0
DA:125,0
DA:134,0
DA:136,0
DA:137,0
DA:138,0
DA:145,0
DA:146,0
DA:152,0
DA:155,0
DA:158,0
DA:159,0
DA:161,0
DA:169,0
DA:171,0
DA:174,0
DA:176,0
DA:179,0
DA:192,0
DA:216,0
DA:217,0
DA:225,0
DA:327,0
LF:67
LH:0
BRDA:20,0,0,0
BRDA:20,0,1,0
BRDA:24,1,0,0
BRDA:24,1,1,0
BRDA:37,2,0,0
BRDA:37,2,1,0
BRDA:37,3,0,0
BRDA:37,3,1,0
BRDA:46,4,0,0
BRDA:46,4,1,0
BRDA:55,5,0,0
BRDA:55,5,1,0
BRDA:60,6,0,0
BRDA:60,6,1,0
BRDA:73,7,0,0
BRDA:73,7,1,0
BRDA:73,8,0,0
BRDA:73,8,1,0
BRDA:73,8,2,0
BRDA:103,9,0,0
BRDA:103,9,1,0
BRDA:103,10,0,0
BRDA:103,10,1,0
BRDA:103,10,2,0
BRDA:110,11,0,0
BRDA:110,11,1,0
BRDA:134,12,0,0
BRDA:134,12,1,0
BRDA:134,13,0,0
BRDA:134,13,1,0
BRDA:134,13,2,0
BRDA:145,14,0,0
BRDA:145,14,1,0
BRDA:152,15,0,0
BRDA:152,15,1,0
BRDA:201,16,0,0
BRDA:201,16,1,0
BRDA:204,17,0,0
BRDA:204,17,1,0
BRDA:207,18,0,0
BRDA:207,18,1,0
BRDA:216,19,0,0
BRDA:216,19,1,0
BRDA:284,20,0,0
BRDA:284,20,1,0
BRDA:298,21,0,0
BRDA:298,21,1,0
BRF:47
BRH:0
end_of_record
TN:
SF:src/screens/ProfileScreen.tsx
FN:21,ProfileScreen
FN:25,(anonymous_1)
FN:37,(anonymous_2)
FN:54,(anonymous_3)
FN:62,(anonymous_4)
FN:121,(anonymous_5)
FN:128,(anonymous_6)
FN:164,(anonymous_7)
FN:171,(anonymous_8)
FNF:9
FNH:0
FNDA:0,ProfileScreen
FNDA:0,(anonymous_1)
FNDA:0,(anonymous_2)
FNDA:0,(anonymous_3)
FNDA:0,(anonymous_4)
FNDA:0,(anonymous_5)
FNDA:0,(anonymous_6)
FNDA:0,(anonymous_7)
FNDA:0,(anonymous_8)
DA:22,0
DA:23,0
DA:25,0
DA:26,0
DA:38,0
DA:39,0
DA:40,0
DA:41,0
DA:43,0
DA:44,0
DA:46,0
DA:54,0
DA:55,0
DA:63,0
DA:64,0
DA:71,0
DA:104,0
DA:121,0
DA:122,0
DA:129,0
DA:130,0
DA:131,0
DA:132,0
DA:151,0
DA:165,0
DA:172,0
LF:26
LH:0
BRDA:41,0,0,0
BRDA:41,0,1,0
BRDA:121,1,0,0
BRDA:126,2,0,0
BRDA:126,2,1,0
BRDA:129,3,0,0
BRDA:129,3,1,0
BRDA:131,4,0,0
BRDA:131,4,1,0
BRDA:141,5,0,0
BRDA:141,5,1,0
BRDA:143,6,0,0
BRDA:143,6,1,0
BRF:13
BRH:0
end_of_record
TN:
SF:src/services/notifications.ts
FN:21,(anonymous_0)
FN:36,requestNotificationPermissions
FN:65,setupNotificationChannel
FN:90,hasMissingCriticalEquipment
FN:111,(anonymous_4)
FN:117,(anonymous_5)
FN:140,scheduleEquipmentNotification
FN:254,cancelAllEquipmentNotifications
FN:279,getScheduledNotifications
FN:287,(anonymous_9)
FN:300,scheduleTestNotification
FN:345,getNotificationSettings
FN:371,saveNotificationSettings
FN:396,rescheduleNotificationIfNeeded
FNF:14
FNH:0
FNDA:0,(anonymous_0)
FNDA:0,requestNotificationPermissions
FNDA:0,setupNotificationChannel
FNDA:0,hasMissingCriticalEquipment
FNDA:0,(anonymous_4)
FNDA:0,(anonymous_5)
FNDA:0,scheduleEquipmentNotification
FNDA:0,cancelAllEquipmentNotifications
FNDA:0,getScheduledNotifications
FNDA:0,(anonymous_9)
FNDA:0,scheduleTestNotification
FNDA:0,getNotificationSettings
FNDA:0,saveNotificationSettings
FNDA:0,rescheduleNotificationIfNeeded
DA:20,1
DA:21,0
DA:37,0
DA:38,0
DA:39,0
DA:42,0
DA:43,0
DA:44,0
DA:46,0
DA:48,0
DA:49,0
DA:50,0
DA:51,0
DA:52,0
DA:55,0
DA:56,0
DA:57,0
DA:59,0
DA:66,0
DA:67,0
DA:68,0
DA:69,0
DA:75,0
DA:76,0
DA:78,0
DA:79,0
DA:80,0
DA:83,0
DA:91,0
DA:93,0
DA:100,0
DA:102,0
DA:103,0
DA:107,0
DA:111,0
DA:113,0
DA:116,0
DA:117,0
DA:118,0
DA:122,0
DA:123,0
DA:125,0
DA:126,0
DA:130,0
DA:132,0
DA:133,0
DA:144,0
DA:145,0
DA:146,0
DA:149,0
DA:150,0
DA:151,0
DA:152,0
DA:153,0
DA:156,0
DA:157,0
DA:160,0
DA:161,0
DA:164,0
DA:165,0
DA:166,0
DA:168,0
DA:169,0
DA:172,0
DA:173,0
DA:174,0
DA:176,0
DA:182,0
DA:185,0
DA:186,0
DA:189,0
DA:194,0
DA:200,0
DA:206,0
DA:209,0
DA:212,0
DA:213,0
DA:216,0
DA:218,0
DA:228,0
DA:229,0
DA:230,0
DA:233,0
DA:238,0
DA:239,0
DA:240,0
DA:242,0
DA:243,0
DA:244,0
DA:245,0
DA:246,0
DA:247,0
DA:255,0
DA:256,0
DA:259,0
DA:260,0
DA:261,0
DA:263,0
DA:264,0
DA:265,0
DA:266,0
DA:267,0
DA:270,0
DA:272,0
DA:280,0
DA:281,0
DA:284,0
DA:285,0
DA:286,0
DA:287,0
DA:289,0
DA:290,0
DA:292,0
DA:293,0
DA:301,0
DA:302,0
DA:305,0
DA:306,0
DA:307,0
DA:308,0
DA:310,0
DA:318,0
DA:319,0
DA:320,0
DA:323,0
DA:331,0
DA:332,0
DA:333,0
DA:335,0
DA:336,0
DA:337,0
DA:338,0
DA:346,0
DA:347,0
DA:353,0
DA:355,0
DA:360,0
DA:361,0
DA:375,0
DA:376,0
DA:384,0
DA:385,0
DA:387,0
DA:388,0
DA:400,0
DA:401,0
DA:404,0
DA:406,0
DA:409,0
DA:410,0
DA:414,0
DA:420,0
DA:421,0
DA:422,0
DA:425,0
LF:155
LH:1
BRDA:37,0,0,0
BRDA:37,0,1,0
BRDA:48,1,0,0
BRDA:48,1,1,0
BRDA:56,2,0,0
BRDA:56,2,1,0
BRDA:66,3,0,0
BRDA:66,3,1,0
BRDA:100,4,0,0
BRDA:100,4,1,0
BRDA:102,5,0,0
BRDA:102,5,1,0
BRDA:102,6,0,0
BRDA:102,6,1,0
BRDA:113,7,0,0
BRDA:113,7,1,0
BRDA:125,8,0,0
BRDA:125,8,1,0
BRDA:144,9,0,0
BRDA:144,9,1,0
BRDA:172,10,0,0
BRDA:172,10,1,0
BRDA:182,11,0,0
BRDA:182,11,1,0
BRDA:220,12,0,0
BRDA:220,12,1,0
BRDA:228,13,0,0
BRDA:228,13,1,0
BRDA:243,14,0,0
BRDA:243,14,1,0
BRDA:244,15,0,0
BRDA:244,15,1,0
BRDA:255,16,0,0
BRDA:255,16,1,0
BRDA:265,17,0,0
BRDA:265,17,1,0
BRDA:280,18,0,0
BRDA:280,18,1,0
BRDA:301,19,0,0
BRDA:301,19,1,0
BRDA:318,20,0,0
BRDA:318,20,1,0
BRDA:353,21,0,0
BRDA:353,21,1,0
BRDA:356,22,0,0
BRDA:356,22,1,0
BRDA:357,23,0,0
BRDA:357,23,1,0
BRDA:384,24,0,0
BRDA:384,24,1,0
BRDA:400,25,0,0
BRDA:400,25,1,0
BRDA:409,26,0,0
BRDA:409,26,1,0
BRDA:420,27,0,0
BRDA:420,27,1,0
BRDA:420,28,0,0
BRDA:420,28,1,0
BRF:58
BRH:0
end_of_record
